[2025-09-06T16:48:30.395+0000] {processor.py:161} INFO - Started process (PID=168) to work on /opt/airflow/dags/exampledag.py
[2025-09-06T16:48:30.396+0000] {processor.py:830} INFO - Processing file /opt/airflow/dags/exampledag.py for tasks to queue
[2025-09-06T16:48:30.397+0000] {logging_mixin.py:188} INFO - [2025-09-06T16:48:30.396+0000] {dagbag.py:538} INFO - Filling up the DagBag from /opt/airflow/dags/exampledag.py
[2025-09-06T16:48:30.417+0000] {logging_mixin.py:188} INFO - [2025-09-06T16:48:30.414+0000] {dagbag.py:348} ERROR - Failed to import: /opt/airflow/dags/exampledag.py
Traceback (most recent call last):
  File "/home/airflow/.local/lib/python3.8/site-packages/airflow/models/dagbag.py", line 344, in parse
    loader.exec_module(new_module)
  File "<frozen importlib._bootstrap_external>", line 843, in exec_module
  File "<frozen importlib._bootstrap>", line 219, in _call_with_frames_removed
  File "/opt/airflow/dags/exampledag.py", line 100, in <module>
    example_astronauts()
  File "/home/airflow/.local/lib/python3.8/site-packages/airflow/models/dag.py", line 3944, in factory
    f(**f_kwargs)
  File "/opt/airflow/dags/exampledag.py", line 44, in example_astronauts
    def get_astronauts(**context) -> list[dict]:
TypeError: 'type' object is not subscriptable
[2025-09-06T16:48:30.418+0000] {processor.py:842} WARNING - No viable dags retrieved from /opt/airflow/dags/exampledag.py
[2025-09-06T16:48:30.434+0000] {processor.py:183} INFO - Processing /opt/airflow/dags/exampledag.py took 0.043 seconds
[2025-09-06T16:49:22.977+0000] {processor.py:161} INFO - Started process (PID=201) to work on /opt/airflow/dags/exampledag.py
[2025-09-06T16:49:22.978+0000] {processor.py:830} INFO - Processing file /opt/airflow/dags/exampledag.py for tasks to queue
[2025-09-06T16:49:22.978+0000] {logging_mixin.py:188} INFO - [2025-09-06T16:49:22.978+0000] {dagbag.py:538} INFO - Filling up the DagBag from /opt/airflow/dags/exampledag.py
[2025-09-06T16:49:22.995+0000] {logging_mixin.py:188} INFO - [2025-09-06T16:49:22.992+0000] {dagbag.py:348} ERROR - Failed to import: /opt/airflow/dags/exampledag.py
Traceback (most recent call last):
  File "/home/airflow/.local/lib/python3.8/site-packages/airflow/models/dagbag.py", line 344, in parse
    loader.exec_module(new_module)
  File "<frozen importlib._bootstrap_external>", line 843, in exec_module
  File "<frozen importlib._bootstrap>", line 219, in _call_with_frames_removed
  File "/opt/airflow/dags/exampledag.py", line 100, in <module>
    example_astronauts()
  File "/home/airflow/.local/lib/python3.8/site-packages/airflow/models/dag.py", line 3944, in factory
    f(**f_kwargs)
  File "/opt/airflow/dags/exampledag.py", line 44, in example_astronauts
    def get_astronauts(**context) -> list[dict]:
TypeError: 'type' object is not subscriptable
[2025-09-06T16:49:22.995+0000] {processor.py:842} WARNING - No viable dags retrieved from /opt/airflow/dags/exampledag.py
[2025-09-06T16:49:23.006+0000] {processor.py:183} INFO - Processing /opt/airflow/dags/exampledag.py took 0.032 seconds
[2025-09-06T16:49:53.357+0000] {processor.py:161} INFO - Started process (PID=217) to work on /opt/airflow/dags/exampledag.py
[2025-09-06T16:49:53.358+0000] {processor.py:830} INFO - Processing file /opt/airflow/dags/exampledag.py for tasks to queue
[2025-09-06T16:49:53.358+0000] {logging_mixin.py:188} INFO - [2025-09-06T16:49:53.358+0000] {dagbag.py:538} INFO - Filling up the DagBag from /opt/airflow/dags/exampledag.py
[2025-09-06T16:49:53.380+0000] {logging_mixin.py:188} INFO - [2025-09-06T16:49:53.377+0000] {dagbag.py:348} ERROR - Failed to import: /opt/airflow/dags/exampledag.py
Traceback (most recent call last):
  File "/home/airflow/.local/lib/python3.8/site-packages/airflow/models/dagbag.py", line 344, in parse
    loader.exec_module(new_module)
  File "<frozen importlib._bootstrap_external>", line 843, in exec_module
  File "<frozen importlib._bootstrap>", line 219, in _call_with_frames_removed
  File "/opt/airflow/dags/exampledag.py", line 100, in <module>
    example_astronauts()
  File "/home/airflow/.local/lib/python3.8/site-packages/airflow/models/dag.py", line 3944, in factory
    f(**f_kwargs)
  File "/opt/airflow/dags/exampledag.py", line 44, in example_astronauts
    def get_astronauts(**context) -> list[dict]:
TypeError: 'type' object is not subscriptable
[2025-09-06T16:49:53.381+0000] {processor.py:842} WARNING - No viable dags retrieved from /opt/airflow/dags/exampledag.py
[2025-09-06T16:49:53.402+0000] {processor.py:183} INFO - Processing /opt/airflow/dags/exampledag.py took 0.047 seconds
[2025-09-06T16:50:23.783+0000] {processor.py:161} INFO - Started process (PID=228) to work on /opt/airflow/dags/exampledag.py
[2025-09-06T16:50:23.784+0000] {processor.py:830} INFO - Processing file /opt/airflow/dags/exampledag.py for tasks to queue
[2025-09-06T16:50:23.785+0000] {logging_mixin.py:188} INFO - [2025-09-06T16:50:23.785+0000] {dagbag.py:538} INFO - Filling up the DagBag from /opt/airflow/dags/exampledag.py
[2025-09-06T16:50:23.801+0000] {logging_mixin.py:188} INFO - [2025-09-06T16:50:23.799+0000] {dagbag.py:348} ERROR - Failed to import: /opt/airflow/dags/exampledag.py
Traceback (most recent call last):
  File "/home/airflow/.local/lib/python3.8/site-packages/airflow/models/dagbag.py", line 344, in parse
    loader.exec_module(new_module)
  File "<frozen importlib._bootstrap_external>", line 843, in exec_module
  File "<frozen importlib._bootstrap>", line 219, in _call_with_frames_removed
  File "/opt/airflow/dags/exampledag.py", line 100, in <module>
    example_astronauts()
  File "/home/airflow/.local/lib/python3.8/site-packages/airflow/models/dag.py", line 3944, in factory
    f(**f_kwargs)
  File "/opt/airflow/dags/exampledag.py", line 44, in example_astronauts
    def get_astronauts(**context) -> list[dict]:
TypeError: 'type' object is not subscriptable
[2025-09-06T16:50:23.802+0000] {processor.py:842} WARNING - No viable dags retrieved from /opt/airflow/dags/exampledag.py
[2025-09-06T16:50:23.816+0000] {processor.py:183} INFO - Processing /opt/airflow/dags/exampledag.py took 0.036 seconds
[2025-09-06T16:50:40.993+0000] {processor.py:161} INFO - Started process (PID=251) to work on /opt/airflow/dags/exampledag.py
[2025-09-06T16:50:40.994+0000] {processor.py:830} INFO - Processing file /opt/airflow/dags/exampledag.py for tasks to queue
[2025-09-06T16:50:40.994+0000] {logging_mixin.py:188} INFO - [2025-09-06T16:50:40.994+0000] {dagbag.py:538} INFO - Filling up the DagBag from /opt/airflow/dags/exampledag.py
[2025-09-06T16:50:41.013+0000] {processor.py:840} INFO - DAG(s) 'example_astronauts' retrieved from /opt/airflow/dags/exampledag.py
[2025-09-06T16:50:41.080+0000] {logging_mixin.py:188} INFO - [2025-09-06T16:50:41.079+0000] {override.py:1769} INFO - Created Permission View: can read on DAG:example_astronauts
[2025-09-06T16:50:41.084+0000] {logging_mixin.py:188} INFO - [2025-09-06T16:50:41.084+0000] {override.py:1769} INFO - Created Permission View: can edit on DAG:example_astronauts
[2025-09-06T16:50:41.086+0000] {logging_mixin.py:188} INFO - [2025-09-06T16:50:41.086+0000] {override.py:1769} INFO - Created Permission View: can delete on DAG:example_astronauts
[2025-09-06T16:50:41.087+0000] {logging_mixin.py:188} INFO - [2025-09-06T16:50:41.087+0000] {dag.py:3036} INFO - Sync 1 DAGs
[2025-09-06T16:50:41.092+0000] {logging_mixin.py:188} INFO - [2025-09-06T16:50:41.092+0000] {dag.py:3058} INFO - Creating ORM DAG for example_astronauts
[2025-09-06T16:50:41.098+0000] {logging_mixin.py:188} INFO - [2025-09-06T16:50:41.098+0000] {dag.py:3823} INFO - Setting next_dagrun for example_astronauts to 2025-09-05 00:00:00+00:00, run_after=2025-09-06 00:00:00+00:00
[2025-09-06T16:50:41.110+0000] {processor.py:183} INFO - Processing /opt/airflow/dags/exampledag.py took 0.120 seconds
[2025-09-06T16:51:11.290+0000] {processor.py:161} INFO - Started process (PID=269) to work on /opt/airflow/dags/exampledag.py
[2025-09-06T16:51:11.291+0000] {processor.py:830} INFO - Processing file /opt/airflow/dags/exampledag.py for tasks to queue
[2025-09-06T16:51:11.292+0000] {logging_mixin.py:188} INFO - [2025-09-06T16:51:11.292+0000] {dagbag.py:538} INFO - Filling up the DagBag from /opt/airflow/dags/exampledag.py
[2025-09-06T16:51:11.310+0000] {processor.py:840} INFO - DAG(s) 'example_astronauts' retrieved from /opt/airflow/dags/exampledag.py
[2025-09-06T16:51:11.326+0000] {logging_mixin.py:188} INFO - [2025-09-06T16:51:11.326+0000] {dag.py:3036} INFO - Sync 1 DAGs
[2025-09-06T16:51:11.339+0000] {logging_mixin.py:188} INFO - [2025-09-06T16:51:11.338+0000] {dag.py:3823} INFO - Setting next_dagrun for example_astronauts to 2025-09-05 00:00:00+00:00, run_after=2025-09-06 00:00:00+00:00
[2025-09-06T16:51:11.349+0000] {processor.py:183} INFO - Processing /opt/airflow/dags/exampledag.py took 0.065 seconds
[2025-09-06T16:51:41.698+0000] {processor.py:161} INFO - Started process (PID=279) to work on /opt/airflow/dags/exampledag.py
[2025-09-06T16:51:41.699+0000] {processor.py:830} INFO - Processing file /opt/airflow/dags/exampledag.py for tasks to queue
[2025-09-06T16:51:41.700+0000] {logging_mixin.py:188} INFO - [2025-09-06T16:51:41.700+0000] {dagbag.py:538} INFO - Filling up the DagBag from /opt/airflow/dags/exampledag.py
[2025-09-06T16:51:41.713+0000] {processor.py:840} INFO - DAG(s) 'example_astronauts' retrieved from /opt/airflow/dags/exampledag.py
[2025-09-06T16:51:41.728+0000] {logging_mixin.py:188} INFO - [2025-09-06T16:51:41.728+0000] {dag.py:3036} INFO - Sync 1 DAGs
[2025-09-06T16:51:41.740+0000] {logging_mixin.py:188} INFO - [2025-09-06T16:51:41.739+0000] {dag.py:3823} INFO - Setting next_dagrun for example_astronauts to 2025-09-05 00:00:00+00:00, run_after=2025-09-06 00:00:00+00:00
[2025-09-06T16:51:41.751+0000] {processor.py:183} INFO - Processing /opt/airflow/dags/exampledag.py took 0.055 seconds
[2025-09-06T17:01:15.367+0000] {processor.py:161} INFO - Started process (PID=168) to work on /opt/airflow/dags/exampledag.py
[2025-09-06T17:01:15.369+0000] {processor.py:830} INFO - Processing file /opt/airflow/dags/exampledag.py for tasks to queue
[2025-09-06T17:01:15.370+0000] {logging_mixin.py:188} INFO - [2025-09-06T17:01:15.369+0000] {dagbag.py:538} INFO - Filling up the DagBag from /opt/airflow/dags/exampledag.py
[2025-09-06T17:01:15.388+0000] {processor.py:840} INFO - DAG(s) 'example_astronauts' retrieved from /opt/airflow/dags/exampledag.py
[2025-09-06T17:01:15.397+0000] {logging_mixin.py:188} INFO - [2025-09-06T17:01:15.397+0000] {dag.py:3036} INFO - Sync 1 DAGs
[2025-09-06T17:01:15.411+0000] {logging_mixin.py:188} INFO - [2025-09-06T17:01:15.411+0000] {dag.py:3823} INFO - Setting next_dagrun for example_astronauts to 2025-09-05 00:00:00+00:00, run_after=2025-09-06 00:00:00+00:00
[2025-09-06T17:01:15.423+0000] {processor.py:183} INFO - Processing /opt/airflow/dags/exampledag.py took 0.062 seconds
[2025-09-06T17:01:44.617+0000] {processor.py:161} INFO - Started process (PID=168) to work on /opt/airflow/dags/exampledag.py
[2025-09-06T17:01:44.618+0000] {processor.py:830} INFO - Processing file /opt/airflow/dags/exampledag.py for tasks to queue
[2025-09-06T17:01:44.618+0000] {logging_mixin.py:188} INFO - [2025-09-06T17:01:44.618+0000] {dagbag.py:538} INFO - Filling up the DagBag from /opt/airflow/dags/exampledag.py
[2025-09-06T17:01:44.630+0000] {processor.py:840} INFO - DAG(s) 'example_astronauts' retrieved from /opt/airflow/dags/exampledag.py
[2025-09-06T17:01:44.638+0000] {logging_mixin.py:188} INFO - [2025-09-06T17:01:44.638+0000] {dag.py:3036} INFO - Sync 1 DAGs
[2025-09-06T17:01:44.652+0000] {logging_mixin.py:188} INFO - [2025-09-06T17:01:44.652+0000] {dag.py:3823} INFO - Setting next_dagrun for example_astronauts to 2025-09-05 00:00:00+00:00, run_after=2025-09-06 00:00:00+00:00
[2025-09-06T17:01:44.668+0000] {processor.py:183} INFO - Processing /opt/airflow/dags/exampledag.py took 0.052 seconds
[2025-09-06T17:02:14.982+0000] {processor.py:161} INFO - Started process (PID=190) to work on /opt/airflow/dags/exampledag.py
[2025-09-06T17:02:14.983+0000] {processor.py:830} INFO - Processing file /opt/airflow/dags/exampledag.py for tasks to queue
[2025-09-06T17:02:14.983+0000] {logging_mixin.py:188} INFO - [2025-09-06T17:02:14.983+0000] {dagbag.py:538} INFO - Filling up the DagBag from /opt/airflow/dags/exampledag.py
[2025-09-06T17:02:15.000+0000] {processor.py:840} INFO - DAG(s) 'example_astronauts' retrieved from /opt/airflow/dags/exampledag.py
[2025-09-06T17:02:15.064+0000] {logging_mixin.py:188} INFO - [2025-09-06T17:02:15.064+0000] {dag.py:3036} INFO - Sync 1 DAGs
[2025-09-06T17:02:15.077+0000] {logging_mixin.py:188} INFO - [2025-09-06T17:02:15.077+0000] {dag.py:3823} INFO - Setting next_dagrun for example_astronauts to 2025-09-05 00:00:00+00:00, run_after=2025-09-06 00:00:00+00:00
[2025-09-06T17:02:15.091+0000] {processor.py:183} INFO - Processing /opt/airflow/dags/exampledag.py took 0.111 seconds
[2025-09-06T17:02:45.493+0000] {processor.py:161} INFO - Started process (PID=202) to work on /opt/airflow/dags/exampledag.py
[2025-09-06T17:02:45.493+0000] {processor.py:830} INFO - Processing file /opt/airflow/dags/exampledag.py for tasks to queue
[2025-09-06T17:02:45.494+0000] {logging_mixin.py:188} INFO - [2025-09-06T17:02:45.494+0000] {dagbag.py:538} INFO - Filling up the DagBag from /opt/airflow/dags/exampledag.py
[2025-09-06T17:02:45.512+0000] {processor.py:840} INFO - DAG(s) 'example_astronauts' retrieved from /opt/airflow/dags/exampledag.py
[2025-09-06T17:02:45.528+0000] {logging_mixin.py:188} INFO - [2025-09-06T17:02:45.528+0000] {dag.py:3036} INFO - Sync 1 DAGs
[2025-09-06T17:02:45.541+0000] {logging_mixin.py:188} INFO - [2025-09-06T17:02:45.541+0000] {dag.py:3823} INFO - Setting next_dagrun for example_astronauts to 2025-09-05 00:00:00+00:00, run_after=2025-09-06 00:00:00+00:00
[2025-09-06T17:02:45.552+0000] {processor.py:183} INFO - Processing /opt/airflow/dags/exampledag.py took 0.062 seconds
[2025-09-06T17:03:15.827+0000] {processor.py:161} INFO - Started process (PID=212) to work on /opt/airflow/dags/exampledag.py
[2025-09-06T17:03:15.828+0000] {processor.py:830} INFO - Processing file /opt/airflow/dags/exampledag.py for tasks to queue
[2025-09-06T17:03:15.828+0000] {logging_mixin.py:188} INFO - [2025-09-06T17:03:15.828+0000] {dagbag.py:538} INFO - Filling up the DagBag from /opt/airflow/dags/exampledag.py
[2025-09-06T17:03:15.842+0000] {processor.py:840} INFO - DAG(s) 'example_astronauts' retrieved from /opt/airflow/dags/exampledag.py
[2025-09-06T17:03:15.855+0000] {logging_mixin.py:188} INFO - [2025-09-06T17:03:15.855+0000] {dag.py:3036} INFO - Sync 1 DAGs
[2025-09-06T17:03:15.867+0000] {logging_mixin.py:188} INFO - [2025-09-06T17:03:15.866+0000] {dag.py:3823} INFO - Setting next_dagrun for example_astronauts to 2025-09-05 00:00:00+00:00, run_after=2025-09-06 00:00:00+00:00
[2025-09-06T17:03:15.879+0000] {processor.py:183} INFO - Processing /opt/airflow/dags/exampledag.py took 0.054 seconds
[2025-09-06T17:03:46.230+0000] {processor.py:161} INFO - Started process (PID=222) to work on /opt/airflow/dags/exampledag.py
[2025-09-06T17:03:46.231+0000] {processor.py:830} INFO - Processing file /opt/airflow/dags/exampledag.py for tasks to queue
[2025-09-06T17:03:46.231+0000] {logging_mixin.py:188} INFO - [2025-09-06T17:03:46.231+0000] {dagbag.py:538} INFO - Filling up the DagBag from /opt/airflow/dags/exampledag.py
[2025-09-06T17:03:46.249+0000] {processor.py:840} INFO - DAG(s) 'example_astronauts' retrieved from /opt/airflow/dags/exampledag.py
[2025-09-06T17:03:46.263+0000] {logging_mixin.py:188} INFO - [2025-09-06T17:03:46.263+0000] {dag.py:3036} INFO - Sync 1 DAGs
[2025-09-06T17:03:46.275+0000] {logging_mixin.py:188} INFO - [2025-09-06T17:03:46.275+0000] {dag.py:3823} INFO - Setting next_dagrun for example_astronauts to 2025-09-05 00:00:00+00:00, run_after=2025-09-06 00:00:00+00:00
[2025-09-06T17:03:46.286+0000] {processor.py:183} INFO - Processing /opt/airflow/dags/exampledag.py took 0.060 seconds
[2025-09-06T17:04:16.656+0000] {processor.py:161} INFO - Started process (PID=238) to work on /opt/airflow/dags/exampledag.py
[2025-09-06T17:04:16.657+0000] {processor.py:830} INFO - Processing file /opt/airflow/dags/exampledag.py for tasks to queue
[2025-09-06T17:04:16.658+0000] {logging_mixin.py:188} INFO - [2025-09-06T17:04:16.657+0000] {dagbag.py:538} INFO - Filling up the DagBag from /opt/airflow/dags/exampledag.py
[2025-09-06T17:04:16.674+0000] {processor.py:840} INFO - DAG(s) 'example_astronauts' retrieved from /opt/airflow/dags/exampledag.py
[2025-09-06T17:04:16.689+0000] {logging_mixin.py:188} INFO - [2025-09-06T17:04:16.689+0000] {dag.py:3036} INFO - Sync 1 DAGs
[2025-09-06T17:04:16.701+0000] {logging_mixin.py:188} INFO - [2025-09-06T17:04:16.701+0000] {dag.py:3823} INFO - Setting next_dagrun for example_astronauts to 2025-09-05 00:00:00+00:00, run_after=2025-09-06 00:00:00+00:00
[2025-09-06T17:04:16.714+0000] {processor.py:183} INFO - Processing /opt/airflow/dags/exampledag.py took 0.062 seconds
[2025-09-06T17:05:43.821+0000] {processor.py:161} INFO - Started process (PID=166) to work on /opt/airflow/dags/exampledag.py
[2025-09-06T17:05:43.822+0000] {processor.py:830} INFO - Processing file /opt/airflow/dags/exampledag.py for tasks to queue
[2025-09-06T17:05:43.823+0000] {logging_mixin.py:188} INFO - [2025-09-06T17:05:43.823+0000] {dagbag.py:538} INFO - Filling up the DagBag from /opt/airflow/dags/exampledag.py
[2025-09-06T17:05:43.845+0000] {processor.py:840} INFO - DAG(s) 'example_astronauts' retrieved from /opt/airflow/dags/exampledag.py
[2025-09-06T17:05:43.853+0000] {logging_mixin.py:188} INFO - [2025-09-06T17:05:43.853+0000] {dag.py:3036} INFO - Sync 1 DAGs
[2025-09-06T17:05:43.873+0000] {logging_mixin.py:188} INFO - [2025-09-06T17:05:43.873+0000] {dag.py:3823} INFO - Setting next_dagrun for example_astronauts to 2025-09-05 00:00:00+00:00, run_after=2025-09-06 00:00:00+00:00
[2025-09-06T17:05:43.892+0000] {processor.py:183} INFO - Processing /opt/airflow/dags/exampledag.py took 0.074 seconds
[2025-09-06T17:06:14.064+0000] {processor.py:161} INFO - Started process (PID=176) to work on /opt/airflow/dags/exampledag.py
[2025-09-06T17:06:14.065+0000] {processor.py:830} INFO - Processing file /opt/airflow/dags/exampledag.py for tasks to queue
[2025-09-06T17:06:14.066+0000] {logging_mixin.py:188} INFO - [2025-09-06T17:06:14.065+0000] {dagbag.py:538} INFO - Filling up the DagBag from /opt/airflow/dags/exampledag.py
[2025-09-06T17:06:14.081+0000] {processor.py:840} INFO - DAG(s) 'example_astronauts' retrieved from /opt/airflow/dags/exampledag.py
[2025-09-06T17:06:14.088+0000] {logging_mixin.py:188} INFO - [2025-09-06T17:06:14.087+0000] {dag.py:3036} INFO - Sync 1 DAGs
[2025-09-06T17:06:14.101+0000] {logging_mixin.py:188} INFO - [2025-09-06T17:06:14.101+0000] {dag.py:3823} INFO - Setting next_dagrun for example_astronauts to 2025-09-05 00:00:00+00:00, run_after=2025-09-06 00:00:00+00:00
[2025-09-06T17:06:14.112+0000] {processor.py:183} INFO - Processing /opt/airflow/dags/exampledag.py took 0.049 seconds
[2025-09-06T17:06:27.813+0000] {processor.py:161} INFO - Started process (PID=166) to work on /opt/airflow/dags/exampledag.py
[2025-09-06T17:06:27.813+0000] {processor.py:830} INFO - Processing file /opt/airflow/dags/exampledag.py for tasks to queue
[2025-09-06T17:06:27.814+0000] {logging_mixin.py:188} INFO - [2025-09-06T17:06:27.814+0000] {dagbag.py:538} INFO - Filling up the DagBag from /opt/airflow/dags/exampledag.py
[2025-09-06T17:06:27.831+0000] {processor.py:840} INFO - DAG(s) 'example_astronauts' retrieved from /opt/airflow/dags/exampledag.py
[2025-09-06T17:06:27.838+0000] {logging_mixin.py:188} INFO - [2025-09-06T17:06:27.838+0000] {dag.py:3036} INFO - Sync 1 DAGs
[2025-09-06T17:06:27.853+0000] {logging_mixin.py:188} INFO - [2025-09-06T17:06:27.853+0000] {dag.py:3823} INFO - Setting next_dagrun for example_astronauts to 2025-09-05 00:00:00+00:00, run_after=2025-09-06 00:00:00+00:00
[2025-09-06T17:06:27.867+0000] {processor.py:183} INFO - Processing /opt/airflow/dags/exampledag.py took 0.057 seconds
[2025-09-06T17:06:58.033+0000] {processor.py:161} INFO - Started process (PID=176) to work on /opt/airflow/dags/exampledag.py
[2025-09-06T17:06:58.033+0000] {processor.py:830} INFO - Processing file /opt/airflow/dags/exampledag.py for tasks to queue
[2025-09-06T17:06:58.034+0000] {logging_mixin.py:188} INFO - [2025-09-06T17:06:58.034+0000] {dagbag.py:538} INFO - Filling up the DagBag from /opt/airflow/dags/exampledag.py
[2025-09-06T17:06:58.052+0000] {processor.py:840} INFO - DAG(s) 'example_astronauts' retrieved from /opt/airflow/dags/exampledag.py
[2025-09-06T17:06:58.061+0000] {logging_mixin.py:188} INFO - [2025-09-06T17:06:58.060+0000] {dag.py:3036} INFO - Sync 1 DAGs
[2025-09-06T17:06:58.078+0000] {logging_mixin.py:188} INFO - [2025-09-06T17:06:58.078+0000] {dag.py:3823} INFO - Setting next_dagrun for example_astronauts to 2025-09-05 00:00:00+00:00, run_after=2025-09-06 00:00:00+00:00
[2025-09-06T17:06:58.089+0000] {processor.py:183} INFO - Processing /opt/airflow/dags/exampledag.py took 0.059 seconds
[2025-09-06T17:07:28.344+0000] {processor.py:161} INFO - Started process (PID=186) to work on /opt/airflow/dags/exampledag.py
[2025-09-06T17:07:28.345+0000] {processor.py:830} INFO - Processing file /opt/airflow/dags/exampledag.py for tasks to queue
[2025-09-06T17:07:28.345+0000] {logging_mixin.py:188} INFO - [2025-09-06T17:07:28.345+0000] {dagbag.py:538} INFO - Filling up the DagBag from /opt/airflow/dags/exampledag.py
[2025-09-06T17:07:28.361+0000] {processor.py:840} INFO - DAG(s) 'example_astronauts' retrieved from /opt/airflow/dags/exampledag.py
[2025-09-06T17:07:28.369+0000] {logging_mixin.py:188} INFO - [2025-09-06T17:07:28.369+0000] {dag.py:3036} INFO - Sync 1 DAGs
[2025-09-06T17:07:28.382+0000] {logging_mixin.py:188} INFO - [2025-09-06T17:07:28.382+0000] {dag.py:3823} INFO - Setting next_dagrun for example_astronauts to 2025-09-05 00:00:00+00:00, run_after=2025-09-06 00:00:00+00:00
[2025-09-06T17:07:28.396+0000] {processor.py:183} INFO - Processing /opt/airflow/dags/exampledag.py took 0.054 seconds
[2025-09-06T17:08:19.825+0000] {processor.py:161} INFO - Started process (PID=39) to work on /opt/airflow/dags/exampledag.py
[2025-09-06T17:08:19.830+0000] {processor.py:830} INFO - Processing file /opt/airflow/dags/exampledag.py for tasks to queue
[2025-09-06T17:08:19.832+0000] {logging_mixin.py:188} INFO - [2025-09-06T17:08:19.832+0000] {dagbag.py:538} INFO - Filling up the DagBag from /opt/airflow/dags/exampledag.py
[2025-09-06T17:08:19.869+0000] {processor.py:840} INFO - DAG(s) 'example_astronauts' retrieved from /opt/airflow/dags/exampledag.py
[2025-09-06T17:08:20.039+0000] {logging_mixin.py:188} INFO - [2025-09-06T17:08:20.039+0000] {dag.py:3036} INFO - Sync 1 DAGs
[2025-09-06T17:08:20.055+0000] {logging_mixin.py:188} INFO - [2025-09-06T17:08:20.055+0000] {dag.py:3823} INFO - Setting next_dagrun for example_astronauts to 2025-09-05 00:00:00+00:00, run_after=2025-09-06 00:00:00+00:00
[2025-09-06T17:08:20.089+0000] {processor.py:183} INFO - Processing /opt/airflow/dags/exampledag.py took 0.268 seconds
[2025-09-06T17:08:50.338+0000] {processor.py:161} INFO - Started process (PID=46) to work on /opt/airflow/dags/exampledag.py
[2025-09-06T17:08:50.339+0000] {processor.py:830} INFO - Processing file /opt/airflow/dags/exampledag.py for tasks to queue
[2025-09-06T17:08:50.340+0000] {logging_mixin.py:188} INFO - [2025-09-06T17:08:50.340+0000] {dagbag.py:538} INFO - Filling up the DagBag from /opt/airflow/dags/exampledag.py
[2025-09-06T17:08:50.366+0000] {processor.py:840} INFO - DAG(s) 'example_astronauts' retrieved from /opt/airflow/dags/exampledag.py
[2025-09-06T17:08:50.382+0000] {logging_mixin.py:188} INFO - [2025-09-06T17:08:50.381+0000] {dag.py:3036} INFO - Sync 1 DAGs
[2025-09-06T17:08:50.395+0000] {logging_mixin.py:188} INFO - [2025-09-06T17:08:50.395+0000] {dag.py:3823} INFO - Setting next_dagrun for example_astronauts to 2025-09-05 00:00:00+00:00, run_after=2025-09-06 00:00:00+00:00
[2025-09-06T17:08:50.407+0000] {processor.py:183} INFO - Processing /opt/airflow/dags/exampledag.py took 0.072 seconds
[2025-09-06T17:09:20.701+0000] {processor.py:161} INFO - Started process (PID=54) to work on /opt/airflow/dags/exampledag.py
[2025-09-06T17:09:20.702+0000] {processor.py:830} INFO - Processing file /opt/airflow/dags/exampledag.py for tasks to queue
[2025-09-06T17:09:20.706+0000] {logging_mixin.py:188} INFO - [2025-09-06T17:09:20.705+0000] {dagbag.py:538} INFO - Filling up the DagBag from /opt/airflow/dags/exampledag.py
[2025-09-06T17:09:20.725+0000] {processor.py:840} INFO - DAG(s) 'example_astronauts' retrieved from /opt/airflow/dags/exampledag.py
[2025-09-06T17:09:20.746+0000] {logging_mixin.py:188} INFO - [2025-09-06T17:09:20.746+0000] {dag.py:3036} INFO - Sync 1 DAGs
[2025-09-06T17:09:20.760+0000] {logging_mixin.py:188} INFO - [2025-09-06T17:09:20.759+0000] {dag.py:3823} INFO - Setting next_dagrun for example_astronauts to 2025-09-05 00:00:00+00:00, run_after=2025-09-06 00:00:00+00:00
[2025-09-06T17:09:20.773+0000] {processor.py:183} INFO - Processing /opt/airflow/dags/exampledag.py took 0.080 seconds
[2025-09-06T17:09:51.139+0000] {processor.py:161} INFO - Started process (PID=62) to work on /opt/airflow/dags/exampledag.py
[2025-09-06T17:09:51.140+0000] {processor.py:830} INFO - Processing file /opt/airflow/dags/exampledag.py for tasks to queue
[2025-09-06T17:09:51.142+0000] {logging_mixin.py:188} INFO - [2025-09-06T17:09:51.142+0000] {dagbag.py:538} INFO - Filling up the DagBag from /opt/airflow/dags/exampledag.py
[2025-09-06T17:09:51.163+0000] {processor.py:840} INFO - DAG(s) 'example_astronauts' retrieved from /opt/airflow/dags/exampledag.py
[2025-09-06T17:09:51.180+0000] {logging_mixin.py:188} INFO - [2025-09-06T17:09:51.180+0000] {dag.py:3036} INFO - Sync 1 DAGs
[2025-09-06T17:09:51.194+0000] {logging_mixin.py:188} INFO - [2025-09-06T17:09:51.193+0000] {dag.py:3823} INFO - Setting next_dagrun for example_astronauts to 2025-09-05 00:00:00+00:00, run_after=2025-09-06 00:00:00+00:00
[2025-09-06T17:09:51.208+0000] {processor.py:183} INFO - Processing /opt/airflow/dags/exampledag.py took 0.072 seconds
[2025-09-06T17:10:21.541+0000] {processor.py:161} INFO - Started process (PID=70) to work on /opt/airflow/dags/exampledag.py
[2025-09-06T17:10:21.542+0000] {processor.py:830} INFO - Processing file /opt/airflow/dags/exampledag.py for tasks to queue
[2025-09-06T17:10:21.543+0000] {logging_mixin.py:188} INFO - [2025-09-06T17:10:21.543+0000] {dagbag.py:538} INFO - Filling up the DagBag from /opt/airflow/dags/exampledag.py
[2025-09-06T17:10:21.558+0000] {processor.py:840} INFO - DAG(s) 'example_astronauts' retrieved from /opt/airflow/dags/exampledag.py
[2025-09-06T17:10:21.571+0000] {logging_mixin.py:188} INFO - [2025-09-06T17:10:21.571+0000] {dag.py:3036} INFO - Sync 1 DAGs
[2025-09-06T17:10:21.583+0000] {logging_mixin.py:188} INFO - [2025-09-06T17:10:21.583+0000] {dag.py:3823} INFO - Setting next_dagrun for example_astronauts to 2025-09-05 00:00:00+00:00, run_after=2025-09-06 00:00:00+00:00
[2025-09-06T17:10:21.595+0000] {processor.py:183} INFO - Processing /opt/airflow/dags/exampledag.py took 0.056 seconds
[2025-09-06T17:10:51.802+0000] {processor.py:161} INFO - Started process (PID=78) to work on /opt/airflow/dags/exampledag.py
[2025-09-06T17:10:51.802+0000] {processor.py:830} INFO - Processing file /opt/airflow/dags/exampledag.py for tasks to queue
[2025-09-06T17:10:51.804+0000] {logging_mixin.py:188} INFO - [2025-09-06T17:10:51.804+0000] {dagbag.py:538} INFO - Filling up the DagBag from /opt/airflow/dags/exampledag.py
[2025-09-06T17:10:51.827+0000] {processor.py:840} INFO - DAG(s) 'example_astronauts' retrieved from /opt/airflow/dags/exampledag.py
[2025-09-06T17:10:51.845+0000] {logging_mixin.py:188} INFO - [2025-09-06T17:10:51.845+0000] {dag.py:3036} INFO - Sync 1 DAGs
[2025-09-06T17:10:51.863+0000] {logging_mixin.py:188} INFO - [2025-09-06T17:10:51.862+0000] {dag.py:3823} INFO - Setting next_dagrun for example_astronauts to 2025-09-05 00:00:00+00:00, run_after=2025-09-06 00:00:00+00:00
[2025-09-06T17:10:51.876+0000] {processor.py:183} INFO - Processing /opt/airflow/dags/exampledag.py took 0.078 seconds
[2025-09-06T17:11:22.202+0000] {processor.py:161} INFO - Started process (PID=94) to work on /opt/airflow/dags/exampledag.py
[2025-09-06T17:11:22.203+0000] {processor.py:830} INFO - Processing file /opt/airflow/dags/exampledag.py for tasks to queue
[2025-09-06T17:11:22.205+0000] {logging_mixin.py:188} INFO - [2025-09-06T17:11:22.204+0000] {dagbag.py:538} INFO - Filling up the DagBag from /opt/airflow/dags/exampledag.py
[2025-09-06T17:11:22.219+0000] {processor.py:840} INFO - DAG(s) 'example_astronauts' retrieved from /opt/airflow/dags/exampledag.py
[2025-09-06T17:11:22.233+0000] {logging_mixin.py:188} INFO - [2025-09-06T17:11:22.233+0000] {dag.py:3036} INFO - Sync 1 DAGs
[2025-09-06T17:11:22.244+0000] {logging_mixin.py:188} INFO - [2025-09-06T17:11:22.244+0000] {dag.py:3823} INFO - Setting next_dagrun for example_astronauts to 2025-09-05 00:00:00+00:00, run_after=2025-09-06 00:00:00+00:00
[2025-09-06T17:11:22.254+0000] {processor.py:183} INFO - Processing /opt/airflow/dags/exampledag.py took 0.054 seconds
[2025-09-06T17:11:42.896+0000] {processor.py:161} INFO - Started process (PID=37) to work on /opt/airflow/dags/exampledag.py
[2025-09-06T17:11:42.897+0000] {processor.py:830} INFO - Processing file /opt/airflow/dags/exampledag.py for tasks to queue
[2025-09-06T17:11:42.898+0000] {logging_mixin.py:188} INFO - [2025-09-06T17:11:42.898+0000] {dagbag.py:538} INFO - Filling up the DagBag from /opt/airflow/dags/exampledag.py
[2025-09-06T17:11:42.912+0000] {processor.py:840} INFO - DAG(s) 'example_astronauts' retrieved from /opt/airflow/dags/exampledag.py
[2025-09-06T17:11:42.998+0000] {logging_mixin.py:188} INFO - [2025-09-06T17:11:42.997+0000] {dag.py:3036} INFO - Sync 1 DAGs
[2025-09-06T17:11:43.028+0000] {logging_mixin.py:188} INFO - [2025-09-06T17:11:43.028+0000] {dag.py:3823} INFO - Setting next_dagrun for example_astronauts to 2025-09-05 00:00:00+00:00, run_after=2025-09-06 00:00:00+00:00
[2025-09-06T17:11:43.052+0000] {processor.py:183} INFO - Processing /opt/airflow/dags/exampledag.py took 0.160 seconds
[2025-09-06T17:12:13.290+0000] {processor.py:161} INFO - Started process (PID=58) to work on /opt/airflow/dags/exampledag.py
[2025-09-06T17:12:13.291+0000] {processor.py:830} INFO - Processing file /opt/airflow/dags/exampledag.py for tasks to queue
[2025-09-06T17:12:13.292+0000] {logging_mixin.py:188} INFO - [2025-09-06T17:12:13.292+0000] {dagbag.py:538} INFO - Filling up the DagBag from /opt/airflow/dags/exampledag.py
[2025-09-06T17:12:13.308+0000] {processor.py:840} INFO - DAG(s) 'example_astronauts' retrieved from /opt/airflow/dags/exampledag.py
[2025-09-06T17:12:13.322+0000] {logging_mixin.py:188} INFO - [2025-09-06T17:12:13.322+0000] {dag.py:3036} INFO - Sync 1 DAGs
[2025-09-06T17:12:13.333+0000] {logging_mixin.py:188} INFO - [2025-09-06T17:12:13.333+0000] {dag.py:3823} INFO - Setting next_dagrun for example_astronauts to 2025-09-05 00:00:00+00:00, run_after=2025-09-06 00:00:00+00:00
[2025-09-06T17:12:13.348+0000] {processor.py:183} INFO - Processing /opt/airflow/dags/exampledag.py took 0.061 seconds
[2025-09-06T17:12:43.632+0000] {processor.py:161} INFO - Started process (PID=82) to work on /opt/airflow/dags/exampledag.py
[2025-09-06T17:12:43.633+0000] {processor.py:830} INFO - Processing file /opt/airflow/dags/exampledag.py for tasks to queue
[2025-09-06T17:12:43.634+0000] {logging_mixin.py:188} INFO - [2025-09-06T17:12:43.634+0000] {dagbag.py:538} INFO - Filling up the DagBag from /opt/airflow/dags/exampledag.py
[2025-09-06T17:12:43.646+0000] {processor.py:840} INFO - DAG(s) 'example_astronauts' retrieved from /opt/airflow/dags/exampledag.py
[2025-09-06T17:12:43.660+0000] {logging_mixin.py:188} INFO - [2025-09-06T17:12:43.660+0000] {dag.py:3036} INFO - Sync 1 DAGs
[2025-09-06T17:12:43.672+0000] {logging_mixin.py:188} INFO - [2025-09-06T17:12:43.672+0000] {dag.py:3823} INFO - Setting next_dagrun for example_astronauts to 2025-09-05 00:00:00+00:00, run_after=2025-09-06 00:00:00+00:00
[2025-09-06T17:12:43.683+0000] {processor.py:183} INFO - Processing /opt/airflow/dags/exampledag.py took 0.052 seconds
[2025-09-06T17:13:14.008+0000] {processor.py:161} INFO - Started process (PID=104) to work on /opt/airflow/dags/exampledag.py
[2025-09-06T17:13:14.009+0000] {processor.py:830} INFO - Processing file /opt/airflow/dags/exampledag.py for tasks to queue
[2025-09-06T17:13:14.010+0000] {logging_mixin.py:188} INFO - [2025-09-06T17:13:14.010+0000] {dagbag.py:538} INFO - Filling up the DagBag from /opt/airflow/dags/exampledag.py
[2025-09-06T17:13:14.023+0000] {processor.py:840} INFO - DAG(s) 'example_astronauts' retrieved from /opt/airflow/dags/exampledag.py
[2025-09-06T17:13:14.036+0000] {logging_mixin.py:188} INFO - [2025-09-06T17:13:14.036+0000] {dag.py:3036} INFO - Sync 1 DAGs
[2025-09-06T17:13:14.046+0000] {logging_mixin.py:188} INFO - [2025-09-06T17:13:14.046+0000] {dag.py:3823} INFO - Setting next_dagrun for example_astronauts to 2025-09-05 00:00:00+00:00, run_after=2025-09-06 00:00:00+00:00
[2025-09-06T17:13:14.058+0000] {processor.py:183} INFO - Processing /opt/airflow/dags/exampledag.py took 0.053 seconds
[2025-09-06T17:13:44.424+0000] {processor.py:161} INFO - Started process (PID=112) to work on /opt/airflow/dags/exampledag.py
[2025-09-06T17:13:44.425+0000] {processor.py:830} INFO - Processing file /opt/airflow/dags/exampledag.py for tasks to queue
[2025-09-06T17:13:44.426+0000] {logging_mixin.py:188} INFO - [2025-09-06T17:13:44.426+0000] {dagbag.py:538} INFO - Filling up the DagBag from /opt/airflow/dags/exampledag.py
[2025-09-06T17:13:44.440+0000] {processor.py:840} INFO - DAG(s) 'example_astronauts' retrieved from /opt/airflow/dags/exampledag.py
[2025-09-06T17:13:44.452+0000] {logging_mixin.py:188} INFO - [2025-09-06T17:13:44.452+0000] {dag.py:3036} INFO - Sync 1 DAGs
[2025-09-06T17:13:44.463+0000] {logging_mixin.py:188} INFO - [2025-09-06T17:13:44.463+0000] {dag.py:3823} INFO - Setting next_dagrun for example_astronauts to 2025-09-05 00:00:00+00:00, run_after=2025-09-06 00:00:00+00:00
[2025-09-06T17:13:44.474+0000] {processor.py:183} INFO - Processing /opt/airflow/dags/exampledag.py took 0.052 seconds
[2025-09-06T17:14:14.762+0000] {processor.py:161} INFO - Started process (PID=126) to work on /opt/airflow/dags/exampledag.py
[2025-09-06T17:14:14.762+0000] {processor.py:830} INFO - Processing file /opt/airflow/dags/exampledag.py for tasks to queue
[2025-09-06T17:14:14.763+0000] {logging_mixin.py:188} INFO - [2025-09-06T17:14:14.763+0000] {dagbag.py:538} INFO - Filling up the DagBag from /opt/airflow/dags/exampledag.py
[2025-09-06T17:14:14.775+0000] {processor.py:840} INFO - DAG(s) 'example_astronauts' retrieved from /opt/airflow/dags/exampledag.py
[2025-09-06T17:14:14.787+0000] {logging_mixin.py:188} INFO - [2025-09-06T17:14:14.787+0000] {dag.py:3036} INFO - Sync 1 DAGs
[2025-09-06T17:14:14.799+0000] {logging_mixin.py:188} INFO - [2025-09-06T17:14:14.799+0000] {dag.py:3823} INFO - Setting next_dagrun for example_astronauts to 2025-09-05 00:00:00+00:00, run_after=2025-09-06 00:00:00+00:00
[2025-09-06T17:14:14.810+0000] {processor.py:183} INFO - Processing /opt/airflow/dags/exampledag.py took 0.051 seconds
[2025-09-06T17:14:45.038+0000] {processor.py:161} INFO - Started process (PID=140) to work on /opt/airflow/dags/exampledag.py
[2025-09-06T17:14:45.038+0000] {processor.py:830} INFO - Processing file /opt/airflow/dags/exampledag.py for tasks to queue
[2025-09-06T17:14:45.039+0000] {logging_mixin.py:188} INFO - [2025-09-06T17:14:45.039+0000] {dagbag.py:538} INFO - Filling up the DagBag from /opt/airflow/dags/exampledag.py
[2025-09-06T17:14:45.054+0000] {processor.py:840} INFO - DAG(s) 'example_astronauts' retrieved from /opt/airflow/dags/exampledag.py
[2025-09-06T17:14:45.067+0000] {logging_mixin.py:188} INFO - [2025-09-06T17:14:45.067+0000] {dag.py:3036} INFO - Sync 1 DAGs
[2025-09-06T17:14:45.079+0000] {logging_mixin.py:188} INFO - [2025-09-06T17:14:45.079+0000] {dag.py:3823} INFO - Setting next_dagrun for example_astronauts to 2025-09-05 00:00:00+00:00, run_after=2025-09-06 00:00:00+00:00
[2025-09-06T17:14:45.091+0000] {processor.py:183} INFO - Processing /opt/airflow/dags/exampledag.py took 0.056 seconds
[2025-09-06T17:15:15.376+0000] {processor.py:161} INFO - Started process (PID=148) to work on /opt/airflow/dags/exampledag.py
[2025-09-06T17:15:15.377+0000] {processor.py:830} INFO - Processing file /opt/airflow/dags/exampledag.py for tasks to queue
[2025-09-06T17:15:15.378+0000] {logging_mixin.py:188} INFO - [2025-09-06T17:15:15.378+0000] {dagbag.py:538} INFO - Filling up the DagBag from /opt/airflow/dags/exampledag.py
[2025-09-06T17:15:15.392+0000] {processor.py:840} INFO - DAG(s) 'example_astronauts' retrieved from /opt/airflow/dags/exampledag.py
[2025-09-06T17:15:15.405+0000] {logging_mixin.py:188} INFO - [2025-09-06T17:15:15.405+0000] {dag.py:3036} INFO - Sync 1 DAGs
[2025-09-06T17:15:15.415+0000] {logging_mixin.py:188} INFO - [2025-09-06T17:15:15.415+0000] {dag.py:3823} INFO - Setting next_dagrun for example_astronauts to 2025-09-05 00:00:00+00:00, run_after=2025-09-06 00:00:00+00:00
[2025-09-06T17:15:15.425+0000] {processor.py:183} INFO - Processing /opt/airflow/dags/exampledag.py took 0.051 seconds
[2025-09-06T17:15:45.719+0000] {processor.py:161} INFO - Started process (PID=156) to work on /opt/airflow/dags/exampledag.py
[2025-09-06T17:15:45.720+0000] {processor.py:830} INFO - Processing file /opt/airflow/dags/exampledag.py for tasks to queue
[2025-09-06T17:15:45.722+0000] {logging_mixin.py:188} INFO - [2025-09-06T17:15:45.722+0000] {dagbag.py:538} INFO - Filling up the DagBag from /opt/airflow/dags/exampledag.py
[2025-09-06T17:15:45.740+0000] {processor.py:840} INFO - DAG(s) 'example_astronauts' retrieved from /opt/airflow/dags/exampledag.py
[2025-09-06T17:15:45.755+0000] {logging_mixin.py:188} INFO - [2025-09-06T17:15:45.754+0000] {dag.py:3036} INFO - Sync 1 DAGs
[2025-09-06T17:15:45.767+0000] {logging_mixin.py:188} INFO - [2025-09-06T17:15:45.767+0000] {dag.py:3823} INFO - Setting next_dagrun for example_astronauts to 2025-09-05 00:00:00+00:00, run_after=2025-09-06 00:00:00+00:00
[2025-09-06T17:15:45.782+0000] {processor.py:183} INFO - Processing /opt/airflow/dags/exampledag.py took 0.068 seconds
[2025-09-06T17:16:16.051+0000] {processor.py:161} INFO - Started process (PID=170) to work on /opt/airflow/dags/exampledag.py
[2025-09-06T17:16:16.052+0000] {processor.py:830} INFO - Processing file /opt/airflow/dags/exampledag.py for tasks to queue
[2025-09-06T17:16:16.053+0000] {logging_mixin.py:188} INFO - [2025-09-06T17:16:16.053+0000] {dagbag.py:538} INFO - Filling up the DagBag from /opt/airflow/dags/exampledag.py
[2025-09-06T17:16:16.066+0000] {processor.py:840} INFO - DAG(s) 'example_astronauts' retrieved from /opt/airflow/dags/exampledag.py
[2025-09-06T17:16:16.079+0000] {logging_mixin.py:188} INFO - [2025-09-06T17:16:16.079+0000] {dag.py:3036} INFO - Sync 1 DAGs
[2025-09-06T17:16:16.090+0000] {logging_mixin.py:188} INFO - [2025-09-06T17:16:16.090+0000] {dag.py:3823} INFO - Setting next_dagrun for example_astronauts to 2025-09-05 00:00:00+00:00, run_after=2025-09-06 00:00:00+00:00
[2025-09-06T17:16:16.100+0000] {processor.py:183} INFO - Processing /opt/airflow/dags/exampledag.py took 0.051 seconds
[2025-09-06T17:16:46.430+0000] {processor.py:161} INFO - Started process (PID=178) to work on /opt/airflow/dags/exampledag.py
[2025-09-06T17:16:46.431+0000] {processor.py:830} INFO - Processing file /opt/airflow/dags/exampledag.py for tasks to queue
[2025-09-06T17:16:46.433+0000] {logging_mixin.py:188} INFO - [2025-09-06T17:16:46.432+0000] {dagbag.py:538} INFO - Filling up the DagBag from /opt/airflow/dags/exampledag.py
[2025-09-06T17:16:46.453+0000] {processor.py:840} INFO - DAG(s) 'example_astronauts' retrieved from /opt/airflow/dags/exampledag.py
[2025-09-06T17:16:46.468+0000] {logging_mixin.py:188} INFO - [2025-09-06T17:16:46.467+0000] {dag.py:3036} INFO - Sync 1 DAGs
[2025-09-06T17:16:46.478+0000] {logging_mixin.py:188} INFO - [2025-09-06T17:16:46.478+0000] {dag.py:3823} INFO - Setting next_dagrun for example_astronauts to 2025-09-05 00:00:00+00:00, run_after=2025-09-06 00:00:00+00:00
[2025-09-06T17:16:46.489+0000] {processor.py:183} INFO - Processing /opt/airflow/dags/exampledag.py took 0.063 seconds
[2025-09-06T17:17:16.748+0000] {processor.py:161} INFO - Started process (PID=186) to work on /opt/airflow/dags/exampledag.py
[2025-09-06T17:17:16.749+0000] {processor.py:830} INFO - Processing file /opt/airflow/dags/exampledag.py for tasks to queue
[2025-09-06T17:17:16.751+0000] {logging_mixin.py:188} INFO - [2025-09-06T17:17:16.750+0000] {dagbag.py:538} INFO - Filling up the DagBag from /opt/airflow/dags/exampledag.py
[2025-09-06T17:17:16.768+0000] {processor.py:840} INFO - DAG(s) 'example_astronauts' retrieved from /opt/airflow/dags/exampledag.py
[2025-09-06T17:17:16.782+0000] {logging_mixin.py:188} INFO - [2025-09-06T17:17:16.782+0000] {dag.py:3036} INFO - Sync 1 DAGs
[2025-09-06T17:17:16.794+0000] {logging_mixin.py:188} INFO - [2025-09-06T17:17:16.794+0000] {dag.py:3823} INFO - Setting next_dagrun for example_astronauts to 2025-09-05 00:00:00+00:00, run_after=2025-09-06 00:00:00+00:00
[2025-09-06T17:17:16.805+0000] {processor.py:183} INFO - Processing /opt/airflow/dags/exampledag.py took 0.061 seconds
[2025-09-06T17:17:47.075+0000] {processor.py:161} INFO - Started process (PID=194) to work on /opt/airflow/dags/exampledag.py
[2025-09-06T17:17:47.076+0000] {processor.py:830} INFO - Processing file /opt/airflow/dags/exampledag.py for tasks to queue
[2025-09-06T17:17:47.077+0000] {logging_mixin.py:188} INFO - [2025-09-06T17:17:47.077+0000] {dagbag.py:538} INFO - Filling up the DagBag from /opt/airflow/dags/exampledag.py
[2025-09-06T17:17:47.089+0000] {processor.py:840} INFO - DAG(s) 'example_astronauts' retrieved from /opt/airflow/dags/exampledag.py
[2025-09-06T17:17:47.105+0000] {logging_mixin.py:188} INFO - [2025-09-06T17:17:47.105+0000] {dag.py:3036} INFO - Sync 1 DAGs
[2025-09-06T17:17:47.117+0000] {logging_mixin.py:188} INFO - [2025-09-06T17:17:47.117+0000] {dag.py:3823} INFO - Setting next_dagrun for example_astronauts to 2025-09-05 00:00:00+00:00, run_after=2025-09-06 00:00:00+00:00
[2025-09-06T17:17:47.129+0000] {processor.py:183} INFO - Processing /opt/airflow/dags/exampledag.py took 0.056 seconds
[2025-09-06T17:18:17.364+0000] {processor.py:161} INFO - Started process (PID=202) to work on /opt/airflow/dags/exampledag.py
[2025-09-06T17:18:17.365+0000] {processor.py:830} INFO - Processing file /opt/airflow/dags/exampledag.py for tasks to queue
[2025-09-06T17:18:17.366+0000] {logging_mixin.py:188} INFO - [2025-09-06T17:18:17.366+0000] {dagbag.py:538} INFO - Filling up the DagBag from /opt/airflow/dags/exampledag.py
[2025-09-06T17:18:17.379+0000] {processor.py:840} INFO - DAG(s) 'example_astronauts' retrieved from /opt/airflow/dags/exampledag.py
[2025-09-06T17:18:17.393+0000] {logging_mixin.py:188} INFO - [2025-09-06T17:18:17.393+0000] {dag.py:3036} INFO - Sync 1 DAGs
[2025-09-06T17:18:17.405+0000] {logging_mixin.py:188} INFO - [2025-09-06T17:18:17.404+0000] {dag.py:3823} INFO - Setting next_dagrun for example_astronauts to 2025-09-05 00:00:00+00:00, run_after=2025-09-06 00:00:00+00:00
[2025-09-06T17:18:17.414+0000] {processor.py:183} INFO - Processing /opt/airflow/dags/exampledag.py took 0.052 seconds
[2025-09-06T17:18:47.691+0000] {processor.py:161} INFO - Started process (PID=210) to work on /opt/airflow/dags/exampledag.py
[2025-09-06T17:18:47.692+0000] {processor.py:830} INFO - Processing file /opt/airflow/dags/exampledag.py for tasks to queue
[2025-09-06T17:18:47.693+0000] {logging_mixin.py:188} INFO - [2025-09-06T17:18:47.693+0000] {dagbag.py:538} INFO - Filling up the DagBag from /opt/airflow/dags/exampledag.py
[2025-09-06T17:18:47.708+0000] {processor.py:840} INFO - DAG(s) 'example_astronauts' retrieved from /opt/airflow/dags/exampledag.py
[2025-09-06T17:18:47.722+0000] {logging_mixin.py:188} INFO - [2025-09-06T17:18:47.722+0000] {dag.py:3036} INFO - Sync 1 DAGs
[2025-09-06T17:18:47.733+0000] {logging_mixin.py:188} INFO - [2025-09-06T17:18:47.733+0000] {dag.py:3823} INFO - Setting next_dagrun for example_astronauts to 2025-09-05 00:00:00+00:00, run_after=2025-09-06 00:00:00+00:00
[2025-09-06T17:18:47.743+0000] {processor.py:183} INFO - Processing /opt/airflow/dags/exampledag.py took 0.054 seconds
[2025-09-06T17:19:18.078+0000] {processor.py:161} INFO - Started process (PID=218) to work on /opt/airflow/dags/exampledag.py
[2025-09-06T17:19:18.079+0000] {processor.py:830} INFO - Processing file /opt/airflow/dags/exampledag.py for tasks to queue
[2025-09-06T17:19:18.081+0000] {logging_mixin.py:188} INFO - [2025-09-06T17:19:18.081+0000] {dagbag.py:538} INFO - Filling up the DagBag from /opt/airflow/dags/exampledag.py
[2025-09-06T17:19:18.098+0000] {processor.py:840} INFO - DAG(s) 'example_astronauts' retrieved from /opt/airflow/dags/exampledag.py
[2025-09-06T17:19:18.112+0000] {logging_mixin.py:188} INFO - [2025-09-06T17:19:18.112+0000] {dag.py:3036} INFO - Sync 1 DAGs
[2025-09-06T17:19:18.124+0000] {logging_mixin.py:188} INFO - [2025-09-06T17:19:18.124+0000] {dag.py:3823} INFO - Setting next_dagrun for example_astronauts to 2025-09-05 00:00:00+00:00, run_after=2025-09-06 00:00:00+00:00
[2025-09-06T17:19:18.134+0000] {processor.py:183} INFO - Processing /opt/airflow/dags/exampledag.py took 0.060 seconds
[2025-09-06T17:19:48.380+0000] {processor.py:161} INFO - Started process (PID=226) to work on /opt/airflow/dags/exampledag.py
[2025-09-06T17:19:48.381+0000] {processor.py:830} INFO - Processing file /opt/airflow/dags/exampledag.py for tasks to queue
[2025-09-06T17:19:48.382+0000] {logging_mixin.py:188} INFO - [2025-09-06T17:19:48.382+0000] {dagbag.py:538} INFO - Filling up the DagBag from /opt/airflow/dags/exampledag.py
[2025-09-06T17:19:48.394+0000] {processor.py:840} INFO - DAG(s) 'example_astronauts' retrieved from /opt/airflow/dags/exampledag.py
[2025-09-06T17:19:48.407+0000] {logging_mixin.py:188} INFO - [2025-09-06T17:19:48.407+0000] {dag.py:3036} INFO - Sync 1 DAGs
[2025-09-06T17:19:48.418+0000] {logging_mixin.py:188} INFO - [2025-09-06T17:19:48.417+0000] {dag.py:3823} INFO - Setting next_dagrun for example_astronauts to 2025-09-05 00:00:00+00:00, run_after=2025-09-06 00:00:00+00:00
[2025-09-06T17:19:48.429+0000] {processor.py:183} INFO - Processing /opt/airflow/dags/exampledag.py took 0.050 seconds
[2025-09-06T17:20:18.675+0000] {processor.py:161} INFO - Started process (PID=234) to work on /opt/airflow/dags/exampledag.py
[2025-09-06T17:20:18.676+0000] {processor.py:830} INFO - Processing file /opt/airflow/dags/exampledag.py for tasks to queue
[2025-09-06T17:20:18.677+0000] {logging_mixin.py:188} INFO - [2025-09-06T17:20:18.677+0000] {dagbag.py:538} INFO - Filling up the DagBag from /opt/airflow/dags/exampledag.py
[2025-09-06T17:20:18.690+0000] {processor.py:840} INFO - DAG(s) 'example_astronauts' retrieved from /opt/airflow/dags/exampledag.py
[2025-09-06T17:20:18.702+0000] {logging_mixin.py:188} INFO - [2025-09-06T17:20:18.702+0000] {dag.py:3036} INFO - Sync 1 DAGs
[2025-09-06T17:20:18.713+0000] {logging_mixin.py:188} INFO - [2025-09-06T17:20:18.713+0000] {dag.py:3823} INFO - Setting next_dagrun for example_astronauts to 2025-09-05 00:00:00+00:00, run_after=2025-09-06 00:00:00+00:00
[2025-09-06T17:20:18.723+0000] {processor.py:183} INFO - Processing /opt/airflow/dags/exampledag.py took 0.051 seconds
[2025-09-06T17:20:48.987+0000] {processor.py:161} INFO - Started process (PID=242) to work on /opt/airflow/dags/exampledag.py
[2025-09-06T17:20:48.988+0000] {processor.py:830} INFO - Processing file /opt/airflow/dags/exampledag.py for tasks to queue
[2025-09-06T17:20:48.989+0000] {logging_mixin.py:188} INFO - [2025-09-06T17:20:48.989+0000] {dagbag.py:538} INFO - Filling up the DagBag from /opt/airflow/dags/exampledag.py
[2025-09-06T17:20:49.005+0000] {processor.py:840} INFO - DAG(s) 'example_astronauts' retrieved from /opt/airflow/dags/exampledag.py
[2025-09-06T17:20:49.021+0000] {logging_mixin.py:188} INFO - [2025-09-06T17:20:49.021+0000] {dag.py:3036} INFO - Sync 1 DAGs
[2025-09-06T17:20:49.033+0000] {logging_mixin.py:188} INFO - [2025-09-06T17:20:49.033+0000] {dag.py:3823} INFO - Setting next_dagrun for example_astronauts to 2025-09-05 00:00:00+00:00, run_after=2025-09-06 00:00:00+00:00
[2025-09-06T17:20:49.046+0000] {processor.py:183} INFO - Processing /opt/airflow/dags/exampledag.py took 0.063 seconds
[2025-09-06T17:21:19.305+0000] {processor.py:161} INFO - Started process (PID=250) to work on /opt/airflow/dags/exampledag.py
[2025-09-06T17:21:19.306+0000] {processor.py:830} INFO - Processing file /opt/airflow/dags/exampledag.py for tasks to queue
[2025-09-06T17:21:19.308+0000] {logging_mixin.py:188} INFO - [2025-09-06T17:21:19.308+0000] {dagbag.py:538} INFO - Filling up the DagBag from /opt/airflow/dags/exampledag.py
[2025-09-06T17:21:19.324+0000] {processor.py:840} INFO - DAG(s) 'example_astronauts' retrieved from /opt/airflow/dags/exampledag.py
[2025-09-06T17:21:19.338+0000] {logging_mixin.py:188} INFO - [2025-09-06T17:21:19.338+0000] {dag.py:3036} INFO - Sync 1 DAGs
[2025-09-06T17:21:19.350+0000] {logging_mixin.py:188} INFO - [2025-09-06T17:21:19.349+0000] {dag.py:3823} INFO - Setting next_dagrun for example_astronauts to 2025-09-05 00:00:00+00:00, run_after=2025-09-06 00:00:00+00:00
[2025-09-06T17:21:19.360+0000] {processor.py:183} INFO - Processing /opt/airflow/dags/exampledag.py took 0.058 seconds
[2025-09-06T17:21:49.666+0000] {processor.py:161} INFO - Started process (PID=258) to work on /opt/airflow/dags/exampledag.py
[2025-09-06T17:21:49.666+0000] {processor.py:830} INFO - Processing file /opt/airflow/dags/exampledag.py for tasks to queue
[2025-09-06T17:21:49.668+0000] {logging_mixin.py:188} INFO - [2025-09-06T17:21:49.668+0000] {dagbag.py:538} INFO - Filling up the DagBag from /opt/airflow/dags/exampledag.py
[2025-09-06T17:21:49.686+0000] {processor.py:840} INFO - DAG(s) 'example_astronauts' retrieved from /opt/airflow/dags/exampledag.py
[2025-09-06T17:21:49.703+0000] {logging_mixin.py:188} INFO - [2025-09-06T17:21:49.703+0000] {dag.py:3036} INFO - Sync 1 DAGs
[2025-09-06T17:21:49.718+0000] {logging_mixin.py:188} INFO - [2025-09-06T17:21:49.718+0000] {dag.py:3823} INFO - Setting next_dagrun for example_astronauts to 2025-09-05 00:00:00+00:00, run_after=2025-09-06 00:00:00+00:00
[2025-09-06T17:21:49.731+0000] {processor.py:183} INFO - Processing /opt/airflow/dags/exampledag.py took 0.068 seconds
[2025-09-06T17:22:20.003+0000] {processor.py:161} INFO - Started process (PID=266) to work on /opt/airflow/dags/exampledag.py
[2025-09-06T17:22:20.004+0000] {processor.py:830} INFO - Processing file /opt/airflow/dags/exampledag.py for tasks to queue
[2025-09-06T17:22:20.006+0000] {logging_mixin.py:188} INFO - [2025-09-06T17:22:20.006+0000] {dagbag.py:538} INFO - Filling up the DagBag from /opt/airflow/dags/exampledag.py
[2025-09-06T17:22:20.022+0000] {processor.py:840} INFO - DAG(s) 'example_astronauts' retrieved from /opt/airflow/dags/exampledag.py
[2025-09-06T17:22:20.036+0000] {logging_mixin.py:188} INFO - [2025-09-06T17:22:20.036+0000] {dag.py:3036} INFO - Sync 1 DAGs
[2025-09-06T17:22:20.047+0000] {logging_mixin.py:188} INFO - [2025-09-06T17:22:20.047+0000] {dag.py:3823} INFO - Setting next_dagrun for example_astronauts to 2025-09-05 00:00:00+00:00, run_after=2025-09-06 00:00:00+00:00
[2025-09-06T17:22:20.057+0000] {processor.py:183} INFO - Processing /opt/airflow/dags/exampledag.py took 0.059 seconds
[2025-09-06T17:22:50.315+0000] {processor.py:161} INFO - Started process (PID=274) to work on /opt/airflow/dags/exampledag.py
[2025-09-06T17:22:50.315+0000] {processor.py:830} INFO - Processing file /opt/airflow/dags/exampledag.py for tasks to queue
[2025-09-06T17:22:50.317+0000] {logging_mixin.py:188} INFO - [2025-09-06T17:22:50.317+0000] {dagbag.py:538} INFO - Filling up the DagBag from /opt/airflow/dags/exampledag.py
[2025-09-06T17:22:50.331+0000] {processor.py:840} INFO - DAG(s) 'example_astronauts' retrieved from /opt/airflow/dags/exampledag.py
[2025-09-06T17:22:50.349+0000] {logging_mixin.py:188} INFO - [2025-09-06T17:22:50.349+0000] {dag.py:3036} INFO - Sync 1 DAGs
[2025-09-06T17:22:50.362+0000] {logging_mixin.py:188} INFO - [2025-09-06T17:22:50.362+0000] {dag.py:3823} INFO - Setting next_dagrun for example_astronauts to 2025-09-05 00:00:00+00:00, run_after=2025-09-06 00:00:00+00:00
[2025-09-06T17:22:50.372+0000] {processor.py:183} INFO - Processing /opt/airflow/dags/exampledag.py took 0.064 seconds
[2025-09-06T17:23:20.669+0000] {processor.py:161} INFO - Started process (PID=282) to work on /opt/airflow/dags/exampledag.py
[2025-09-06T17:23:20.670+0000] {processor.py:830} INFO - Processing file /opt/airflow/dags/exampledag.py for tasks to queue
[2025-09-06T17:23:20.672+0000] {logging_mixin.py:188} INFO - [2025-09-06T17:23:20.671+0000] {dagbag.py:538} INFO - Filling up the DagBag from /opt/airflow/dags/exampledag.py
[2025-09-06T17:23:20.687+0000] {processor.py:840} INFO - DAG(s) 'example_astronauts' retrieved from /opt/airflow/dags/exampledag.py
[2025-09-06T17:23:20.701+0000] {logging_mixin.py:188} INFO - [2025-09-06T17:23:20.701+0000] {dag.py:3036} INFO - Sync 1 DAGs
[2025-09-06T17:23:20.712+0000] {logging_mixin.py:188} INFO - [2025-09-06T17:23:20.712+0000] {dag.py:3823} INFO - Setting next_dagrun for example_astronauts to 2025-09-05 00:00:00+00:00, run_after=2025-09-06 00:00:00+00:00
[2025-09-06T17:23:20.722+0000] {processor.py:183} INFO - Processing /opt/airflow/dags/exampledag.py took 0.057 seconds
[2025-09-06T17:23:51.028+0000] {processor.py:161} INFO - Started process (PID=290) to work on /opt/airflow/dags/exampledag.py
[2025-09-06T17:23:51.029+0000] {processor.py:830} INFO - Processing file /opt/airflow/dags/exampledag.py for tasks to queue
[2025-09-06T17:23:51.030+0000] {logging_mixin.py:188} INFO - [2025-09-06T17:23:51.030+0000] {dagbag.py:538} INFO - Filling up the DagBag from /opt/airflow/dags/exampledag.py
[2025-09-06T17:23:51.043+0000] {processor.py:840} INFO - DAG(s) 'example_astronauts' retrieved from /opt/airflow/dags/exampledag.py
[2025-09-06T17:23:51.057+0000] {logging_mixin.py:188} INFO - [2025-09-06T17:23:51.057+0000] {dag.py:3036} INFO - Sync 1 DAGs
[2025-09-06T17:23:51.068+0000] {logging_mixin.py:188} INFO - [2025-09-06T17:23:51.068+0000] {dag.py:3823} INFO - Setting next_dagrun for example_astronauts to 2025-09-05 00:00:00+00:00, run_after=2025-09-06 00:00:00+00:00
[2025-09-06T17:23:51.079+0000] {processor.py:183} INFO - Processing /opt/airflow/dags/exampledag.py took 0.054 seconds
[2025-09-06T17:24:21.403+0000] {processor.py:161} INFO - Started process (PID=298) to work on /opt/airflow/dags/exampledag.py
[2025-09-06T17:24:21.404+0000] {processor.py:830} INFO - Processing file /opt/airflow/dags/exampledag.py for tasks to queue
[2025-09-06T17:24:21.407+0000] {logging_mixin.py:188} INFO - [2025-09-06T17:24:21.406+0000] {dagbag.py:538} INFO - Filling up the DagBag from /opt/airflow/dags/exampledag.py
[2025-09-06T17:24:21.425+0000] {processor.py:840} INFO - DAG(s) 'example_astronauts' retrieved from /opt/airflow/dags/exampledag.py
[2025-09-06T17:24:21.440+0000] {logging_mixin.py:188} INFO - [2025-09-06T17:24:21.440+0000] {dag.py:3036} INFO - Sync 1 DAGs
[2025-09-06T17:24:21.452+0000] {logging_mixin.py:188} INFO - [2025-09-06T17:24:21.452+0000] {dag.py:3823} INFO - Setting next_dagrun for example_astronauts to 2025-09-05 00:00:00+00:00, run_after=2025-09-06 00:00:00+00:00
[2025-09-06T17:24:21.463+0000] {processor.py:183} INFO - Processing /opt/airflow/dags/exampledag.py took 0.066 seconds
[2025-09-06T17:24:51.741+0000] {processor.py:161} INFO - Started process (PID=306) to work on /opt/airflow/dags/exampledag.py
[2025-09-06T17:24:51.742+0000] {processor.py:830} INFO - Processing file /opt/airflow/dags/exampledag.py for tasks to queue
[2025-09-06T17:24:51.746+0000] {logging_mixin.py:188} INFO - [2025-09-06T17:24:51.745+0000] {dagbag.py:538} INFO - Filling up the DagBag from /opt/airflow/dags/exampledag.py
[2025-09-06T17:24:51.764+0000] {processor.py:840} INFO - DAG(s) 'example_astronauts' retrieved from /opt/airflow/dags/exampledag.py
[2025-09-06T17:24:51.782+0000] {logging_mixin.py:188} INFO - [2025-09-06T17:24:51.782+0000] {dag.py:3036} INFO - Sync 1 DAGs
[2025-09-06T17:24:51.813+0000] {logging_mixin.py:188} INFO - [2025-09-06T17:24:51.812+0000] {dag.py:3823} INFO - Setting next_dagrun for example_astronauts to 2025-09-05 00:00:00+00:00, run_after=2025-09-06 00:00:00+00:00
[2025-09-06T17:24:51.841+0000] {processor.py:183} INFO - Processing /opt/airflow/dags/exampledag.py took 0.103 seconds
[2025-09-06T17:25:22.011+0000] {processor.py:161} INFO - Started process (PID=314) to work on /opt/airflow/dags/exampledag.py
[2025-09-06T17:25:22.011+0000] {processor.py:830} INFO - Processing file /opt/airflow/dags/exampledag.py for tasks to queue
[2025-09-06T17:25:22.013+0000] {logging_mixin.py:188} INFO - [2025-09-06T17:25:22.013+0000] {dagbag.py:538} INFO - Filling up the DagBag from /opt/airflow/dags/exampledag.py
[2025-09-06T17:25:22.028+0000] {processor.py:840} INFO - DAG(s) 'example_astronauts' retrieved from /opt/airflow/dags/exampledag.py
[2025-09-06T17:25:22.041+0000] {logging_mixin.py:188} INFO - [2025-09-06T17:25:22.041+0000] {dag.py:3036} INFO - Sync 1 DAGs
[2025-09-06T17:25:22.051+0000] {logging_mixin.py:188} INFO - [2025-09-06T17:25:22.051+0000] {dag.py:3823} INFO - Setting next_dagrun for example_astronauts to 2025-09-05 00:00:00+00:00, run_after=2025-09-06 00:00:00+00:00
[2025-09-06T17:25:22.062+0000] {processor.py:183} INFO - Processing /opt/airflow/dags/exampledag.py took 0.055 seconds
[2025-09-06T17:25:52.358+0000] {processor.py:161} INFO - Started process (PID=322) to work on /opt/airflow/dags/exampledag.py
[2025-09-06T17:25:52.358+0000] {processor.py:830} INFO - Processing file /opt/airflow/dags/exampledag.py for tasks to queue
[2025-09-06T17:25:52.359+0000] {logging_mixin.py:188} INFO - [2025-09-06T17:25:52.359+0000] {dagbag.py:538} INFO - Filling up the DagBag from /opt/airflow/dags/exampledag.py
[2025-09-06T17:25:52.371+0000] {processor.py:840} INFO - DAG(s) 'example_astronauts' retrieved from /opt/airflow/dags/exampledag.py
[2025-09-06T17:25:52.384+0000] {logging_mixin.py:188} INFO - [2025-09-06T17:25:52.384+0000] {dag.py:3036} INFO - Sync 1 DAGs
[2025-09-06T17:25:52.396+0000] {logging_mixin.py:188} INFO - [2025-09-06T17:25:52.396+0000] {dag.py:3823} INFO - Setting next_dagrun for example_astronauts to 2025-09-05 00:00:00+00:00, run_after=2025-09-06 00:00:00+00:00
[2025-09-06T17:25:52.410+0000] {processor.py:183} INFO - Processing /opt/airflow/dags/exampledag.py took 0.054 seconds
[2025-09-06T17:26:22.677+0000] {processor.py:161} INFO - Started process (PID=330) to work on /opt/airflow/dags/exampledag.py
[2025-09-06T17:26:22.677+0000] {processor.py:830} INFO - Processing file /opt/airflow/dags/exampledag.py for tasks to queue
[2025-09-06T17:26:22.679+0000] {logging_mixin.py:188} INFO - [2025-09-06T17:26:22.678+0000] {dagbag.py:538} INFO - Filling up the DagBag from /opt/airflow/dags/exampledag.py
[2025-09-06T17:26:22.690+0000] {processor.py:840} INFO - DAG(s) 'example_astronauts' retrieved from /opt/airflow/dags/exampledag.py
[2025-09-06T17:26:22.702+0000] {logging_mixin.py:188} INFO - [2025-09-06T17:26:22.702+0000] {dag.py:3036} INFO - Sync 1 DAGs
[2025-09-06T17:26:22.714+0000] {logging_mixin.py:188} INFO - [2025-09-06T17:26:22.713+0000] {dag.py:3823} INFO - Setting next_dagrun for example_astronauts to 2025-09-05 00:00:00+00:00, run_after=2025-09-06 00:00:00+00:00
[2025-09-06T17:26:22.724+0000] {processor.py:183} INFO - Processing /opt/airflow/dags/exampledag.py took 0.049 seconds
[2025-09-06T17:26:53.087+0000] {processor.py:161} INFO - Started process (PID=338) to work on /opt/airflow/dags/exampledag.py
[2025-09-06T17:26:53.088+0000] {processor.py:830} INFO - Processing file /opt/airflow/dags/exampledag.py for tasks to queue
[2025-09-06T17:26:53.091+0000] {logging_mixin.py:188} INFO - [2025-09-06T17:26:53.091+0000] {dagbag.py:538} INFO - Filling up the DagBag from /opt/airflow/dags/exampledag.py
[2025-09-06T17:26:53.119+0000] {processor.py:840} INFO - DAG(s) 'example_astronauts' retrieved from /opt/airflow/dags/exampledag.py
[2025-09-06T17:26:53.137+0000] {logging_mixin.py:188} INFO - [2025-09-06T17:26:53.137+0000] {dag.py:3036} INFO - Sync 1 DAGs
[2025-09-06T17:26:53.153+0000] {logging_mixin.py:188} INFO - [2025-09-06T17:26:53.153+0000] {dag.py:3823} INFO - Setting next_dagrun for example_astronauts to 2025-09-05 00:00:00+00:00, run_after=2025-09-06 00:00:00+00:00
[2025-09-06T17:26:53.166+0000] {processor.py:183} INFO - Processing /opt/airflow/dags/exampledag.py took 0.085 seconds
[2025-09-06T17:27:23.517+0000] {processor.py:161} INFO - Started process (PID=346) to work on /opt/airflow/dags/exampledag.py
[2025-09-06T17:27:23.518+0000] {processor.py:830} INFO - Processing file /opt/airflow/dags/exampledag.py for tasks to queue
[2025-09-06T17:27:23.520+0000] {logging_mixin.py:188} INFO - [2025-09-06T17:27:23.519+0000] {dagbag.py:538} INFO - Filling up the DagBag from /opt/airflow/dags/exampledag.py
[2025-09-06T17:27:23.537+0000] {processor.py:840} INFO - DAG(s) 'example_astronauts' retrieved from /opt/airflow/dags/exampledag.py
[2025-09-06T17:27:23.551+0000] {logging_mixin.py:188} INFO - [2025-09-06T17:27:23.551+0000] {dag.py:3036} INFO - Sync 1 DAGs
[2025-09-06T17:27:23.563+0000] {logging_mixin.py:188} INFO - [2025-09-06T17:27:23.563+0000] {dag.py:3823} INFO - Setting next_dagrun for example_astronauts to 2025-09-05 00:00:00+00:00, run_after=2025-09-06 00:00:00+00:00
[2025-09-06T17:27:23.574+0000] {processor.py:183} INFO - Processing /opt/airflow/dags/exampledag.py took 0.061 seconds
[2025-09-06T17:27:53.917+0000] {processor.py:161} INFO - Started process (PID=354) to work on /opt/airflow/dags/exampledag.py
[2025-09-06T17:27:53.918+0000] {processor.py:830} INFO - Processing file /opt/airflow/dags/exampledag.py for tasks to queue
[2025-09-06T17:27:53.922+0000] {logging_mixin.py:188} INFO - [2025-09-06T17:27:53.922+0000] {dagbag.py:538} INFO - Filling up the DagBag from /opt/airflow/dags/exampledag.py
[2025-09-06T17:27:53.944+0000] {processor.py:840} INFO - DAG(s) 'example_astronauts' retrieved from /opt/airflow/dags/exampledag.py
[2025-09-06T17:27:53.961+0000] {logging_mixin.py:188} INFO - [2025-09-06T17:27:53.961+0000] {dag.py:3036} INFO - Sync 1 DAGs
[2025-09-06T17:27:53.977+0000] {logging_mixin.py:188} INFO - [2025-09-06T17:27:53.977+0000] {dag.py:3823} INFO - Setting next_dagrun for example_astronauts to 2025-09-05 00:00:00+00:00, run_after=2025-09-06 00:00:00+00:00
[2025-09-06T17:27:53.991+0000] {processor.py:183} INFO - Processing /opt/airflow/dags/exampledag.py took 0.077 seconds
[2025-09-06T17:28:24.239+0000] {processor.py:161} INFO - Started process (PID=362) to work on /opt/airflow/dags/exampledag.py
[2025-09-06T17:28:24.239+0000] {processor.py:830} INFO - Processing file /opt/airflow/dags/exampledag.py for tasks to queue
[2025-09-06T17:28:24.241+0000] {logging_mixin.py:188} INFO - [2025-09-06T17:28:24.241+0000] {dagbag.py:538} INFO - Filling up the DagBag from /opt/airflow/dags/exampledag.py
[2025-09-06T17:28:24.256+0000] {processor.py:840} INFO - DAG(s) 'example_astronauts' retrieved from /opt/airflow/dags/exampledag.py
[2025-09-06T17:28:24.269+0000] {logging_mixin.py:188} INFO - [2025-09-06T17:28:24.269+0000] {dag.py:3036} INFO - Sync 1 DAGs
[2025-09-06T17:28:24.281+0000] {logging_mixin.py:188} INFO - [2025-09-06T17:28:24.281+0000] {dag.py:3823} INFO - Setting next_dagrun for example_astronauts to 2025-09-05 00:00:00+00:00, run_after=2025-09-06 00:00:00+00:00
[2025-09-06T17:28:24.291+0000] {processor.py:183} INFO - Processing /opt/airflow/dags/exampledag.py took 0.056 seconds
[2025-09-06T17:28:54.571+0000] {processor.py:161} INFO - Started process (PID=370) to work on /opt/airflow/dags/exampledag.py
[2025-09-06T17:28:54.572+0000] {processor.py:830} INFO - Processing file /opt/airflow/dags/exampledag.py for tasks to queue
[2025-09-06T17:28:54.573+0000] {logging_mixin.py:188} INFO - [2025-09-06T17:28:54.573+0000] {dagbag.py:538} INFO - Filling up the DagBag from /opt/airflow/dags/exampledag.py
[2025-09-06T17:28:54.590+0000] {processor.py:840} INFO - DAG(s) 'example_astronauts' retrieved from /opt/airflow/dags/exampledag.py
[2025-09-06T17:28:54.605+0000] {logging_mixin.py:188} INFO - [2025-09-06T17:28:54.605+0000] {dag.py:3036} INFO - Sync 1 DAGs
[2025-09-06T17:28:54.617+0000] {logging_mixin.py:188} INFO - [2025-09-06T17:28:54.617+0000] {dag.py:3823} INFO - Setting next_dagrun for example_astronauts to 2025-09-05 00:00:00+00:00, run_after=2025-09-06 00:00:00+00:00
[2025-09-06T17:28:54.627+0000] {processor.py:183} INFO - Processing /opt/airflow/dags/exampledag.py took 0.060 seconds
[2025-09-06T17:29:24.921+0000] {processor.py:161} INFO - Started process (PID=378) to work on /opt/airflow/dags/exampledag.py
[2025-09-06T17:29:24.922+0000] {processor.py:830} INFO - Processing file /opt/airflow/dags/exampledag.py for tasks to queue
[2025-09-06T17:29:24.924+0000] {logging_mixin.py:188} INFO - [2025-09-06T17:29:24.924+0000] {dagbag.py:538} INFO - Filling up the DagBag from /opt/airflow/dags/exampledag.py
[2025-09-06T17:29:24.945+0000] {processor.py:840} INFO - DAG(s) 'example_astronauts' retrieved from /opt/airflow/dags/exampledag.py
[2025-09-06T17:29:24.961+0000] {logging_mixin.py:188} INFO - [2025-09-06T17:29:24.961+0000] {dag.py:3036} INFO - Sync 1 DAGs
[2025-09-06T17:29:24.972+0000] {logging_mixin.py:188} INFO - [2025-09-06T17:29:24.972+0000] {dag.py:3823} INFO - Setting next_dagrun for example_astronauts to 2025-09-05 00:00:00+00:00, run_after=2025-09-06 00:00:00+00:00
[2025-09-06T17:29:24.982+0000] {processor.py:183} INFO - Processing /opt/airflow/dags/exampledag.py took 0.065 seconds
[2025-09-06T17:29:55.292+0000] {processor.py:161} INFO - Started process (PID=386) to work on /opt/airflow/dags/exampledag.py
[2025-09-06T17:29:55.293+0000] {processor.py:830} INFO - Processing file /opt/airflow/dags/exampledag.py for tasks to queue
[2025-09-06T17:29:55.295+0000] {logging_mixin.py:188} INFO - [2025-09-06T17:29:55.294+0000] {dagbag.py:538} INFO - Filling up the DagBag from /opt/airflow/dags/exampledag.py
[2025-09-06T17:29:55.312+0000] {processor.py:840} INFO - DAG(s) 'example_astronauts' retrieved from /opt/airflow/dags/exampledag.py
[2025-09-06T17:29:55.327+0000] {logging_mixin.py:188} INFO - [2025-09-06T17:29:55.327+0000] {dag.py:3036} INFO - Sync 1 DAGs
[2025-09-06T17:29:55.340+0000] {logging_mixin.py:188} INFO - [2025-09-06T17:29:55.339+0000] {dag.py:3823} INFO - Setting next_dagrun for example_astronauts to 2025-09-05 00:00:00+00:00, run_after=2025-09-06 00:00:00+00:00
[2025-09-06T17:29:55.352+0000] {processor.py:183} INFO - Processing /opt/airflow/dags/exampledag.py took 0.064 seconds
[2025-09-06T17:30:25.652+0000] {processor.py:161} INFO - Started process (PID=394) to work on /opt/airflow/dags/exampledag.py
[2025-09-06T17:30:25.652+0000] {processor.py:830} INFO - Processing file /opt/airflow/dags/exampledag.py for tasks to queue
[2025-09-06T17:30:25.653+0000] {logging_mixin.py:188} INFO - [2025-09-06T17:30:25.653+0000] {dagbag.py:538} INFO - Filling up the DagBag from /opt/airflow/dags/exampledag.py
[2025-09-06T17:30:25.666+0000] {processor.py:840} INFO - DAG(s) 'example_astronauts' retrieved from /opt/airflow/dags/exampledag.py
[2025-09-06T17:30:25.678+0000] {logging_mixin.py:188} INFO - [2025-09-06T17:30:25.678+0000] {dag.py:3036} INFO - Sync 1 DAGs
[2025-09-06T17:30:25.689+0000] {logging_mixin.py:188} INFO - [2025-09-06T17:30:25.689+0000] {dag.py:3823} INFO - Setting next_dagrun for example_astronauts to 2025-09-05 00:00:00+00:00, run_after=2025-09-06 00:00:00+00:00
[2025-09-06T17:30:25.699+0000] {processor.py:183} INFO - Processing /opt/airflow/dags/exampledag.py took 0.050 seconds
[2025-09-06T17:30:55.958+0000] {processor.py:161} INFO - Started process (PID=402) to work on /opt/airflow/dags/exampledag.py
[2025-09-06T17:30:55.958+0000] {processor.py:830} INFO - Processing file /opt/airflow/dags/exampledag.py for tasks to queue
[2025-09-06T17:30:55.960+0000] {logging_mixin.py:188} INFO - [2025-09-06T17:30:55.959+0000] {dagbag.py:538} INFO - Filling up the DagBag from /opt/airflow/dags/exampledag.py
[2025-09-06T17:30:55.976+0000] {processor.py:840} INFO - DAG(s) 'example_astronauts' retrieved from /opt/airflow/dags/exampledag.py
[2025-09-06T17:30:55.991+0000] {logging_mixin.py:188} INFO - [2025-09-06T17:30:55.991+0000] {dag.py:3036} INFO - Sync 1 DAGs
[2025-09-06T17:30:56.004+0000] {logging_mixin.py:188} INFO - [2025-09-06T17:30:56.004+0000] {dag.py:3823} INFO - Setting next_dagrun for example_astronauts to 2025-09-05 00:00:00+00:00, run_after=2025-09-06 00:00:00+00:00
[2025-09-06T17:30:56.015+0000] {processor.py:183} INFO - Processing /opt/airflow/dags/exampledag.py took 0.060 seconds
[2025-09-06T17:31:26.278+0000] {processor.py:161} INFO - Started process (PID=410) to work on /opt/airflow/dags/exampledag.py
[2025-09-06T17:31:26.279+0000] {processor.py:830} INFO - Processing file /opt/airflow/dags/exampledag.py for tasks to queue
[2025-09-06T17:31:26.280+0000] {logging_mixin.py:188} INFO - [2025-09-06T17:31:26.280+0000] {dagbag.py:538} INFO - Filling up the DagBag from /opt/airflow/dags/exampledag.py
[2025-09-06T17:31:26.294+0000] {processor.py:840} INFO - DAG(s) 'example_astronauts' retrieved from /opt/airflow/dags/exampledag.py
[2025-09-06T17:31:26.308+0000] {logging_mixin.py:188} INFO - [2025-09-06T17:31:26.308+0000] {dag.py:3036} INFO - Sync 1 DAGs
[2025-09-06T17:31:26.321+0000] {logging_mixin.py:188} INFO - [2025-09-06T17:31:26.320+0000] {dag.py:3823} INFO - Setting next_dagrun for example_astronauts to 2025-09-05 00:00:00+00:00, run_after=2025-09-06 00:00:00+00:00
[2025-09-06T17:31:26.332+0000] {processor.py:183} INFO - Processing /opt/airflow/dags/exampledag.py took 0.056 seconds
[2025-09-06T17:31:56.632+0000] {processor.py:161} INFO - Started process (PID=418) to work on /opt/airflow/dags/exampledag.py
[2025-09-06T17:31:56.633+0000] {processor.py:830} INFO - Processing file /opt/airflow/dags/exampledag.py for tasks to queue
[2025-09-06T17:31:56.634+0000] {logging_mixin.py:188} INFO - [2025-09-06T17:31:56.634+0000] {dagbag.py:538} INFO - Filling up the DagBag from /opt/airflow/dags/exampledag.py
[2025-09-06T17:31:56.646+0000] {processor.py:840} INFO - DAG(s) 'example_astronauts' retrieved from /opt/airflow/dags/exampledag.py
[2025-09-06T17:31:56.660+0000] {logging_mixin.py:188} INFO - [2025-09-06T17:31:56.660+0000] {dag.py:3036} INFO - Sync 1 DAGs
[2025-09-06T17:31:56.671+0000] {logging_mixin.py:188} INFO - [2025-09-06T17:31:56.670+0000] {dag.py:3823} INFO - Setting next_dagrun for example_astronauts to 2025-09-05 00:00:00+00:00, run_after=2025-09-06 00:00:00+00:00
[2025-09-06T17:31:56.681+0000] {processor.py:183} INFO - Processing /opt/airflow/dags/exampledag.py took 0.051 seconds
[2025-09-06T17:32:27.000+0000] {processor.py:161} INFO - Started process (PID=426) to work on /opt/airflow/dags/exampledag.py
[2025-09-06T17:32:27.001+0000] {processor.py:830} INFO - Processing file /opt/airflow/dags/exampledag.py for tasks to queue
[2025-09-06T17:32:27.004+0000] {logging_mixin.py:188} INFO - [2025-09-06T17:32:27.004+0000] {dagbag.py:538} INFO - Filling up the DagBag from /opt/airflow/dags/exampledag.py
[2025-09-06T17:32:27.027+0000] {processor.py:840} INFO - DAG(s) 'example_astronauts' retrieved from /opt/airflow/dags/exampledag.py
[2025-09-06T17:32:27.042+0000] {logging_mixin.py:188} INFO - [2025-09-06T17:32:27.042+0000] {dag.py:3036} INFO - Sync 1 DAGs
[2025-09-06T17:32:27.056+0000] {logging_mixin.py:188} INFO - [2025-09-06T17:32:27.056+0000] {dag.py:3823} INFO - Setting next_dagrun for example_astronauts to 2025-09-05 00:00:00+00:00, run_after=2025-09-06 00:00:00+00:00
[2025-09-06T17:32:27.069+0000] {processor.py:183} INFO - Processing /opt/airflow/dags/exampledag.py took 0.073 seconds
[2025-09-06T17:32:57.281+0000] {processor.py:161} INFO - Started process (PID=434) to work on /opt/airflow/dags/exampledag.py
[2025-09-06T17:32:57.282+0000] {processor.py:830} INFO - Processing file /opt/airflow/dags/exampledag.py for tasks to queue
[2025-09-06T17:32:57.283+0000] {logging_mixin.py:188} INFO - [2025-09-06T17:32:57.283+0000] {dagbag.py:538} INFO - Filling up the DagBag from /opt/airflow/dags/exampledag.py
[2025-09-06T17:32:57.298+0000] {processor.py:840} INFO - DAG(s) 'example_astronauts' retrieved from /opt/airflow/dags/exampledag.py
[2025-09-06T17:32:57.312+0000] {logging_mixin.py:188} INFO - [2025-09-06T17:32:57.312+0000] {dag.py:3036} INFO - Sync 1 DAGs
[2025-09-06T17:32:57.324+0000] {logging_mixin.py:188} INFO - [2025-09-06T17:32:57.323+0000] {dag.py:3823} INFO - Setting next_dagrun for example_astronauts to 2025-09-05 00:00:00+00:00, run_after=2025-09-06 00:00:00+00:00
[2025-09-06T17:32:57.334+0000] {processor.py:183} INFO - Processing /opt/airflow/dags/exampledag.py took 0.056 seconds
[2025-09-06T17:33:27.629+0000] {processor.py:161} INFO - Started process (PID=442) to work on /opt/airflow/dags/exampledag.py
[2025-09-06T17:33:27.630+0000] {processor.py:830} INFO - Processing file /opt/airflow/dags/exampledag.py for tasks to queue
[2025-09-06T17:33:27.631+0000] {logging_mixin.py:188} INFO - [2025-09-06T17:33:27.631+0000] {dagbag.py:538} INFO - Filling up the DagBag from /opt/airflow/dags/exampledag.py
[2025-09-06T17:33:27.646+0000] {processor.py:840} INFO - DAG(s) 'example_astronauts' retrieved from /opt/airflow/dags/exampledag.py
[2025-09-06T17:33:27.663+0000] {logging_mixin.py:188} INFO - [2025-09-06T17:33:27.663+0000] {dag.py:3036} INFO - Sync 1 DAGs
[2025-09-06T17:33:27.674+0000] {logging_mixin.py:188} INFO - [2025-09-06T17:33:27.674+0000] {dag.py:3823} INFO - Setting next_dagrun for example_astronauts to 2025-09-05 00:00:00+00:00, run_after=2025-09-06 00:00:00+00:00
[2025-09-06T17:33:27.684+0000] {processor.py:183} INFO - Processing /opt/airflow/dags/exampledag.py took 0.058 seconds
[2025-09-06T17:33:57.921+0000] {processor.py:161} INFO - Started process (PID=450) to work on /opt/airflow/dags/exampledag.py
[2025-09-06T17:33:57.922+0000] {processor.py:830} INFO - Processing file /opt/airflow/dags/exampledag.py for tasks to queue
[2025-09-06T17:33:57.924+0000] {logging_mixin.py:188} INFO - [2025-09-06T17:33:57.924+0000] {dagbag.py:538} INFO - Filling up the DagBag from /opt/airflow/dags/exampledag.py
[2025-09-06T17:33:57.942+0000] {processor.py:840} INFO - DAG(s) 'example_astronauts' retrieved from /opt/airflow/dags/exampledag.py
[2025-09-06T17:33:57.957+0000] {logging_mixin.py:188} INFO - [2025-09-06T17:33:57.957+0000] {dag.py:3036} INFO - Sync 1 DAGs
[2025-09-06T17:33:57.969+0000] {logging_mixin.py:188} INFO - [2025-09-06T17:33:57.969+0000] {dag.py:3823} INFO - Setting next_dagrun for example_astronauts to 2025-09-05 00:00:00+00:00, run_after=2025-09-06 00:00:00+00:00
[2025-09-06T17:33:57.980+0000] {processor.py:183} INFO - Processing /opt/airflow/dags/exampledag.py took 0.062 seconds
[2025-09-06T17:34:28.248+0000] {processor.py:161} INFO - Started process (PID=458) to work on /opt/airflow/dags/exampledag.py
[2025-09-06T17:34:28.249+0000] {processor.py:830} INFO - Processing file /opt/airflow/dags/exampledag.py for tasks to queue
[2025-09-06T17:34:28.250+0000] {logging_mixin.py:188} INFO - [2025-09-06T17:34:28.250+0000] {dagbag.py:538} INFO - Filling up the DagBag from /opt/airflow/dags/exampledag.py
[2025-09-06T17:34:28.265+0000] {processor.py:840} INFO - DAG(s) 'example_astronauts' retrieved from /opt/airflow/dags/exampledag.py
[2025-09-06T17:34:28.278+0000] {logging_mixin.py:188} INFO - [2025-09-06T17:34:28.278+0000] {dag.py:3036} INFO - Sync 1 DAGs
[2025-09-06T17:34:28.290+0000] {logging_mixin.py:188} INFO - [2025-09-06T17:34:28.290+0000] {dag.py:3823} INFO - Setting next_dagrun for example_astronauts to 2025-09-05 00:00:00+00:00, run_after=2025-09-06 00:00:00+00:00
[2025-09-06T17:34:28.302+0000] {processor.py:183} INFO - Processing /opt/airflow/dags/exampledag.py took 0.056 seconds
[2025-09-06T17:34:58.577+0000] {processor.py:161} INFO - Started process (PID=466) to work on /opt/airflow/dags/exampledag.py
[2025-09-06T17:34:58.577+0000] {processor.py:830} INFO - Processing file /opt/airflow/dags/exampledag.py for tasks to queue
[2025-09-06T17:34:58.579+0000] {logging_mixin.py:188} INFO - [2025-09-06T17:34:58.579+0000] {dagbag.py:538} INFO - Filling up the DagBag from /opt/airflow/dags/exampledag.py
[2025-09-06T17:34:58.592+0000] {processor.py:840} INFO - DAG(s) 'example_astronauts' retrieved from /opt/airflow/dags/exampledag.py
[2025-09-06T17:34:58.606+0000] {logging_mixin.py:188} INFO - [2025-09-06T17:34:58.606+0000] {dag.py:3036} INFO - Sync 1 DAGs
[2025-09-06T17:34:58.618+0000] {logging_mixin.py:188} INFO - [2025-09-06T17:34:58.618+0000] {dag.py:3823} INFO - Setting next_dagrun for example_astronauts to 2025-09-05 00:00:00+00:00, run_after=2025-09-06 00:00:00+00:00
[2025-09-06T17:34:58.628+0000] {processor.py:183} INFO - Processing /opt/airflow/dags/exampledag.py took 0.054 seconds
[2025-09-06T17:35:28.884+0000] {processor.py:161} INFO - Started process (PID=474) to work on /opt/airflow/dags/exampledag.py
[2025-09-06T17:35:28.885+0000] {processor.py:830} INFO - Processing file /opt/airflow/dags/exampledag.py for tasks to queue
[2025-09-06T17:35:28.887+0000] {logging_mixin.py:188} INFO - [2025-09-06T17:35:28.886+0000] {dagbag.py:538} INFO - Filling up the DagBag from /opt/airflow/dags/exampledag.py
[2025-09-06T17:35:28.905+0000] {processor.py:840} INFO - DAG(s) 'example_astronauts' retrieved from /opt/airflow/dags/exampledag.py
[2025-09-06T17:35:28.919+0000] {logging_mixin.py:188} INFO - [2025-09-06T17:35:28.918+0000] {dag.py:3036} INFO - Sync 1 DAGs
[2025-09-06T17:35:28.930+0000] {logging_mixin.py:188} INFO - [2025-09-06T17:35:28.930+0000] {dag.py:3823} INFO - Setting next_dagrun for example_astronauts to 2025-09-05 00:00:00+00:00, run_after=2025-09-06 00:00:00+00:00
[2025-09-06T17:35:28.940+0000] {processor.py:183} INFO - Processing /opt/airflow/dags/exampledag.py took 0.060 seconds
[2025-09-06T17:35:59.212+0000] {processor.py:161} INFO - Started process (PID=482) to work on /opt/airflow/dags/exampledag.py
[2025-09-06T17:35:59.212+0000] {processor.py:830} INFO - Processing file /opt/airflow/dags/exampledag.py for tasks to queue
[2025-09-06T17:35:59.214+0000] {logging_mixin.py:188} INFO - [2025-09-06T17:35:59.213+0000] {dagbag.py:538} INFO - Filling up the DagBag from /opt/airflow/dags/exampledag.py
[2025-09-06T17:35:59.228+0000] {processor.py:840} INFO - DAG(s) 'example_astronauts' retrieved from /opt/airflow/dags/exampledag.py
[2025-09-06T17:35:59.242+0000] {logging_mixin.py:188} INFO - [2025-09-06T17:35:59.242+0000] {dag.py:3036} INFO - Sync 1 DAGs
[2025-09-06T17:35:59.255+0000] {logging_mixin.py:188} INFO - [2025-09-06T17:35:59.255+0000] {dag.py:3823} INFO - Setting next_dagrun for example_astronauts to 2025-09-05 00:00:00+00:00, run_after=2025-09-06 00:00:00+00:00
[2025-09-06T17:35:59.269+0000] {processor.py:183} INFO - Processing /opt/airflow/dags/exampledag.py took 0.060 seconds
[2025-09-06T17:36:29.587+0000] {processor.py:161} INFO - Started process (PID=490) to work on /opt/airflow/dags/exampledag.py
[2025-09-06T17:36:29.587+0000] {processor.py:830} INFO - Processing file /opt/airflow/dags/exampledag.py for tasks to queue
[2025-09-06T17:36:29.589+0000] {logging_mixin.py:188} INFO - [2025-09-06T17:36:29.589+0000] {dagbag.py:538} INFO - Filling up the DagBag from /opt/airflow/dags/exampledag.py
[2025-09-06T17:36:29.605+0000] {processor.py:840} INFO - DAG(s) 'example_astronauts' retrieved from /opt/airflow/dags/exampledag.py
[2025-09-06T17:36:29.618+0000] {logging_mixin.py:188} INFO - [2025-09-06T17:36:29.618+0000] {dag.py:3036} INFO - Sync 1 DAGs
[2025-09-06T17:36:29.629+0000] {logging_mixin.py:188} INFO - [2025-09-06T17:36:29.629+0000] {dag.py:3823} INFO - Setting next_dagrun for example_astronauts to 2025-09-05 00:00:00+00:00, run_after=2025-09-06 00:00:00+00:00
[2025-09-06T17:36:29.640+0000] {processor.py:183} INFO - Processing /opt/airflow/dags/exampledag.py took 0.056 seconds
[2025-09-06T17:36:59.981+0000] {processor.py:161} INFO - Started process (PID=498) to work on /opt/airflow/dags/exampledag.py
[2025-09-06T17:36:59.982+0000] {processor.py:830} INFO - Processing file /opt/airflow/dags/exampledag.py for tasks to queue
[2025-09-06T17:36:59.984+0000] {logging_mixin.py:188} INFO - [2025-09-06T17:36:59.983+0000] {dagbag.py:538} INFO - Filling up the DagBag from /opt/airflow/dags/exampledag.py
[2025-09-06T17:37:00.000+0000] {processor.py:840} INFO - DAG(s) 'example_astronauts' retrieved from /opt/airflow/dags/exampledag.py
[2025-09-06T17:37:00.013+0000] {logging_mixin.py:188} INFO - [2025-09-06T17:37:00.013+0000] {dag.py:3036} INFO - Sync 1 DAGs
[2025-09-06T17:37:00.024+0000] {logging_mixin.py:188} INFO - [2025-09-06T17:37:00.024+0000] {dag.py:3823} INFO - Setting next_dagrun for example_astronauts to 2025-09-05 00:00:00+00:00, run_after=2025-09-06 00:00:00+00:00
[2025-09-06T17:37:00.034+0000] {processor.py:183} INFO - Processing /opt/airflow/dags/exampledag.py took 0.057 seconds
[2025-09-06T17:37:30.341+0000] {processor.py:161} INFO - Started process (PID=506) to work on /opt/airflow/dags/exampledag.py
[2025-09-06T17:37:30.342+0000] {processor.py:830} INFO - Processing file /opt/airflow/dags/exampledag.py for tasks to queue
[2025-09-06T17:37:30.345+0000] {logging_mixin.py:188} INFO - [2025-09-06T17:37:30.344+0000] {dagbag.py:538} INFO - Filling up the DagBag from /opt/airflow/dags/exampledag.py
[2025-09-06T17:37:30.349+0000] {logging_mixin.py:188} INFO - [2025-09-06T17:37:30.347+0000] {dagbag.py:565} ERROR - [Errno 2] No such file or directory: '/opt/airflow/dags/exampledag.py'
Traceback (most recent call last):
  File "/home/airflow/.local/lib/python3.8/site-packages/airflow/models/dagbag.py", line 552, in collect_dags
    found_dags = self.process_file(filepath, only_if_updated=only_if_updated, safe_mode=safe_mode)
  File "/home/airflow/.local/lib/python3.8/site-packages/airflow/models/dagbag.py", line 309, in process_file
    mods = self._load_modules_from_file(filepath, safe_mode)
  File "/home/airflow/.local/lib/python3.8/site-packages/airflow/models/dagbag.py", line 321, in _load_modules_from_file
    if not might_contain_dag(filepath, safe_mode):
  File "/home/airflow/.local/lib/python3.8/site-packages/airflow/utils/file.py", line 341, in might_contain_dag
    return might_contain_dag_callable(file_path=file_path, zip_file=zip_file)
  File "/home/airflow/.local/lib/python3.8/site-packages/airflow/utils/file.py", line 358, in might_contain_dag_via_default_heuristic
    with open(file_path, "rb") as dag_file:
FileNotFoundError: [Errno 2] No such file or directory: '/opt/airflow/dags/exampledag.py'
[2025-09-06T17:37:30.349+0000] {processor.py:842} WARNING - No viable dags retrieved from /opt/airflow/dags/exampledag.py
[2025-09-06T17:37:30.359+0000] {processor.py:183} INFO - Processing /opt/airflow/dags/exampledag.py took 0.022 seconds
