[2025-09-07T10:12:52.413+0000] {taskinstance.py:1956} INFO - Dependencies all met for dep_context=non-requeueable deps ti=<TaskInstance: weather_etl_pipeline.prepare_email_content scheduled__2025-09-06T00:00:00+00:00 [queued]>
[2025-09-07T10:12:52.419+0000] {taskinstance.py:1956} INFO - Dependencies all met for dep_context=requeueable deps ti=<TaskInstance: weather_etl_pipeline.prepare_email_content scheduled__2025-09-06T00:00:00+00:00 [queued]>
[2025-09-07T10:12:52.420+0000] {taskinstance.py:2170} INFO - Starting attempt 1 of 1
[2025-09-07T10:12:52.432+0000] {taskinstance.py:2191} INFO - Executing <Task(_PythonDecoratedOperator): prepare_email_content> on 2025-09-06 00:00:00+00:00
[2025-09-07T10:12:52.437+0000] {standard_task_runner.py:60} INFO - Started process 173 to run task
[2025-09-07T10:12:52.441+0000] {standard_task_runner.py:87} INFO - Running: ['***', 'tasks', 'run', 'weather_etl_pipeline', 'prepare_email_content', 'scheduled__2025-09-06T00:00:00+00:00', '--job-id', '5', '--raw', '--subdir', 'DAGS_FOLDER/etl_weather.py', '--cfg-path', '/tmp/tmpg7fuj5ck']
[2025-09-07T10:12:52.444+0000] {standard_task_runner.py:88} INFO - Job 5: Subtask prepare_email_content
[2025-09-07T10:12:52.497+0000] {task_command.py:423} INFO - Running <TaskInstance: weather_etl_pipeline.prepare_email_content scheduled__2025-09-06T00:00:00+00:00 [running]> on host 4a306cb34657
[2025-09-07T10:12:52.553+0000] {taskinstance.py:2480} INFO - Exporting env vars: AIRFLOW_CTX_DAG_EMAIL='jayashree.kammu@gmail.com' AIRFLOW_CTX_DAG_OWNER='***' AIRFLOW_CTX_DAG_ID='weather_etl_pipeline' AIRFLOW_CTX_TASK_ID='prepare_email_content' AIRFLOW_CTX_EXECUTION_DATE='2025-09-06T00:00:00+00:00' AIRFLOW_CTX_TRY_NUMBER='1' AIRFLOW_CTX_DAG_RUN_ID='scheduled__2025-09-06T00:00:00+00:00'
[2025-09-07T10:12:52.554+0000] {etl_weather.py:109} INFO - Weather report prepared for email
[2025-09-07T10:12:52.554+0000] {python.py:201} INFO - Done. Returned value was: 
        <h1>Weather Report</h1>
        <p><strong>Date:</strong> 2025-09-07 10:12:51</p>
        <p><strong>Location:</strong> Latitude 13.0827, Longitude 80.125</p>
        <h2>Current Weather Conditions:</h2>
        <ul>
            <li><strong>Temperature:</strong> 34.8°C</li>
            <li><strong>Wind Speed:</strong> 7.1 km/h</li>
            <li><strong>Wind Direction:</strong> 285°</li>
            <li><strong>Weather Condition:</strong> Overcast (Code: 3)</li>
        </ul>
        <p>This report was generated automatically by Airflow.</p>
        
[2025-09-07T10:12:52.567+0000] {taskinstance.py:1138} INFO - Marking task as SUCCESS. dag_id=weather_etl_pipeline, task_id=prepare_email_content, execution_date=20250906T000000, start_date=20250907T101252, end_date=20250907T101252
[2025-09-07T10:12:52.580+0000] {local_task_job_runner.py:234} INFO - Task exited with return code 0
[2025-09-07T10:12:52.593+0000] {taskinstance.py:3280} INFO - 1 downstream tasks scheduled from follow-on schedule check
[2025-09-07T10:15:27.367+0000] {taskinstance.py:1956} INFO - Dependencies all met for dep_context=non-requeueable deps ti=<TaskInstance: weather_etl_pipeline.prepare_email_content scheduled__2025-09-06T00:00:00+00:00 [queued]>
[2025-09-07T10:15:27.372+0000] {taskinstance.py:1956} INFO - Dependencies all met for dep_context=requeueable deps ti=<TaskInstance: weather_etl_pipeline.prepare_email_content scheduled__2025-09-06T00:00:00+00:00 [queued]>
[2025-09-07T10:15:27.372+0000] {taskinstance.py:2170} INFO - Starting attempt 1 of 1
[2025-09-07T10:15:27.378+0000] {taskinstance.py:2191} INFO - Executing <Task(_PythonDecoratedOperator): prepare_email_content> on 2025-09-06 00:00:00+00:00
[2025-09-07T10:15:27.381+0000] {standard_task_runner.py:60} INFO - Started process 174 to run task
[2025-09-07T10:15:27.384+0000] {standard_task_runner.py:87} INFO - Running: ['***', 'tasks', 'run', 'weather_etl_pipeline', 'prepare_email_content', 'scheduled__2025-09-06T00:00:00+00:00', '--job-id', '4', '--raw', '--subdir', 'DAGS_FOLDER/etl_weather.py', '--cfg-path', '/tmp/tmpep4tt1eb']
[2025-09-07T10:15:27.386+0000] {standard_task_runner.py:88} INFO - Job 4: Subtask prepare_email_content
[2025-09-07T10:15:27.422+0000] {task_command.py:423} INFO - Running <TaskInstance: weather_etl_pipeline.prepare_email_content scheduled__2025-09-06T00:00:00+00:00 [running]> on host 932159872a3a
[2025-09-07T10:15:27.477+0000] {taskinstance.py:2480} INFO - Exporting env vars: AIRFLOW_CTX_DAG_EMAIL='jayashree.kammu@gmail.com' AIRFLOW_CTX_DAG_OWNER='***' AIRFLOW_CTX_DAG_ID='weather_etl_pipeline' AIRFLOW_CTX_TASK_ID='prepare_email_content' AIRFLOW_CTX_EXECUTION_DATE='2025-09-06T00:00:00+00:00' AIRFLOW_CTX_TRY_NUMBER='1' AIRFLOW_CTX_DAG_RUN_ID='scheduled__2025-09-06T00:00:00+00:00'
[2025-09-07T10:15:27.478+0000] {etl_weather.py:109} INFO - Weather report prepared for email
[2025-09-07T10:15:27.478+0000] {python.py:201} INFO - Done. Returned value was: 
        <h1>Weather Report</h1>
        <p><strong>Date:</strong> 2025-09-07 10:15:26</p>
        <p><strong>Location:</strong> Latitude 13.0827, Longitude 80.125</p>
        <h2>Current Weather Conditions:</h2>
        <ul>
            <li><strong>Temperature:</strong> 34.7°C</li>
            <li><strong>Wind Speed:</strong> 7.0 km/h</li>
            <li><strong>Wind Direction:</strong> 282°</li>
            <li><strong>Weather Condition:</strong> Overcast (Code: 3)</li>
        </ul>
        <p>This report was generated automatically by Airflow.</p>
        
[2025-09-07T10:15:27.491+0000] {taskinstance.py:1138} INFO - Marking task as SUCCESS. dag_id=weather_etl_pipeline, task_id=prepare_email_content, execution_date=20250906T000000, start_date=20250907T101527, end_date=20250907T101527
[2025-09-07T10:15:27.518+0000] {local_task_job_runner.py:234} INFO - Task exited with return code 0
[2025-09-07T10:15:27.534+0000] {taskinstance.py:3280} INFO - 1 downstream tasks scheduled from follow-on schedule check
[2025-09-07T10:21:44.445+0000] {taskinstance.py:1956} INFO - Dependencies all met for dep_context=non-requeueable deps ti=<TaskInstance: weather_etl_pipeline.prepare_email_content scheduled__2025-09-06T00:00:00+00:00 [queued]>
[2025-09-07T10:21:44.450+0000] {taskinstance.py:1956} INFO - Dependencies all met for dep_context=requeueable deps ti=<TaskInstance: weather_etl_pipeline.prepare_email_content scheduled__2025-09-06T00:00:00+00:00 [queued]>
[2025-09-07T10:21:44.450+0000] {taskinstance.py:2170} INFO - Starting attempt 1 of 1
[2025-09-07T10:21:44.456+0000] {taskinstance.py:2191} INFO - Executing <Task(_PythonDecoratedOperator): prepare_email_content> on 2025-09-06 00:00:00+00:00
[2025-09-07T10:21:44.459+0000] {standard_task_runner.py:60} INFO - Started process 174 to run task
[2025-09-07T10:21:44.464+0000] {standard_task_runner.py:87} INFO - Running: ['***', 'tasks', 'run', 'weather_etl_pipeline', 'prepare_email_content', 'scheduled__2025-09-06T00:00:00+00:00', '--job-id', '5', '--raw', '--subdir', 'DAGS_FOLDER/etl_weather.py', '--cfg-path', '/tmp/tmpyqg21qau']
[2025-09-07T10:21:44.467+0000] {standard_task_runner.py:88} INFO - Job 5: Subtask prepare_email_content
[2025-09-07T10:21:44.498+0000] {task_command.py:423} INFO - Running <TaskInstance: weather_etl_pipeline.prepare_email_content scheduled__2025-09-06T00:00:00+00:00 [running]> on host d3b02285c9c6
[2025-09-07T10:21:44.545+0000] {taskinstance.py:2480} INFO - Exporting env vars: AIRFLOW_CTX_DAG_EMAIL='jayashree.kammu@gmail.com' AIRFLOW_CTX_DAG_OWNER='***' AIRFLOW_CTX_DAG_ID='weather_etl_pipeline' AIRFLOW_CTX_TASK_ID='prepare_email_content' AIRFLOW_CTX_EXECUTION_DATE='2025-09-06T00:00:00+00:00' AIRFLOW_CTX_TRY_NUMBER='1' AIRFLOW_CTX_DAG_RUN_ID='scheduled__2025-09-06T00:00:00+00:00'
[2025-09-07T10:21:44.546+0000] {etl_weather.py:109} INFO - Weather report prepared for email
[2025-09-07T10:21:44.546+0000] {python.py:201} INFO - Done. Returned value was: 
        <h1>Weather Report</h1>
        <p><strong>Date:</strong> 2025-09-07 10:21:43</p>
        <p><strong>Location:</strong> Latitude 13.0827, Longitude 80.125</p>
        <h2>Current Weather Conditions:</h2>
        <ul>
            <li><strong>Temperature:</strong> 34.7°C</li>
            <li><strong>Wind Speed:</strong> 7.0 km/h</li>
            <li><strong>Wind Direction:</strong> 282°</li>
            <li><strong>Weather Condition:</strong> Overcast (Code: 3)</li>
        </ul>
        <p>This report was generated automatically by Airflow.</p>
        
[2025-09-07T10:21:44.560+0000] {taskinstance.py:1138} INFO - Marking task as SUCCESS. dag_id=weather_etl_pipeline, task_id=prepare_email_content, execution_date=20250906T000000, start_date=20250907T102144, end_date=20250907T102144
[2025-09-07T10:21:44.596+0000] {local_task_job_runner.py:234} INFO - Task exited with return code 0
[2025-09-07T10:21:44.611+0000] {taskinstance.py:3280} INFO - 1 downstream tasks scheduled from follow-on schedule check
[2025-09-07T10:24:30.378+0000] {taskinstance.py:1956} INFO - Dependencies all met for dep_context=non-requeueable deps ti=<TaskInstance: weather_etl_pipeline.prepare_email_content scheduled__2025-09-06T00:00:00+00:00 [queued]>
[2025-09-07T10:24:30.382+0000] {taskinstance.py:1956} INFO - Dependencies all met for dep_context=requeueable deps ti=<TaskInstance: weather_etl_pipeline.prepare_email_content scheduled__2025-09-06T00:00:00+00:00 [queued]>
[2025-09-07T10:24:30.382+0000] {taskinstance.py:2170} INFO - Starting attempt 1 of 1
[2025-09-07T10:24:30.388+0000] {taskinstance.py:2191} INFO - Executing <Task(_PythonDecoratedOperator): prepare_email_content> on 2025-09-06 00:00:00+00:00
[2025-09-07T10:24:30.391+0000] {standard_task_runner.py:60} INFO - Started process 174 to run task
[2025-09-07T10:24:30.394+0000] {standard_task_runner.py:87} INFO - Running: ['***', 'tasks', 'run', 'weather_etl_pipeline', 'prepare_email_content', 'scheduled__2025-09-06T00:00:00+00:00', '--job-id', '5', '--raw', '--subdir', 'DAGS_FOLDER/etl_weather.py', '--cfg-path', '/tmp/tmp7b0zij0k']
[2025-09-07T10:24:30.396+0000] {standard_task_runner.py:88} INFO - Job 5: Subtask prepare_email_content
[2025-09-07T10:24:30.428+0000] {task_command.py:423} INFO - Running <TaskInstance: weather_etl_pipeline.prepare_email_content scheduled__2025-09-06T00:00:00+00:00 [running]> on host bfcbbdc78486
[2025-09-07T10:24:30.476+0000] {taskinstance.py:2480} INFO - Exporting env vars: AIRFLOW_CTX_DAG_EMAIL='jayashree.kammu@gmail.com' AIRFLOW_CTX_DAG_OWNER='***' AIRFLOW_CTX_DAG_ID='weather_etl_pipeline' AIRFLOW_CTX_TASK_ID='prepare_email_content' AIRFLOW_CTX_EXECUTION_DATE='2025-09-06T00:00:00+00:00' AIRFLOW_CTX_TRY_NUMBER='1' AIRFLOW_CTX_DAG_RUN_ID='scheduled__2025-09-06T00:00:00+00:00'
[2025-09-07T10:24:30.476+0000] {etl_weather.py:109} INFO - Weather report prepared for email
[2025-09-07T10:24:30.477+0000] {python.py:201} INFO - Done. Returned value was: 
        <h1>Weather Report</h1>
        <p><strong>Date:</strong> 2025-09-07 10:24:29</p>
        <p><strong>Location:</strong> Latitude 13.0827, Longitude 80.125</p>
        <h2>Current Weather Conditions:</h2>
        <ul>
            <li><strong>Temperature:</strong> 34.7°C</li>
            <li><strong>Wind Speed:</strong> 7.0 km/h</li>
            <li><strong>Wind Direction:</strong> 282°</li>
            <li><strong>Weather Condition:</strong> Overcast (Code: 3)</li>
        </ul>
        <p>This report was generated automatically by Airflow.</p>
        
[2025-09-07T10:24:30.488+0000] {taskinstance.py:1138} INFO - Marking task as SUCCESS. dag_id=weather_etl_pipeline, task_id=prepare_email_content, execution_date=20250906T000000, start_date=20250907T102430, end_date=20250907T102430
[2025-09-07T10:24:30.528+0000] {local_task_job_runner.py:234} INFO - Task exited with return code 0
[2025-09-07T10:24:30.541+0000] {taskinstance.py:3280} INFO - 1 downstream tasks scheduled from follow-on schedule check
