[2025-09-06T16:50:58.848+0000] {taskinstance.py:1956} INFO - Dependencies all met for dep_context=non-requeueable deps ti=<TaskInstance: weather_etl_pipeline.prepare_email_content manual__2025-09-06T16:50:56.450281+00:00 [queued]>
[2025-09-06T16:50:58.853+0000] {taskinstance.py:1956} INFO - Dependencies all met for dep_context=requeueable deps ti=<TaskInstance: weather_etl_pipeline.prepare_email_content manual__2025-09-06T16:50:56.450281+00:00 [queued]>
[2025-09-06T16:50:58.854+0000] {taskinstance.py:2170} INFO - Starting attempt 1 of 1
[2025-09-06T16:50:58.860+0000] {taskinstance.py:2191} INFO - Executing <Task(_PythonDecoratedOperator): prepare_email_content> on 2025-09-06 16:50:56.450281+00:00
[2025-09-06T16:50:58.863+0000] {standard_task_runner.py:60} INFO - Started process 266 to run task
[2025-09-06T16:50:58.865+0000] {standard_task_runner.py:87} INFO - Running: ['***', 'tasks', 'run', 'weather_etl_pipeline', 'prepare_email_content', 'manual__2025-09-06T16:50:56.450281+00:00', '--job-id', '12', '--raw', '--subdir', 'DAGS_FOLDER/etlweather.py', '--cfg-path', '/tmp/tmpkeu4qla0']
[2025-09-06T16:50:58.867+0000] {standard_task_runner.py:88} INFO - Job 12: Subtask prepare_email_content
[2025-09-06T16:50:58.893+0000] {task_command.py:423} INFO - Running <TaskInstance: weather_etl_pipeline.prepare_email_content manual__2025-09-06T16:50:56.450281+00:00 [running]> on host acffb6f403d4
[2025-09-06T16:50:58.932+0000] {taskinstance.py:2480} INFO - Exporting env vars: AIRFLOW_CTX_DAG_EMAIL='test@example.com' AIRFLOW_CTX_DAG_OWNER='***' AIRFLOW_CTX_DAG_ID='weather_etl_pipeline' AIRFLOW_CTX_TASK_ID='prepare_email_content' AIRFLOW_CTX_EXECUTION_DATE='2025-09-06T16:50:56.450281+00:00' AIRFLOW_CTX_TRY_NUMBER='1' AIRFLOW_CTX_DAG_RUN_ID='manual__2025-09-06T16:50:56.450281+00:00'
[2025-09-06T16:50:58.933+0000] {etlweather.py:103} INFO - Weather report prepared for email
[2025-09-06T16:50:58.933+0000] {python.py:201} INFO - Done. Returned value was: 
        <h1>Weather Report</h1>
        <p><strong>Date:</strong> 2025-09-06 16:50:57</p>
        <p><strong>Location:</strong> Latitude 51.5074, Longitude -0.1278</p>
        <h2>Current Weather Conditions:</h2>
        <ul>
            <li><strong>Temperature:</strong> 22.7°C</li>
            <li><strong>Wind Speed:</strong> 15.8 km/h</li>
            <li><strong>Wind Direction:</strong> 125°</li>
            <li><strong>Weather Condition:</strong> Overcast (Code: 3)</li>
        </ul>
        <p>This report was generated automatically by Airflow.</p>
        
[2025-09-06T16:50:58.942+0000] {taskinstance.py:1138} INFO - Marking task as SUCCESS. dag_id=weather_etl_pipeline, task_id=prepare_email_content, execution_date=20250906T165056, start_date=20250906T165058, end_date=20250906T165058
[2025-09-06T16:50:58.957+0000] {local_task_job_runner.py:234} INFO - Task exited with return code 0
[2025-09-06T16:50:58.969+0000] {taskinstance.py:3280} INFO - 1 downstream tasks scheduled from follow-on schedule check
