[2025-09-06T17:42:53.660+0000] {taskinstance.py:1956} INFO - Dependencies all met for dep_context=non-requeueable deps ti=<TaskInstance: weather_etl_pipeline.prepare_email_content manual__2025-09-06T17:42:50.990461+00:00 [queued]>
[2025-09-06T17:42:53.664+0000] {taskinstance.py:1956} INFO - Dependencies all met for dep_context=requeueable deps ti=<TaskInstance: weather_etl_pipeline.prepare_email_content manual__2025-09-06T17:42:50.990461+00:00 [queued]>
[2025-09-06T17:42:53.664+0000] {taskinstance.py:2170} INFO - Starting attempt 1 of 1
[2025-09-06T17:42:53.670+0000] {taskinstance.py:2191} INFO - Executing <Task(_PythonDecoratedOperator): prepare_email_content> on 2025-09-06 17:42:50.990461+00:00
[2025-09-06T17:42:53.673+0000] {standard_task_runner.py:60} INFO - Started process 95 to run task
[2025-09-06T17:42:53.675+0000] {standard_task_runner.py:87} INFO - Running: ['***', 'tasks', 'run', 'weather_etl_pipeline', 'prepare_email_content', 'manual__2025-09-06T17:42:50.990461+00:00', '--job-id', '43', '--raw', '--subdir', 'DAGS_FOLDER/etlweather.py', '--cfg-path', '/tmp/tmpqzw8f_v9']
[2025-09-06T17:42:53.676+0000] {standard_task_runner.py:88} INFO - Job 43: Subtask prepare_email_content
[2025-09-06T17:42:53.701+0000] {task_command.py:423} INFO - Running <TaskInstance: weather_etl_pipeline.prepare_email_content manual__2025-09-06T17:42:50.990461+00:00 [running]> on host fbb9d538f3fd
[2025-09-06T17:42:53.740+0000] {taskinstance.py:2480} INFO - Exporting env vars: AIRFLOW_CTX_DAG_EMAIL='your-actual-email@gmail.com' AIRFLOW_CTX_DAG_OWNER='***' AIRFLOW_CTX_DAG_ID='weather_etl_pipeline' AIRFLOW_CTX_TASK_ID='prepare_email_content' AIRFLOW_CTX_EXECUTION_DATE='2025-09-06T17:42:50.990461+00:00' AIRFLOW_CTX_TRY_NUMBER='1' AIRFLOW_CTX_DAG_RUN_ID='manual__2025-09-06T17:42:50.990461+00:00'
[2025-09-06T17:42:53.741+0000] {etlweather.py:109} INFO - Weather report prepared for email
[2025-09-06T17:42:53.741+0000] {python.py:201} INFO - Done. Returned value was: 
        <h1>Weather Report</h1>
        <p><strong>Date:</strong> 2025-09-06 17:42:52</p>
        <p><strong>Location:</strong> Latitude 51.5074, Longitude -0.1278</p>
        <h2>Current Weather Conditions:</h2>
        <ul>
            <li><strong>Temperature:</strong> 22.5°C</li>
            <li><strong>Wind Speed:</strong> 14.8 km/h</li>
            <li><strong>Wind Direction:</strong> 119°</li>
            <li><strong>Weather Condition:</strong> Overcast (Code: 3)</li>
        </ul>
        <p>This report was generated automatically by Airflow.</p>
        
[2025-09-06T17:42:53.750+0000] {taskinstance.py:1138} INFO - Marking task as SUCCESS. dag_id=weather_etl_pipeline, task_id=prepare_email_content, execution_date=20250906T174250, start_date=20250906T174253, end_date=20250906T174253
[2025-09-06T17:42:53.767+0000] {local_task_job_runner.py:234} INFO - Task exited with return code 0
[2025-09-06T17:42:53.779+0000] {taskinstance.py:3280} INFO - 2 downstream tasks scheduled from follow-on schedule check
