[2025-09-07T10:12:52.413+0000] {taskinstance.py:1956} INFO - Dependencies all met for dep_context=non-requeueable deps ti=<TaskInstance: weather_etl_pipeline.save_weather_report scheduled__2025-09-06T00:00:00+00:00 [queued]>
[2025-09-07T10:12:52.419+0000] {taskinstance.py:1956} INFO - Dependencies all met for dep_context=requeueable deps ti=<TaskInstance: weather_etl_pipeline.save_weather_report scheduled__2025-09-06T00:00:00+00:00 [queued]>
[2025-09-07T10:12:52.420+0000] {taskinstance.py:2170} INFO - Starting attempt 1 of 1
[2025-09-07T10:12:52.432+0000] {taskinstance.py:2191} INFO - Executing <Task(_PythonDecoratedOperator): save_weather_report> on 2025-09-06 00:00:00+00:00
[2025-09-07T10:12:52.440+0000] {standard_task_runner.py:60} INFO - Started process 174 to run task
[2025-09-07T10:12:52.449+0000] {standard_task_runner.py:87} INFO - Running: ['***', 'tasks', 'run', 'weather_etl_pipeline', 'save_weather_report', 'scheduled__2025-09-06T00:00:00+00:00', '--job-id', '4', '--raw', '--subdir', 'DAGS_FOLDER/etl_weather.py', '--cfg-path', '/tmp/tmplxnvymff']
[2025-09-07T10:12:52.457+0000] {standard_task_runner.py:88} INFO - Job 4: Subtask save_weather_report
[2025-09-07T10:12:52.503+0000] {task_command.py:423} INFO - Running <TaskInstance: weather_etl_pipeline.save_weather_report scheduled__2025-09-06T00:00:00+00:00 [running]> on host 4a306cb34657
[2025-09-07T10:12:52.559+0000] {taskinstance.py:2480} INFO - Exporting env vars: AIRFLOW_CTX_DAG_EMAIL='jayashree.kammu@gmail.com' AIRFLOW_CTX_DAG_OWNER='***' AIRFLOW_CTX_DAG_ID='weather_etl_pipeline' AIRFLOW_CTX_TASK_ID='save_weather_report' AIRFLOW_CTX_EXECUTION_DATE='2025-09-06T00:00:00+00:00' AIRFLOW_CTX_TRY_NUMBER='1' AIRFLOW_CTX_DAG_RUN_ID='scheduled__2025-09-06T00:00:00+00:00'
[2025-09-07T10:12:52.562+0000] {etl_weather.py:129} INFO - Weather data saved to /opt/***/dags/output/weather_data_20250907_101252.json
[2025-09-07T10:12:52.563+0000] {python.py:201} INFO - Done. Returned value was: /opt/***/dags/output/weather_data_20250907_101252.json
[2025-09-07T10:12:52.577+0000] {taskinstance.py:1138} INFO - Marking task as SUCCESS. dag_id=weather_etl_pipeline, task_id=save_weather_report, execution_date=20250906T000000, start_date=20250907T101252, end_date=20250907T101252
[2025-09-07T10:12:52.621+0000] {local_task_job_runner.py:234} INFO - Task exited with return code 0
[2025-09-07T10:12:52.631+0000] {taskinstance.py:3280} INFO - 0 downstream tasks scheduled from follow-on schedule check
[2025-09-07T10:15:27.371+0000] {taskinstance.py:1956} INFO - Dependencies all met for dep_context=non-requeueable deps ti=<TaskInstance: weather_etl_pipeline.save_weather_report scheduled__2025-09-06T00:00:00+00:00 [queued]>
[2025-09-07T10:15:27.375+0000] {taskinstance.py:1956} INFO - Dependencies all met for dep_context=requeueable deps ti=<TaskInstance: weather_etl_pipeline.save_weather_report scheduled__2025-09-06T00:00:00+00:00 [queued]>
[2025-09-07T10:15:27.376+0000] {taskinstance.py:2170} INFO - Starting attempt 1 of 1
[2025-09-07T10:15:27.383+0000] {taskinstance.py:2191} INFO - Executing <Task(_PythonDecoratedOperator): save_weather_report> on 2025-09-06 00:00:00+00:00
[2025-09-07T10:15:27.386+0000] {standard_task_runner.py:60} INFO - Started process 175 to run task
[2025-09-07T10:15:27.389+0000] {standard_task_runner.py:87} INFO - Running: ['***', 'tasks', 'run', 'weather_etl_pipeline', 'save_weather_report', 'scheduled__2025-09-06T00:00:00+00:00', '--job-id', '5', '--raw', '--subdir', 'DAGS_FOLDER/etl_weather.py', '--cfg-path', '/tmp/tmpb9y8d09x']
[2025-09-07T10:15:27.390+0000] {standard_task_runner.py:88} INFO - Job 5: Subtask save_weather_report
[2025-09-07T10:15:27.422+0000] {task_command.py:423} INFO - Running <TaskInstance: weather_etl_pipeline.save_weather_report scheduled__2025-09-06T00:00:00+00:00 [running]> on host 932159872a3a
[2025-09-07T10:15:27.478+0000] {taskinstance.py:2480} INFO - Exporting env vars: AIRFLOW_CTX_DAG_EMAIL='jayashree.kammu@gmail.com' AIRFLOW_CTX_DAG_OWNER='***' AIRFLOW_CTX_DAG_ID='weather_etl_pipeline' AIRFLOW_CTX_TASK_ID='save_weather_report' AIRFLOW_CTX_EXECUTION_DATE='2025-09-06T00:00:00+00:00' AIRFLOW_CTX_TRY_NUMBER='1' AIRFLOW_CTX_DAG_RUN_ID='scheduled__2025-09-06T00:00:00+00:00'
[2025-09-07T10:15:27.482+0000] {etl_weather.py:129} INFO - Weather data saved to /opt/***/dags/output/weather_data_20250907_101527.json
[2025-09-07T10:15:27.482+0000] {python.py:201} INFO - Done. Returned value was: /opt/***/dags/output/weather_data_20250907_101527.json
[2025-09-07T10:15:27.494+0000] {taskinstance.py:1138} INFO - Marking task as SUCCESS. dag_id=weather_etl_pipeline, task_id=save_weather_report, execution_date=20250906T000000, start_date=20250907T101527, end_date=20250907T101527
[2025-09-07T10:15:27.521+0000] {local_task_job_runner.py:234} INFO - Task exited with return code 0
[2025-09-07T10:15:27.540+0000] {taskinstance.py:3280} INFO - 0 downstream tasks scheduled from follow-on schedule check
[2025-09-07T10:21:44.445+0000] {taskinstance.py:1956} INFO - Dependencies all met for dep_context=non-requeueable deps ti=<TaskInstance: weather_etl_pipeline.save_weather_report scheduled__2025-09-06T00:00:00+00:00 [queued]>
[2025-09-07T10:21:44.450+0000] {taskinstance.py:1956} INFO - Dependencies all met for dep_context=requeueable deps ti=<TaskInstance: weather_etl_pipeline.save_weather_report scheduled__2025-09-06T00:00:00+00:00 [queued]>
[2025-09-07T10:21:44.450+0000] {taskinstance.py:2170} INFO - Starting attempt 1 of 1
[2025-09-07T10:21:44.456+0000] {taskinstance.py:2191} INFO - Executing <Task(_PythonDecoratedOperator): save_weather_report> on 2025-09-06 00:00:00+00:00
[2025-09-07T10:21:44.459+0000] {standard_task_runner.py:60} INFO - Started process 175 to run task
[2025-09-07T10:21:44.462+0000] {standard_task_runner.py:87} INFO - Running: ['***', 'tasks', 'run', 'weather_etl_pipeline', 'save_weather_report', 'scheduled__2025-09-06T00:00:00+00:00', '--job-id', '4', '--raw', '--subdir', 'DAGS_FOLDER/etl_weather.py', '--cfg-path', '/tmp/tmpijj9rxeg']
[2025-09-07T10:21:44.466+0000] {standard_task_runner.py:88} INFO - Job 4: Subtask save_weather_report
[2025-09-07T10:21:44.498+0000] {task_command.py:423} INFO - Running <TaskInstance: weather_etl_pipeline.save_weather_report scheduled__2025-09-06T00:00:00+00:00 [running]> on host d3b02285c9c6
[2025-09-07T10:21:44.544+0000] {taskinstance.py:2480} INFO - Exporting env vars: AIRFLOW_CTX_DAG_EMAIL='jayashree.kammu@gmail.com' AIRFLOW_CTX_DAG_OWNER='***' AIRFLOW_CTX_DAG_ID='weather_etl_pipeline' AIRFLOW_CTX_TASK_ID='save_weather_report' AIRFLOW_CTX_EXECUTION_DATE='2025-09-06T00:00:00+00:00' AIRFLOW_CTX_TRY_NUMBER='1' AIRFLOW_CTX_DAG_RUN_ID='scheduled__2025-09-06T00:00:00+00:00'
[2025-09-07T10:21:44.547+0000] {etl_weather.py:129} INFO - Weather data saved to /opt/***/dags/output/weather_data_20250907_102144.json
[2025-09-07T10:21:44.547+0000] {python.py:201} INFO - Done. Returned value was: /opt/***/dags/output/weather_data_20250907_102144.json
[2025-09-07T10:21:44.559+0000] {taskinstance.py:1138} INFO - Marking task as SUCCESS. dag_id=weather_etl_pipeline, task_id=save_weather_report, execution_date=20250906T000000, start_date=20250907T102144, end_date=20250907T102144
[2025-09-07T10:21:44.596+0000] {local_task_job_runner.py:234} INFO - Task exited with return code 0
[2025-09-07T10:21:44.617+0000] {taskinstance.py:3280} INFO - 0 downstream tasks scheduled from follow-on schedule check
[2025-09-07T10:24:30.377+0000] {taskinstance.py:1956} INFO - Dependencies all met for dep_context=non-requeueable deps ti=<TaskInstance: weather_etl_pipeline.save_weather_report scheduled__2025-09-06T00:00:00+00:00 [queued]>
[2025-09-07T10:24:30.382+0000] {taskinstance.py:1956} INFO - Dependencies all met for dep_context=requeueable deps ti=<TaskInstance: weather_etl_pipeline.save_weather_report scheduled__2025-09-06T00:00:00+00:00 [queued]>
[2025-09-07T10:24:30.383+0000] {taskinstance.py:2170} INFO - Starting attempt 1 of 1
[2025-09-07T10:24:30.389+0000] {taskinstance.py:2191} INFO - Executing <Task(_PythonDecoratedOperator): save_weather_report> on 2025-09-06 00:00:00+00:00
[2025-09-07T10:24:30.392+0000] {standard_task_runner.py:60} INFO - Started process 175 to run task
[2025-09-07T10:24:30.396+0000] {standard_task_runner.py:87} INFO - Running: ['***', 'tasks', 'run', 'weather_etl_pipeline', 'save_weather_report', 'scheduled__2025-09-06T00:00:00+00:00', '--job-id', '4', '--raw', '--subdir', 'DAGS_FOLDER/etl_weather.py', '--cfg-path', '/tmp/tmpmtjshpvl']
[2025-09-07T10:24:30.397+0000] {standard_task_runner.py:88} INFO - Job 4: Subtask save_weather_report
[2025-09-07T10:24:30.430+0000] {task_command.py:423} INFO - Running <TaskInstance: weather_etl_pipeline.save_weather_report scheduled__2025-09-06T00:00:00+00:00 [running]> on host bfcbbdc78486
[2025-09-07T10:24:30.474+0000] {taskinstance.py:2480} INFO - Exporting env vars: AIRFLOW_CTX_DAG_EMAIL='jayashree.kammu@gmail.com' AIRFLOW_CTX_DAG_OWNER='***' AIRFLOW_CTX_DAG_ID='weather_etl_pipeline' AIRFLOW_CTX_TASK_ID='save_weather_report' AIRFLOW_CTX_EXECUTION_DATE='2025-09-06T00:00:00+00:00' AIRFLOW_CTX_TRY_NUMBER='1' AIRFLOW_CTX_DAG_RUN_ID='scheduled__2025-09-06T00:00:00+00:00'
[2025-09-07T10:24:30.478+0000] {etl_weather.py:129} INFO - Weather data saved to /opt/***/dags/output/weather_data_20250907_102430.json
[2025-09-07T10:24:30.479+0000] {python.py:201} INFO - Done. Returned value was: /opt/***/dags/output/weather_data_20250907_102430.json
[2025-09-07T10:24:30.489+0000] {taskinstance.py:1138} INFO - Marking task as SUCCESS. dag_id=weather_etl_pipeline, task_id=save_weather_report, execution_date=20250906T000000, start_date=20250907T102430, end_date=20250907T102430
[2025-09-07T10:24:30.528+0000] {local_task_job_runner.py:234} INFO - Task exited with return code 0
[2025-09-07T10:24:30.547+0000] {taskinstance.py:3280} INFO - 0 downstream tasks scheduled from follow-on schedule check
