[2025-09-07T10:13:19.253+0000] {taskinstance.py:1956} INFO - Dependencies all met for dep_context=non-requeueable deps ti=<TaskInstance: weather_etl_pipeline.prepare_email_content manual__2025-09-07T10:13:16.771338+00:00 [queued]>
[2025-09-07T10:13:19.257+0000] {taskinstance.py:1956} INFO - Dependencies all met for dep_context=requeueable deps ti=<TaskInstance: weather_etl_pipeline.prepare_email_content manual__2025-09-07T10:13:16.771338+00:00 [queued]>
[2025-09-07T10:13:19.257+0000] {taskinstance.py:2170} INFO - Starting attempt 1 of 1
[2025-09-07T10:13:19.263+0000] {taskinstance.py:2191} INFO - Executing <Task(_PythonDecoratedOperator): prepare_email_content> on 2025-09-07 10:13:16.771338+00:00
[2025-09-07T10:13:19.265+0000] {standard_task_runner.py:60} INFO - Started process 183 to run task
[2025-09-07T10:13:19.268+0000] {standard_task_runner.py:87} INFO - Running: ['***', 'tasks', 'run', 'weather_etl_pipeline', 'prepare_email_content', 'manual__2025-09-07T10:13:16.771338+00:00', '--job-id', '9', '--raw', '--subdir', 'DAGS_FOLDER/etl_weather.py', '--cfg-path', '/tmp/tmpklnh_kn0']
[2025-09-07T10:13:19.270+0000] {standard_task_runner.py:88} INFO - Job 9: Subtask prepare_email_content
[2025-09-07T10:13:19.299+0000] {task_command.py:423} INFO - Running <TaskInstance: weather_etl_pipeline.prepare_email_content manual__2025-09-07T10:13:16.771338+00:00 [running]> on host 4a306cb34657
[2025-09-07T10:13:19.350+0000] {taskinstance.py:2480} INFO - Exporting env vars: AIRFLOW_CTX_DAG_EMAIL='jayashree.kammu@gmail.com' AIRFLOW_CTX_DAG_OWNER='***' AIRFLOW_CTX_DAG_ID='weather_etl_pipeline' AIRFLOW_CTX_TASK_ID='prepare_email_content' AIRFLOW_CTX_EXECUTION_DATE='2025-09-07T10:13:16.771338+00:00' AIRFLOW_CTX_TRY_NUMBER='1' AIRFLOW_CTX_DAG_RUN_ID='manual__2025-09-07T10:13:16.771338+00:00'
[2025-09-07T10:13:19.351+0000] {etl_weather.py:109} INFO - Weather report prepared for email
[2025-09-07T10:13:19.351+0000] {python.py:201} INFO - Done. Returned value was: 
        <h1>Weather Report</h1>
        <p><strong>Date:</strong> 2025-09-07 10:13:18</p>
        <p><strong>Location:</strong> Latitude 13.0827, Longitude 80.125</p>
        <h2>Current Weather Conditions:</h2>
        <ul>
            <li><strong>Temperature:</strong> 34.8°C</li>
            <li><strong>Wind Speed:</strong> 7.1 km/h</li>
            <li><strong>Wind Direction:</strong> 285°</li>
            <li><strong>Weather Condition:</strong> Overcast (Code: 3)</li>
        </ul>
        <p>This report was generated automatically by Airflow.</p>
        
[2025-09-07T10:13:19.361+0000] {taskinstance.py:1138} INFO - Marking task as SUCCESS. dag_id=weather_etl_pipeline, task_id=prepare_email_content, execution_date=20250907T101316, start_date=20250907T101319, end_date=20250907T101319
[2025-09-07T10:13:19.401+0000] {local_task_job_runner.py:234} INFO - Task exited with return code 0
[2025-09-07T10:13:19.416+0000] {taskinstance.py:3280} INFO - 1 downstream tasks scheduled from follow-on schedule check
