[2025-09-07T10:12:50.275+0000] {taskinstance.py:1956} INFO - Dependencies all met for dep_context=non-requeueable deps ti=<TaskInstance: weather_etl_pipeline.extract_weather_data scheduled__2025-09-06T00:00:00+00:00 [queued]>
[2025-09-07T10:12:50.279+0000] {taskinstance.py:1956} INFO - Dependencies all met for dep_context=requeueable deps ti=<TaskInstance: weather_etl_pipeline.extract_weather_data scheduled__2025-09-06T00:00:00+00:00 [queued]>
[2025-09-07T10:12:50.279+0000] {taskinstance.py:2170} INFO - Starting attempt 1 of 1
[2025-09-07T10:12:50.286+0000] {taskinstance.py:2191} INFO - Executing <Task(_PythonDecoratedOperator): extract_weather_data> on 2025-09-06 00:00:00+00:00
[2025-09-07T10:12:50.289+0000] {standard_task_runner.py:60} INFO - Started process 168 to run task
[2025-09-07T10:12:50.293+0000] {standard_task_runner.py:87} INFO - Running: ['***', 'tasks', 'run', 'weather_etl_pipeline', 'extract_weather_data', 'scheduled__2025-09-06T00:00:00+00:00', '--job-id', '2', '--raw', '--subdir', 'DAGS_FOLDER/etl_weather.py', '--cfg-path', '/tmp/tmpe3i6272l']
[2025-09-07T10:12:50.295+0000] {standard_task_runner.py:88} INFO - Job 2: Subtask extract_weather_data
[2025-09-07T10:12:50.337+0000] {task_command.py:423} INFO - Running <TaskInstance: weather_etl_pipeline.extract_weather_data scheduled__2025-09-06T00:00:00+00:00 [running]> on host 4a306cb34657
[2025-09-07T10:12:50.378+0000] {taskinstance.py:2480} INFO - Exporting env vars: AIRFLOW_CTX_DAG_EMAIL='jayashree.kammu@gmail.com' AIRFLOW_CTX_DAG_OWNER='***' AIRFLOW_CTX_DAG_ID='weather_etl_pipeline' AIRFLOW_CTX_TASK_ID='extract_weather_data' AIRFLOW_CTX_EXECUTION_DATE='2025-09-06T00:00:00+00:00' AIRFLOW_CTX_TRY_NUMBER='1' AIRFLOW_CTX_DAG_RUN_ID='scheduled__2025-09-06T00:00:00+00:00'
[2025-09-07T10:12:50.380+0000] {base.py:83} INFO - Using connection ID 'open_meteo_api' for task execution.
[2025-09-07T10:12:50.871+0000] {python.py:201} INFO - Done. Returned value was: {'latitude': 13.125, 'longitude': 80.125, 'generationtime_ms': 0.03719329833984375, 'utc_offset_seconds': 19800, 'timezone': 'Asia/Kolkata', 'timezone_abbreviation': 'GMT+5:30', 'elevation': 16.0, 'current_weather_units': {'time': 'iso8601', 'interval': 'seconds', 'temperature': '°C', 'windspeed': 'km/h', 'winddirection': '°', 'is_day': '', 'weathercode': 'wmo code'}, 'current_weather': {'time': '2025-09-07T15:30', 'interval': 900, 'temperature': 34.8, 'windspeed': 7.1, 'winddirection': 285, 'is_day': 1, 'weathercode': 3}}
[2025-09-07T10:12:50.884+0000] {taskinstance.py:1138} INFO - Marking task as SUCCESS. dag_id=weather_etl_pipeline, task_id=extract_weather_data, execution_date=20250906T000000, start_date=20250907T101250, end_date=20250907T101250
[2025-09-07T10:12:50.933+0000] {local_task_job_runner.py:234} INFO - Task exited with return code 0
[2025-09-07T10:12:50.956+0000] {taskinstance.py:3280} INFO - 1 downstream tasks scheduled from follow-on schedule check
[2025-09-07T10:15:25.250+0000] {taskinstance.py:1956} INFO - Dependencies all met for dep_context=non-requeueable deps ti=<TaskInstance: weather_etl_pipeline.extract_weather_data scheduled__2025-09-06T00:00:00+00:00 [queued]>
[2025-09-07T10:15:25.255+0000] {taskinstance.py:1956} INFO - Dependencies all met for dep_context=requeueable deps ti=<TaskInstance: weather_etl_pipeline.extract_weather_data scheduled__2025-09-06T00:00:00+00:00 [queued]>
[2025-09-07T10:15:25.255+0000] {taskinstance.py:2170} INFO - Starting attempt 1 of 1
[2025-09-07T10:15:25.261+0000] {taskinstance.py:2191} INFO - Executing <Task(_PythonDecoratedOperator): extract_weather_data> on 2025-09-06 00:00:00+00:00
[2025-09-07T10:15:25.264+0000] {standard_task_runner.py:60} INFO - Started process 169 to run task
[2025-09-07T10:15:25.266+0000] {standard_task_runner.py:87} INFO - Running: ['***', 'tasks', 'run', 'weather_etl_pipeline', 'extract_weather_data', 'scheduled__2025-09-06T00:00:00+00:00', '--job-id', '2', '--raw', '--subdir', 'DAGS_FOLDER/etl_weather.py', '--cfg-path', '/tmp/tmpw79927pz']
[2025-09-07T10:15:25.268+0000] {standard_task_runner.py:88} INFO - Job 2: Subtask extract_weather_data
[2025-09-07T10:15:25.299+0000] {task_command.py:423} INFO - Running <TaskInstance: weather_etl_pipeline.extract_weather_data scheduled__2025-09-06T00:00:00+00:00 [running]> on host 932159872a3a
[2025-09-07T10:15:25.337+0000] {taskinstance.py:2480} INFO - Exporting env vars: AIRFLOW_CTX_DAG_EMAIL='jayashree.kammu@gmail.com' AIRFLOW_CTX_DAG_OWNER='***' AIRFLOW_CTX_DAG_ID='weather_etl_pipeline' AIRFLOW_CTX_TASK_ID='extract_weather_data' AIRFLOW_CTX_EXECUTION_DATE='2025-09-06T00:00:00+00:00' AIRFLOW_CTX_TRY_NUMBER='1' AIRFLOW_CTX_DAG_RUN_ID='scheduled__2025-09-06T00:00:00+00:00'
[2025-09-07T10:15:25.340+0000] {base.py:83} INFO - Using connection ID 'open_meteo_api' for task execution.
[2025-09-07T10:15:25.764+0000] {python.py:201} INFO - Done. Returned value was: {'latitude': 13.125, 'longitude': 80.125, 'generationtime_ms': 0.03743171691894531, 'utc_offset_seconds': 19800, 'timezone': 'Asia/Kolkata', 'timezone_abbreviation': 'GMT+5:30', 'elevation': 16.0, 'current_weather_units': {'time': 'iso8601', 'interval': 'seconds', 'temperature': '°C', 'windspeed': 'km/h', 'winddirection': '°', 'is_day': '', 'weathercode': 'wmo code'}, 'current_weather': {'time': '2025-09-07T15:45', 'interval': 900, 'temperature': 34.7, 'windspeed': 7.0, 'winddirection': 282, 'is_day': 1, 'weathercode': 3}}
[2025-09-07T10:15:25.780+0000] {taskinstance.py:1138} INFO - Marking task as SUCCESS. dag_id=weather_etl_pipeline, task_id=extract_weather_data, execution_date=20250906T000000, start_date=20250907T101525, end_date=20250907T101525
[2025-09-07T10:15:25.822+0000] {local_task_job_runner.py:234} INFO - Task exited with return code 0
[2025-09-07T10:15:25.841+0000] {taskinstance.py:3280} INFO - 1 downstream tasks scheduled from follow-on schedule check
[2025-09-07T10:21:41.292+0000] {taskinstance.py:1956} INFO - Dependencies all met for dep_context=non-requeueable deps ti=<TaskInstance: weather_etl_pipeline.extract_weather_data scheduled__2025-09-06T00:00:00+00:00 [queued]>
[2025-09-07T10:21:41.296+0000] {taskinstance.py:1956} INFO - Dependencies all met for dep_context=requeueable deps ti=<TaskInstance: weather_etl_pipeline.extract_weather_data scheduled__2025-09-06T00:00:00+00:00 [queued]>
[2025-09-07T10:21:41.296+0000] {taskinstance.py:2170} INFO - Starting attempt 1 of 1
[2025-09-07T10:21:41.302+0000] {taskinstance.py:2191} INFO - Executing <Task(_PythonDecoratedOperator): extract_weather_data> on 2025-09-06 00:00:00+00:00
[2025-09-07T10:21:41.304+0000] {standard_task_runner.py:60} INFO - Started process 169 to run task
[2025-09-07T10:21:41.307+0000] {standard_task_runner.py:87} INFO - Running: ['***', 'tasks', 'run', 'weather_etl_pipeline', 'extract_weather_data', 'scheduled__2025-09-06T00:00:00+00:00', '--job-id', '2', '--raw', '--subdir', 'DAGS_FOLDER/etl_weather.py', '--cfg-path', '/tmp/tmpzvo_m5ru']
[2025-09-07T10:21:41.308+0000] {standard_task_runner.py:88} INFO - Job 2: Subtask extract_weather_data
[2025-09-07T10:21:41.338+0000] {task_command.py:423} INFO - Running <TaskInstance: weather_etl_pipeline.extract_weather_data scheduled__2025-09-06T00:00:00+00:00 [running]> on host d3b02285c9c6
[2025-09-07T10:21:41.376+0000] {taskinstance.py:2480} INFO - Exporting env vars: AIRFLOW_CTX_DAG_EMAIL='jayashree.kammu@gmail.com' AIRFLOW_CTX_DAG_OWNER='***' AIRFLOW_CTX_DAG_ID='weather_etl_pipeline' AIRFLOW_CTX_TASK_ID='extract_weather_data' AIRFLOW_CTX_EXECUTION_DATE='2025-09-06T00:00:00+00:00' AIRFLOW_CTX_TRY_NUMBER='1' AIRFLOW_CTX_DAG_RUN_ID='scheduled__2025-09-06T00:00:00+00:00'
[2025-09-07T10:21:41.377+0000] {base.py:83} INFO - Using connection ID 'open_meteo_api' for task execution.
[2025-09-07T10:21:42.508+0000] {python.py:201} INFO - Done. Returned value was: {'latitude': 13.125, 'longitude': 80.125, 'generationtime_ms': 0.046133995056152344, 'utc_offset_seconds': 19800, 'timezone': 'Asia/Kolkata', 'timezone_abbreviation': 'GMT+5:30', 'elevation': 16.0, 'current_weather_units': {'time': 'iso8601', 'interval': 'seconds', 'temperature': '°C', 'windspeed': 'km/h', 'winddirection': '°', 'is_day': '', 'weathercode': 'wmo code'}, 'current_weather': {'time': '2025-09-07T15:45', 'interval': 900, 'temperature': 34.7, 'windspeed': 7.0, 'winddirection': 282, 'is_day': 1, 'weathercode': 3}}
[2025-09-07T10:21:42.520+0000] {taskinstance.py:1138} INFO - Marking task as SUCCESS. dag_id=weather_etl_pipeline, task_id=extract_weather_data, execution_date=20250906T000000, start_date=20250907T102141, end_date=20250907T102142
[2025-09-07T10:21:42.569+0000] {local_task_job_runner.py:234} INFO - Task exited with return code 0
[2025-09-07T10:21:42.585+0000] {taskinstance.py:3280} INFO - 1 downstream tasks scheduled from follow-on schedule check
[2025-09-07T10:24:27.246+0000] {taskinstance.py:1956} INFO - Dependencies all met for dep_context=non-requeueable deps ti=<TaskInstance: weather_etl_pipeline.extract_weather_data scheduled__2025-09-06T00:00:00+00:00 [queued]>
[2025-09-07T10:24:27.251+0000] {taskinstance.py:1956} INFO - Dependencies all met for dep_context=requeueable deps ti=<TaskInstance: weather_etl_pipeline.extract_weather_data scheduled__2025-09-06T00:00:00+00:00 [queued]>
[2025-09-07T10:24:27.251+0000] {taskinstance.py:2170} INFO - Starting attempt 1 of 1
[2025-09-07T10:24:27.257+0000] {taskinstance.py:2191} INFO - Executing <Task(_PythonDecoratedOperator): extract_weather_data> on 2025-09-06 00:00:00+00:00
[2025-09-07T10:24:27.260+0000] {standard_task_runner.py:60} INFO - Started process 169 to run task
[2025-09-07T10:24:27.263+0000] {standard_task_runner.py:87} INFO - Running: ['***', 'tasks', 'run', 'weather_etl_pipeline', 'extract_weather_data', 'scheduled__2025-09-06T00:00:00+00:00', '--job-id', '2', '--raw', '--subdir', 'DAGS_FOLDER/etl_weather.py', '--cfg-path', '/tmp/tmpbndyz0ty']
[2025-09-07T10:24:27.264+0000] {standard_task_runner.py:88} INFO - Job 2: Subtask extract_weather_data
[2025-09-07T10:24:27.295+0000] {task_command.py:423} INFO - Running <TaskInstance: weather_etl_pipeline.extract_weather_data scheduled__2025-09-06T00:00:00+00:00 [running]> on host bfcbbdc78486
[2025-09-07T10:24:27.332+0000] {taskinstance.py:2480} INFO - Exporting env vars: AIRFLOW_CTX_DAG_EMAIL='jayashree.kammu@gmail.com' AIRFLOW_CTX_DAG_OWNER='***' AIRFLOW_CTX_DAG_ID='weather_etl_pipeline' AIRFLOW_CTX_TASK_ID='extract_weather_data' AIRFLOW_CTX_EXECUTION_DATE='2025-09-06T00:00:00+00:00' AIRFLOW_CTX_TRY_NUMBER='1' AIRFLOW_CTX_DAG_RUN_ID='scheduled__2025-09-06T00:00:00+00:00'
[2025-09-07T10:24:27.334+0000] {base.py:83} INFO - Using connection ID 'open_meteo_api' for task execution.
[2025-09-07T10:24:28.816+0000] {python.py:201} INFO - Done. Returned value was: {'latitude': 13.125, 'longitude': 80.125, 'generationtime_ms': 0.036716461181640625, 'utc_offset_seconds': 19800, 'timezone': 'Asia/Kolkata', 'timezone_abbreviation': 'GMT+5:30', 'elevation': 16.0, 'current_weather_units': {'time': 'iso8601', 'interval': 'seconds', 'temperature': '°C', 'windspeed': 'km/h', 'winddirection': '°', 'is_day': '', 'weathercode': 'wmo code'}, 'current_weather': {'time': '2025-09-07T15:45', 'interval': 900, 'temperature': 34.7, 'windspeed': 7.0, 'winddirection': 282, 'is_day': 1, 'weathercode': 3}}
[2025-09-07T10:24:28.829+0000] {taskinstance.py:1138} INFO - Marking task as SUCCESS. dag_id=weather_etl_pipeline, task_id=extract_weather_data, execution_date=20250906T000000, start_date=20250907T102427, end_date=20250907T102428
[2025-09-07T10:24:28.854+0000] {local_task_job_runner.py:234} INFO - Task exited with return code 0
[2025-09-07T10:24:28.869+0000] {taskinstance.py:3280} INFO - 1 downstream tasks scheduled from follow-on schedule check
