[2025-09-06T16:50:37.657+0000] {taskinstance.py:1956} INFO - Dependencies all met for dep_context=non-requeueable deps ti=<TaskInstance: weather_etl_pipeline.prepare_email_content scheduled__2025-09-05T00:00:00+00:00 [queued]>
[2025-09-06T16:50:37.661+0000] {taskinstance.py:1956} INFO - Dependencies all met for dep_context=requeueable deps ti=<TaskInstance: weather_etl_pipeline.prepare_email_content scheduled__2025-09-05T00:00:00+00:00 [queued]>
[2025-09-06T16:50:37.661+0000] {taskinstance.py:2170} INFO - Starting attempt 1 of 1
[2025-09-06T16:50:37.667+0000] {taskinstance.py:2191} INFO - Executing <Task(_PythonDecoratedOperator): prepare_email_content> on 2025-09-05 00:00:00+00:00
[2025-09-06T16:50:37.669+0000] {standard_task_runner.py:60} INFO - Started process 247 to run task
[2025-09-06T16:50:37.671+0000] {standard_task_runner.py:87} INFO - Running: ['***', 'tasks', 'run', 'weather_etl_pipeline', 'prepare_email_content', 'scheduled__2025-09-05T00:00:00+00:00', '--job-id', '8', '--raw', '--subdir', 'DAGS_FOLDER/etlweather.py', '--cfg-path', '/tmp/tmp3vra7rlz']
[2025-09-06T16:50:37.673+0000] {standard_task_runner.py:88} INFO - Job 8: Subtask prepare_email_content
[2025-09-06T16:50:37.700+0000] {task_command.py:423} INFO - Running <TaskInstance: weather_etl_pipeline.prepare_email_content scheduled__2025-09-05T00:00:00+00:00 [running]> on host acffb6f403d4
[2025-09-06T16:50:37.743+0000] {taskinstance.py:2480} INFO - Exporting env vars: AIRFLOW_CTX_DAG_EMAIL='test@example.com' AIRFLOW_CTX_DAG_OWNER='***' AIRFLOW_CTX_DAG_ID='weather_etl_pipeline' AIRFLOW_CTX_TASK_ID='prepare_email_content' AIRFLOW_CTX_EXECUTION_DATE='2025-09-05T00:00:00+00:00' AIRFLOW_CTX_TRY_NUMBER='1' AIRFLOW_CTX_DAG_RUN_ID='scheduled__2025-09-05T00:00:00+00:00'
[2025-09-06T16:50:37.743+0000] {etlweather.py:103} INFO - Weather report prepared for email
[2025-09-06T16:50:37.744+0000] {python.py:201} INFO - Done. Returned value was: 
        <h1>Weather Report</h1>
        <p><strong>Date:</strong> 2025-09-06 16:50:36</p>
        <p><strong>Location:</strong> Latitude 51.5074, Longitude -0.1278</p>
        <h2>Current Weather Conditions:</h2>
        <ul>
            <li><strong>Temperature:</strong> 22.7°C</li>
            <li><strong>Wind Speed:</strong> 15.8 km/h</li>
            <li><strong>Wind Direction:</strong> 125°</li>
            <li><strong>Weather Condition:</strong> Overcast (Code: 3)</li>
        </ul>
        <p>This report was generated automatically by Airflow.</p>
        
[2025-09-06T16:50:37.754+0000] {taskinstance.py:1138} INFO - Marking task as SUCCESS. dag_id=weather_etl_pipeline, task_id=prepare_email_content, execution_date=20250905T000000, start_date=20250906T165037, end_date=20250906T165037
[2025-09-06T16:50:37.764+0000] {local_task_job_runner.py:234} INFO - Task exited with return code 0
[2025-09-06T16:50:37.775+0000] {taskinstance.py:3280} INFO - 1 downstream tasks scheduled from follow-on schedule check
[2025-09-06T17:53:44.944+0000] {taskinstance.py:1956} INFO - Dependencies all met for dep_context=non-requeueable deps ti=<TaskInstance: weather_etl_pipeline.prepare_email_content scheduled__2025-09-05T00:00:00+00:00 [queued]>
[2025-09-06T17:53:44.949+0000] {taskinstance.py:1956} INFO - Dependencies all met for dep_context=requeueable deps ti=<TaskInstance: weather_etl_pipeline.prepare_email_content scheduled__2025-09-05T00:00:00+00:00 [queued]>
[2025-09-06T17:53:44.949+0000] {taskinstance.py:2170} INFO - Starting attempt 1 of 1
[2025-09-06T17:53:44.955+0000] {taskinstance.py:2191} INFO - Executing <Task(_PythonDecoratedOperator): prepare_email_content> on 2025-09-05 00:00:00+00:00
[2025-09-06T17:53:44.958+0000] {standard_task_runner.py:60} INFO - Started process 173 to run task
[2025-09-06T17:53:44.960+0000] {standard_task_runner.py:87} INFO - Running: ['***', 'tasks', 'run', 'weather_etl_pipeline', 'prepare_email_content', 'scheduled__2025-09-05T00:00:00+00:00', '--job-id', '5', '--raw', '--subdir', 'DAGS_FOLDER/etlweather.py', '--cfg-path', '/tmp/tmp_99xfunu']
[2025-09-06T17:53:44.961+0000] {standard_task_runner.py:88} INFO - Job 5: Subtask prepare_email_content
[2025-09-06T17:53:44.996+0000] {task_command.py:423} INFO - Running <TaskInstance: weather_etl_pipeline.prepare_email_content scheduled__2025-09-05T00:00:00+00:00 [running]> on host 629cfc5b05bc
[2025-09-06T17:53:45.040+0000] {taskinstance.py:2480} INFO - Exporting env vars: AIRFLOW_CTX_DAG_EMAIL='your-actual-email@gmail.com' AIRFLOW_CTX_DAG_OWNER='***' AIRFLOW_CTX_DAG_ID='weather_etl_pipeline' AIRFLOW_CTX_TASK_ID='prepare_email_content' AIRFLOW_CTX_EXECUTION_DATE='2025-09-05T00:00:00+00:00' AIRFLOW_CTX_TRY_NUMBER='1' AIRFLOW_CTX_DAG_RUN_ID='scheduled__2025-09-05T00:00:00+00:00'
[2025-09-06T17:53:45.041+0000] {etlweather.py:109} INFO - Weather report prepared for email
[2025-09-06T17:53:45.041+0000] {python.py:201} INFO - Done. Returned value was: 
        <h1>Weather Report</h1>
        <p><strong>Date:</strong> 2025-09-06 17:53:43</p>
        <p><strong>Location:</strong> Latitude 51.5074, Longitude -0.1278</p>
        <h2>Current Weather Conditions:</h2>
        <ul>
            <li><strong>Temperature:</strong> 22.4°C</li>
            <li><strong>Wind Speed:</strong> 14.5 km/h</li>
            <li><strong>Wind Direction:</strong> 117°</li>
            <li><strong>Weather Condition:</strong> Overcast (Code: 3)</li>
        </ul>
        <p>This report was generated automatically by Airflow.</p>
        
[2025-09-06T17:53:45.051+0000] {taskinstance.py:1138} INFO - Marking task as SUCCESS. dag_id=weather_etl_pipeline, task_id=prepare_email_content, execution_date=20250905T000000, start_date=20250906T175344, end_date=20250906T175345
[2025-09-06T17:53:45.094+0000] {local_task_job_runner.py:234} INFO - Task exited with return code 0
[2025-09-06T17:53:45.109+0000] {taskinstance.py:3280} INFO - 2 downstream tasks scheduled from follow-on schedule check
[2025-09-06T17:59:29.285+0000] {taskinstance.py:1956} INFO - Dependencies all met for dep_context=non-requeueable deps ti=<TaskInstance: weather_etl_pipeline.prepare_email_content scheduled__2025-09-05T00:00:00+00:00 [queued]>
[2025-09-06T17:59:29.290+0000] {taskinstance.py:1956} INFO - Dependencies all met for dep_context=requeueable deps ti=<TaskInstance: weather_etl_pipeline.prepare_email_content scheduled__2025-09-05T00:00:00+00:00 [queued]>
[2025-09-06T17:59:29.291+0000] {taskinstance.py:2170} INFO - Starting attempt 1 of 1
[2025-09-06T17:59:29.298+0000] {taskinstance.py:2191} INFO - Executing <Task(_PythonDecoratedOperator): prepare_email_content> on 2025-09-05 00:00:00+00:00
[2025-09-06T17:59:29.301+0000] {standard_task_runner.py:60} INFO - Started process 173 to run task
[2025-09-06T17:59:29.303+0000] {standard_task_runner.py:87} INFO - Running: ['***', 'tasks', 'run', 'weather_etl_pipeline', 'prepare_email_content', 'scheduled__2025-09-05T00:00:00+00:00', '--job-id', '5', '--raw', '--subdir', 'DAGS_FOLDER/etlweather.py', '--cfg-path', '/tmp/tmpwwn5wqes']
[2025-09-06T17:59:29.305+0000] {standard_task_runner.py:88} INFO - Job 5: Subtask prepare_email_content
[2025-09-06T17:59:29.351+0000] {task_command.py:423} INFO - Running <TaskInstance: weather_etl_pipeline.prepare_email_content scheduled__2025-09-05T00:00:00+00:00 [running]> on host e9e7f01c8213
[2025-09-06T17:59:29.398+0000] {taskinstance.py:2480} INFO - Exporting env vars: AIRFLOW_CTX_DAG_EMAIL='your-actual-email@gmail.com' AIRFLOW_CTX_DAG_OWNER='***' AIRFLOW_CTX_DAG_ID='weather_etl_pipeline' AIRFLOW_CTX_TASK_ID='prepare_email_content' AIRFLOW_CTX_EXECUTION_DATE='2025-09-05T00:00:00+00:00' AIRFLOW_CTX_TRY_NUMBER='1' AIRFLOW_CTX_DAG_RUN_ID='scheduled__2025-09-05T00:00:00+00:00'
[2025-09-06T17:59:29.399+0000] {etlweather.py:109} INFO - Weather report prepared for email
[2025-09-06T17:59:29.399+0000] {python.py:201} INFO - Done. Returned value was: 
        <h1>Weather Report</h1>
        <p><strong>Date:</strong> 2025-09-06 17:59:28</p>
        <p><strong>Location:</strong> Latitude 51.5074, Longitude -0.1278</p>
        <h2>Current Weather Conditions:</h2>
        <ul>
            <li><strong>Temperature:</strong> 22.4°C</li>
            <li><strong>Wind Speed:</strong> 14.5 km/h</li>
            <li><strong>Wind Direction:</strong> 117°</li>
            <li><strong>Weather Condition:</strong> Overcast (Code: 3)</li>
        </ul>
        <p>This report was generated automatically by Airflow.</p>
        
[2025-09-06T17:59:29.410+0000] {taskinstance.py:1138} INFO - Marking task as SUCCESS. dag_id=weather_etl_pipeline, task_id=prepare_email_content, execution_date=20250905T000000, start_date=20250906T175929, end_date=20250906T175929
[2025-09-06T17:59:29.436+0000] {local_task_job_runner.py:234} INFO - Task exited with return code 0
[2025-09-06T17:59:29.449+0000] {taskinstance.py:3280} INFO - 2 downstream tasks scheduled from follow-on schedule check
[2025-09-06T18:02:15.204+0000] {taskinstance.py:1956} INFO - Dependencies all met for dep_context=non-requeueable deps ti=<TaskInstance: weather_etl_pipeline.prepare_email_content scheduled__2025-09-05T00:00:00+00:00 [queued]>
[2025-09-06T18:02:15.209+0000] {taskinstance.py:1956} INFO - Dependencies all met for dep_context=requeueable deps ti=<TaskInstance: weather_etl_pipeline.prepare_email_content scheduled__2025-09-05T00:00:00+00:00 [queued]>
[2025-09-06T18:02:15.209+0000] {taskinstance.py:2170} INFO - Starting attempt 1 of 1
[2025-09-06T18:02:15.217+0000] {taskinstance.py:2191} INFO - Executing <Task(_PythonDecoratedOperator): prepare_email_content> on 2025-09-05 00:00:00+00:00
[2025-09-06T18:02:15.220+0000] {standard_task_runner.py:60} INFO - Started process 173 to run task
[2025-09-06T18:02:15.222+0000] {standard_task_runner.py:87} INFO - Running: ['***', 'tasks', 'run', 'weather_etl_pipeline', 'prepare_email_content', 'scheduled__2025-09-05T00:00:00+00:00', '--job-id', '5', '--raw', '--subdir', 'DAGS_FOLDER/etlweather.py', '--cfg-path', '/tmp/tmpb5iznit2']
[2025-09-06T18:02:15.224+0000] {standard_task_runner.py:88} INFO - Job 5: Subtask prepare_email_content
[2025-09-06T18:02:15.253+0000] {task_command.py:423} INFO - Running <TaskInstance: weather_etl_pipeline.prepare_email_content scheduled__2025-09-05T00:00:00+00:00 [running]> on host f581a88cde96
[2025-09-06T18:02:15.292+0000] {taskinstance.py:2480} INFO - Exporting env vars: AIRFLOW_CTX_DAG_EMAIL='your-actual-email@gmail.com' AIRFLOW_CTX_DAG_OWNER='***' AIRFLOW_CTX_DAG_ID='weather_etl_pipeline' AIRFLOW_CTX_TASK_ID='prepare_email_content' AIRFLOW_CTX_EXECUTION_DATE='2025-09-05T00:00:00+00:00' AIRFLOW_CTX_TRY_NUMBER='1' AIRFLOW_CTX_DAG_RUN_ID='scheduled__2025-09-05T00:00:00+00:00'
[2025-09-06T18:02:15.293+0000] {etlweather.py:109} INFO - Weather report prepared for email
[2025-09-06T18:02:15.293+0000] {python.py:201} INFO - Done. Returned value was: 
        <h1>Weather Report</h1>
        <p><strong>Date:</strong> 2025-09-06 18:02:14</p>
        <p><strong>Location:</strong> Latitude 51.5074, Longitude -0.1278</p>
        <h2>Current Weather Conditions:</h2>
        <ul>
            <li><strong>Temperature:</strong> 22.3°C</li>
            <li><strong>Wind Speed:</strong> 14.3 km/h</li>
            <li><strong>Wind Direction:</strong> 115°</li>
            <li><strong>Weather Condition:</strong> Mainly clear (Code: 1)</li>
        </ul>
        <p>This report was generated automatically by Airflow.</p>
        
[2025-09-06T18:02:15.304+0000] {taskinstance.py:1138} INFO - Marking task as SUCCESS. dag_id=weather_etl_pipeline, task_id=prepare_email_content, execution_date=20250905T000000, start_date=20250906T180215, end_date=20250906T180215
[2025-09-06T18:02:15.314+0000] {local_task_job_runner.py:234} INFO - Task exited with return code 0
[2025-09-06T18:02:15.327+0000] {taskinstance.py:3280} INFO - 2 downstream tasks scheduled from follow-on schedule check
[2025-09-06T18:04:03.172+0000] {taskinstance.py:1956} INFO - Dependencies all met for dep_context=non-requeueable deps ti=<TaskInstance: weather_etl_pipeline.prepare_email_content scheduled__2025-09-05T00:00:00+00:00 [queued]>
[2025-09-06T18:04:03.176+0000] {taskinstance.py:1956} INFO - Dependencies all met for dep_context=requeueable deps ti=<TaskInstance: weather_etl_pipeline.prepare_email_content scheduled__2025-09-05T00:00:00+00:00 [queued]>
[2025-09-06T18:04:03.176+0000] {taskinstance.py:2170} INFO - Starting attempt 1 of 1
[2025-09-06T18:04:03.181+0000] {taskinstance.py:2191} INFO - Executing <Task(_PythonDecoratedOperator): prepare_email_content> on 2025-09-05 00:00:00+00:00
[2025-09-06T18:04:03.184+0000] {standard_task_runner.py:60} INFO - Started process 173 to run task
[2025-09-06T18:04:03.186+0000] {standard_task_runner.py:87} INFO - Running: ['***', 'tasks', 'run', 'weather_etl_pipeline', 'prepare_email_content', 'scheduled__2025-09-05T00:00:00+00:00', '--job-id', '5', '--raw', '--subdir', 'DAGS_FOLDER/etlweather.py', '--cfg-path', '/tmp/tmp1ulodr_k']
[2025-09-06T18:04:03.187+0000] {standard_task_runner.py:88} INFO - Job 5: Subtask prepare_email_content
[2025-09-06T18:04:03.211+0000] {task_command.py:423} INFO - Running <TaskInstance: weather_etl_pipeline.prepare_email_content scheduled__2025-09-05T00:00:00+00:00 [running]> on host 7de43d9571e0
[2025-09-06T18:04:03.249+0000] {taskinstance.py:2480} INFO - Exporting env vars: AIRFLOW_CTX_DAG_EMAIL='your-actual-email@gmail.com' AIRFLOW_CTX_DAG_OWNER='***' AIRFLOW_CTX_DAG_ID='weather_etl_pipeline' AIRFLOW_CTX_TASK_ID='prepare_email_content' AIRFLOW_CTX_EXECUTION_DATE='2025-09-05T00:00:00+00:00' AIRFLOW_CTX_TRY_NUMBER='1' AIRFLOW_CTX_DAG_RUN_ID='scheduled__2025-09-05T00:00:00+00:00'
[2025-09-06T18:04:03.249+0000] {etlweather.py:109} INFO - Weather report prepared for email
[2025-09-06T18:04:03.249+0000] {python.py:201} INFO - Done. Returned value was: 
        <h1>Weather Report</h1>
        <p><strong>Date:</strong> 2025-09-06 18:04:02</p>
        <p><strong>Location:</strong> Latitude 51.5074, Longitude -0.1278</p>
        <h2>Current Weather Conditions:</h2>
        <ul>
            <li><strong>Temperature:</strong> 22.3°C</li>
            <li><strong>Wind Speed:</strong> 14.3 km/h</li>
            <li><strong>Wind Direction:</strong> 115°</li>
            <li><strong>Weather Condition:</strong> Mainly clear (Code: 1)</li>
        </ul>
        <p>This report was generated automatically by Airflow.</p>
        
[2025-09-06T18:04:03.258+0000] {taskinstance.py:1138} INFO - Marking task as SUCCESS. dag_id=weather_etl_pipeline, task_id=prepare_email_content, execution_date=20250905T000000, start_date=20250906T180403, end_date=20250906T180403
[2025-09-06T18:04:03.279+0000] {local_task_job_runner.py:234} INFO - Task exited with return code 0
[2025-09-06T18:04:03.291+0000] {taskinstance.py:3280} INFO - 2 downstream tasks scheduled from follow-on schedule check
[2025-09-06T18:08:06.822+0000] {taskinstance.py:1956} INFO - Dependencies all met for dep_context=non-requeueable deps ti=<TaskInstance: weather_etl_pipeline.prepare_email_content scheduled__2025-09-05T00:00:00+00:00 [queued]>
[2025-09-06T18:08:06.827+0000] {taskinstance.py:1956} INFO - Dependencies all met for dep_context=requeueable deps ti=<TaskInstance: weather_etl_pipeline.prepare_email_content scheduled__2025-09-05T00:00:00+00:00 [queued]>
[2025-09-06T18:08:06.827+0000] {taskinstance.py:2170} INFO - Starting attempt 1 of 1
[2025-09-06T18:08:06.834+0000] {taskinstance.py:2191} INFO - Executing <Task(_PythonDecoratedOperator): prepare_email_content> on 2025-09-05 00:00:00+00:00
[2025-09-06T18:08:06.836+0000] {standard_task_runner.py:60} INFO - Started process 172 to run task
[2025-09-06T18:08:06.839+0000] {standard_task_runner.py:87} INFO - Running: ['***', 'tasks', 'run', 'weather_etl_pipeline', 'prepare_email_content', 'scheduled__2025-09-05T00:00:00+00:00', '--job-id', '5', '--raw', '--subdir', 'DAGS_FOLDER/etlweather.py', '--cfg-path', '/tmp/tmpy5tfick8']
[2025-09-06T18:08:06.840+0000] {standard_task_runner.py:88} INFO - Job 5: Subtask prepare_email_content
[2025-09-06T18:08:06.873+0000] {task_command.py:423} INFO - Running <TaskInstance: weather_etl_pipeline.prepare_email_content scheduled__2025-09-05T00:00:00+00:00 [running]> on host 5dada7bfd45c
[2025-09-06T18:08:06.917+0000] {taskinstance.py:2480} INFO - Exporting env vars: AIRFLOW_CTX_DAG_EMAIL='jayashree.kammu@gmail.com' AIRFLOW_CTX_DAG_OWNER='***' AIRFLOW_CTX_DAG_ID='weather_etl_pipeline' AIRFLOW_CTX_TASK_ID='prepare_email_content' AIRFLOW_CTX_EXECUTION_DATE='2025-09-05T00:00:00+00:00' AIRFLOW_CTX_TRY_NUMBER='1' AIRFLOW_CTX_DAG_RUN_ID='scheduled__2025-09-05T00:00:00+00:00'
[2025-09-06T18:08:06.919+0000] {etlweather.py:109} INFO - Weather report prepared for email
[2025-09-06T18:08:06.919+0000] {python.py:201} INFO - Done. Returned value was: 
        <h1>Weather Report</h1>
        <p><strong>Date:</strong> 2025-09-06 18:08:05</p>
        <p><strong>Location:</strong> Latitude 51.5074, Longitude -0.1278</p>
        <h2>Current Weather Conditions:</h2>
        <ul>
            <li><strong>Temperature:</strong> 22.3°C</li>
            <li><strong>Wind Speed:</strong> 14.3 km/h</li>
            <li><strong>Wind Direction:</strong> 115°</li>
            <li><strong>Weather Condition:</strong> Mainly clear (Code: 1)</li>
        </ul>
        <p>This report was generated automatically by Airflow.</p>
        
[2025-09-06T18:08:06.930+0000] {taskinstance.py:1138} INFO - Marking task as SUCCESS. dag_id=weather_etl_pipeline, task_id=prepare_email_content, execution_date=20250905T000000, start_date=20250906T180806, end_date=20250906T180806
[2025-09-06T18:08:06.971+0000] {local_task_job_runner.py:234} INFO - Task exited with return code 0
[2025-09-06T18:08:06.987+0000] {taskinstance.py:3280} INFO - 2 downstream tasks scheduled from follow-on schedule check
