[2025-09-06T16:50:30.540+0000] {taskinstance.py:1956} INFO - Dependencies all met for dep_context=non-requeueable deps ti=<TaskInstance: weather_etl_pipeline.extract_weather_data scheduled__2025-09-05T00:00:00+00:00 [queued]>
[2025-09-06T16:50:30.544+0000] {taskinstance.py:1956} INFO - Dependencies all met for dep_context=requeueable deps ti=<TaskInstance: weather_etl_pipeline.extract_weather_data scheduled__2025-09-05T00:00:00+00:00 [queued]>
[2025-09-06T16:50:30.544+0000] {taskinstance.py:2170} INFO - Starting attempt 1 of 1
[2025-09-06T16:50:30.550+0000] {taskinstance.py:2191} INFO - Executing <Task(_PythonDecoratedOperator): extract_weather_data> on 2025-09-05 00:00:00+00:00
[2025-09-06T16:50:30.552+0000] {standard_task_runner.py:60} INFO - Started process 236 to run task
[2025-09-06T16:50:30.555+0000] {standard_task_runner.py:87} INFO - Running: ['***', 'tasks', 'run', 'weather_etl_pipeline', 'extract_weather_data', 'scheduled__2025-09-05T00:00:00+00:00', '--job-id', '2', '--raw', '--subdir', 'DAGS_FOLDER/etlweather.py', '--cfg-path', '/tmp/tmp4d4cadod']
[2025-09-06T16:50:30.557+0000] {standard_task_runner.py:88} INFO - Job 2: Subtask extract_weather_data
[2025-09-06T16:50:30.586+0000] {task_command.py:423} INFO - Running <TaskInstance: weather_etl_pipeline.extract_weather_data scheduled__2025-09-05T00:00:00+00:00 [running]> on host acffb6f403d4
[2025-09-06T16:50:30.630+0000] {taskinstance.py:2480} INFO - Exporting env vars: AIRFLOW_CTX_DAG_EMAIL='test@example.com' AIRFLOW_CTX_DAG_OWNER='***' AIRFLOW_CTX_DAG_ID='weather_etl_pipeline' AIRFLOW_CTX_TASK_ID='extract_weather_data' AIRFLOW_CTX_EXECUTION_DATE='2025-09-05T00:00:00+00:00' AIRFLOW_CTX_TRY_NUMBER='1' AIRFLOW_CTX_DAG_RUN_ID='scheduled__2025-09-05T00:00:00+00:00'
[2025-09-06T16:50:30.632+0000] {base.py:83} INFO - Using connection ID 'open_meteo_api' for task execution.
[2025-09-06T16:50:35.436+0000] {python.py:201} INFO - Done. Returned value was: {'latitude': 51.5, 'longitude': -0.120000124, 'generationtime_ms': 0.06413459777832031, 'utc_offset_seconds': 0, 'timezone': 'GMT', 'timezone_abbreviation': 'GMT', 'elevation': 16.0, 'current_weather_units': {'time': 'iso8601', 'interval': 'seconds', 'temperature': '°C', 'windspeed': 'km/h', 'winddirection': '°', 'is_day': '', 'weathercode': 'wmo code'}, 'current_weather': {'time': '2025-09-06T16:45', 'interval': 900, 'temperature': 22.7, 'windspeed': 15.8, 'winddirection': 125, 'is_day': 1, 'weathercode': 3}}
[2025-09-06T16:50:35.447+0000] {taskinstance.py:1138} INFO - Marking task as SUCCESS. dag_id=weather_etl_pipeline, task_id=extract_weather_data, execution_date=20250905T000000, start_date=20250906T165030, end_date=20250906T165035
[2025-09-06T16:50:35.473+0000] {local_task_job_runner.py:234} INFO - Task exited with return code 0
[2025-09-06T16:50:35.488+0000] {taskinstance.py:3280} INFO - 1 downstream tasks scheduled from follow-on schedule check
[2025-09-06T17:53:42.831+0000] {taskinstance.py:1956} INFO - Dependencies all met for dep_context=non-requeueable deps ti=<TaskInstance: weather_etl_pipeline.extract_weather_data scheduled__2025-09-05T00:00:00+00:00 [queued]>
[2025-09-06T17:53:42.836+0000] {taskinstance.py:1956} INFO - Dependencies all met for dep_context=requeueable deps ti=<TaskInstance: weather_etl_pipeline.extract_weather_data scheduled__2025-09-05T00:00:00+00:00 [queued]>
[2025-09-06T17:53:42.836+0000] {taskinstance.py:2170} INFO - Starting attempt 1 of 1
[2025-09-06T17:53:42.842+0000] {taskinstance.py:2191} INFO - Executing <Task(_PythonDecoratedOperator): extract_weather_data> on 2025-09-05 00:00:00+00:00
[2025-09-06T17:53:42.844+0000] {standard_task_runner.py:60} INFO - Started process 169 to run task
[2025-09-06T17:53:42.846+0000] {standard_task_runner.py:87} INFO - Running: ['***', 'tasks', 'run', 'weather_etl_pipeline', 'extract_weather_data', 'scheduled__2025-09-05T00:00:00+00:00', '--job-id', '3', '--raw', '--subdir', 'DAGS_FOLDER/etlweather.py', '--cfg-path', '/tmp/tmpe1sf3nk9']
[2025-09-06T17:53:42.847+0000] {standard_task_runner.py:88} INFO - Job 3: Subtask extract_weather_data
[2025-09-06T17:53:42.874+0000] {task_command.py:423} INFO - Running <TaskInstance: weather_etl_pipeline.extract_weather_data scheduled__2025-09-05T00:00:00+00:00 [running]> on host 629cfc5b05bc
[2025-09-06T17:53:42.909+0000] {taskinstance.py:2480} INFO - Exporting env vars: AIRFLOW_CTX_DAG_EMAIL='your-actual-email@gmail.com' AIRFLOW_CTX_DAG_OWNER='***' AIRFLOW_CTX_DAG_ID='weather_etl_pipeline' AIRFLOW_CTX_TASK_ID='extract_weather_data' AIRFLOW_CTX_EXECUTION_DATE='2025-09-05T00:00:00+00:00' AIRFLOW_CTX_TRY_NUMBER='1' AIRFLOW_CTX_DAG_RUN_ID='scheduled__2025-09-05T00:00:00+00:00'
[2025-09-06T17:53:42.911+0000] {base.py:83} INFO - Using connection ID 'open_meteo_api' for task execution.
[2025-09-06T17:53:43.400+0000] {python.py:201} INFO - Done. Returned value was: {'latitude': 51.5, 'longitude': -0.120000124, 'generationtime_ms': 0.04112720489501953, 'utc_offset_seconds': 0, 'timezone': 'GMT', 'timezone_abbreviation': 'GMT', 'elevation': 16.0, 'current_weather_units': {'time': 'iso8601', 'interval': 'seconds', 'temperature': '°C', 'windspeed': 'km/h', 'winddirection': '°', 'is_day': '', 'weathercode': 'wmo code'}, 'current_weather': {'time': '2025-09-06T17:45', 'interval': 900, 'temperature': 22.4, 'windspeed': 14.5, 'winddirection': 117, 'is_day': 1, 'weathercode': 3}}
[2025-09-06T17:53:43.411+0000] {taskinstance.py:1138} INFO - Marking task as SUCCESS. dag_id=weather_etl_pipeline, task_id=extract_weather_data, execution_date=20250905T000000, start_date=20250906T175342, end_date=20250906T175343
[2025-09-06T17:53:43.426+0000] {local_task_job_runner.py:234} INFO - Task exited with return code 0
[2025-09-06T17:53:43.441+0000] {taskinstance.py:3280} INFO - 1 downstream tasks scheduled from follow-on schedule check
[2025-09-06T17:59:26.064+0000] {taskinstance.py:1956} INFO - Dependencies all met for dep_context=non-requeueable deps ti=<TaskInstance: weather_etl_pipeline.extract_weather_data scheduled__2025-09-05T00:00:00+00:00 [queued]>
[2025-09-06T17:59:26.068+0000] {taskinstance.py:1956} INFO - Dependencies all met for dep_context=requeueable deps ti=<TaskInstance: weather_etl_pipeline.extract_weather_data scheduled__2025-09-05T00:00:00+00:00 [queued]>
[2025-09-06T17:59:26.069+0000] {taskinstance.py:2170} INFO - Starting attempt 1 of 1
[2025-09-06T17:59:26.074+0000] {taskinstance.py:2191} INFO - Executing <Task(_PythonDecoratedOperator): extract_weather_data> on 2025-09-05 00:00:00+00:00
[2025-09-06T17:59:26.077+0000] {standard_task_runner.py:60} INFO - Started process 169 to run task
[2025-09-06T17:59:26.080+0000] {standard_task_runner.py:87} INFO - Running: ['***', 'tasks', 'run', 'weather_etl_pipeline', 'extract_weather_data', 'scheduled__2025-09-05T00:00:00+00:00', '--job-id', '3', '--raw', '--subdir', 'DAGS_FOLDER/etlweather.py', '--cfg-path', '/tmp/tmpycdjlnr0']
[2025-09-06T17:59:26.081+0000] {standard_task_runner.py:88} INFO - Job 3: Subtask extract_weather_data
[2025-09-06T17:59:26.111+0000] {task_command.py:423} INFO - Running <TaskInstance: weather_etl_pipeline.extract_weather_data scheduled__2025-09-05T00:00:00+00:00 [running]> on host e9e7f01c8213
[2025-09-06T17:59:26.147+0000] {taskinstance.py:2480} INFO - Exporting env vars: AIRFLOW_CTX_DAG_EMAIL='your-actual-email@gmail.com' AIRFLOW_CTX_DAG_OWNER='***' AIRFLOW_CTX_DAG_ID='weather_etl_pipeline' AIRFLOW_CTX_TASK_ID='extract_weather_data' AIRFLOW_CTX_EXECUTION_DATE='2025-09-05T00:00:00+00:00' AIRFLOW_CTX_TRY_NUMBER='1' AIRFLOW_CTX_DAG_RUN_ID='scheduled__2025-09-05T00:00:00+00:00'
[2025-09-06T17:59:26.149+0000] {base.py:83} INFO - Using connection ID 'open_meteo_api' for task execution.
[2025-09-06T17:59:27.034+0000] {python.py:201} INFO - Done. Returned value was: {'latitude': 51.5, 'longitude': -0.120000124, 'generationtime_ms': 0.053882598876953125, 'utc_offset_seconds': 0, 'timezone': 'GMT', 'timezone_abbreviation': 'GMT', 'elevation': 16.0, 'current_weather_units': {'time': 'iso8601', 'interval': 'seconds', 'temperature': '°C', 'windspeed': 'km/h', 'winddirection': '°', 'is_day': '', 'weathercode': 'wmo code'}, 'current_weather': {'time': '2025-09-06T17:45', 'interval': 900, 'temperature': 22.4, 'windspeed': 14.5, 'winddirection': 117, 'is_day': 1, 'weathercode': 3}}
[2025-09-06T17:59:27.068+0000] {taskinstance.py:1138} INFO - Marking task as SUCCESS. dag_id=weather_etl_pipeline, task_id=extract_weather_data, execution_date=20250905T000000, start_date=20250906T175926, end_date=20250906T175927
[2025-09-06T17:59:27.104+0000] {local_task_job_runner.py:234} INFO - Task exited with return code 0
[2025-09-06T17:59:27.128+0000] {taskinstance.py:3280} INFO - 1 downstream tasks scheduled from follow-on schedule check
[2025-09-06T18:02:13.085+0000] {taskinstance.py:1956} INFO - Dependencies all met for dep_context=non-requeueable deps ti=<TaskInstance: weather_etl_pipeline.extract_weather_data scheduled__2025-09-05T00:00:00+00:00 [queued]>
[2025-09-06T18:02:13.089+0000] {taskinstance.py:1956} INFO - Dependencies all met for dep_context=requeueable deps ti=<TaskInstance: weather_etl_pipeline.extract_weather_data scheduled__2025-09-05T00:00:00+00:00 [queued]>
[2025-09-06T18:02:13.089+0000] {taskinstance.py:2170} INFO - Starting attempt 1 of 1
[2025-09-06T18:02:13.095+0000] {taskinstance.py:2191} INFO - Executing <Task(_PythonDecoratedOperator): extract_weather_data> on 2025-09-05 00:00:00+00:00
[2025-09-06T18:02:13.098+0000] {standard_task_runner.py:60} INFO - Started process 169 to run task
[2025-09-06T18:02:13.100+0000] {standard_task_runner.py:87} INFO - Running: ['***', 'tasks', 'run', 'weather_etl_pipeline', 'extract_weather_data', 'scheduled__2025-09-05T00:00:00+00:00', '--job-id', '3', '--raw', '--subdir', 'DAGS_FOLDER/etlweather.py', '--cfg-path', '/tmp/tmpkimq5p_j']
[2025-09-06T18:02:13.102+0000] {standard_task_runner.py:88} INFO - Job 3: Subtask extract_weather_data
[2025-09-06T18:02:13.128+0000] {task_command.py:423} INFO - Running <TaskInstance: weather_etl_pipeline.extract_weather_data scheduled__2025-09-05T00:00:00+00:00 [running]> on host f581a88cde96
[2025-09-06T18:02:13.163+0000] {taskinstance.py:2480} INFO - Exporting env vars: AIRFLOW_CTX_DAG_EMAIL='your-actual-email@gmail.com' AIRFLOW_CTX_DAG_OWNER='***' AIRFLOW_CTX_DAG_ID='weather_etl_pipeline' AIRFLOW_CTX_TASK_ID='extract_weather_data' AIRFLOW_CTX_EXECUTION_DATE='2025-09-05T00:00:00+00:00' AIRFLOW_CTX_TRY_NUMBER='1' AIRFLOW_CTX_DAG_RUN_ID='scheduled__2025-09-05T00:00:00+00:00'
[2025-09-06T18:02:13.165+0000] {base.py:83} INFO - Using connection ID 'open_meteo_api' for task execution.
[2025-09-06T18:02:13.625+0000] {python.py:201} INFO - Done. Returned value was: {'latitude': 51.5, 'longitude': -0.120000124, 'generationtime_ms': 0.057816505432128906, 'utc_offset_seconds': 0, 'timezone': 'GMT', 'timezone_abbreviation': 'GMT', 'elevation': 16.0, 'current_weather_units': {'time': 'iso8601', 'interval': 'seconds', 'temperature': '°C', 'windspeed': 'km/h', 'winddirection': '°', 'is_day': '', 'weathercode': 'wmo code'}, 'current_weather': {'time': '2025-09-06T18:00', 'interval': 900, 'temperature': 22.3, 'windspeed': 14.3, 'winddirection': 115, 'is_day': 1, 'weathercode': 1}}
[2025-09-06T18:02:13.640+0000] {taskinstance.py:1138} INFO - Marking task as SUCCESS. dag_id=weather_etl_pipeline, task_id=extract_weather_data, execution_date=20250905T000000, start_date=20250906T180213, end_date=20250906T180213
[2025-09-06T18:02:13.682+0000] {local_task_job_runner.py:234} INFO - Task exited with return code 0
[2025-09-06T18:02:13.699+0000] {taskinstance.py:3280} INFO - 1 downstream tasks scheduled from follow-on schedule check
[2025-09-06T18:04:01.054+0000] {taskinstance.py:1956} INFO - Dependencies all met for dep_context=non-requeueable deps ti=<TaskInstance: weather_etl_pipeline.extract_weather_data scheduled__2025-09-05T00:00:00+00:00 [queued]>
[2025-09-06T18:04:01.058+0000] {taskinstance.py:1956} INFO - Dependencies all met for dep_context=requeueable deps ti=<TaskInstance: weather_etl_pipeline.extract_weather_data scheduled__2025-09-05T00:00:00+00:00 [queued]>
[2025-09-06T18:04:01.058+0000] {taskinstance.py:2170} INFO - Starting attempt 1 of 1
[2025-09-06T18:04:01.064+0000] {taskinstance.py:2191} INFO - Executing <Task(_PythonDecoratedOperator): extract_weather_data> on 2025-09-05 00:00:00+00:00
[2025-09-06T18:04:01.067+0000] {standard_task_runner.py:60} INFO - Started process 169 to run task
[2025-09-06T18:04:01.069+0000] {standard_task_runner.py:87} INFO - Running: ['***', 'tasks', 'run', 'weather_etl_pipeline', 'extract_weather_data', 'scheduled__2025-09-05T00:00:00+00:00', '--job-id', '3', '--raw', '--subdir', 'DAGS_FOLDER/etlweather.py', '--cfg-path', '/tmp/tmp3bz6aeen']
[2025-09-06T18:04:01.070+0000] {standard_task_runner.py:88} INFO - Job 3: Subtask extract_weather_data
[2025-09-06T18:04:01.098+0000] {task_command.py:423} INFO - Running <TaskInstance: weather_etl_pipeline.extract_weather_data scheduled__2025-09-05T00:00:00+00:00 [running]> on host 7de43d9571e0
[2025-09-06T18:04:01.132+0000] {taskinstance.py:2480} INFO - Exporting env vars: AIRFLOW_CTX_DAG_EMAIL='your-actual-email@gmail.com' AIRFLOW_CTX_DAG_OWNER='***' AIRFLOW_CTX_DAG_ID='weather_etl_pipeline' AIRFLOW_CTX_TASK_ID='extract_weather_data' AIRFLOW_CTX_EXECUTION_DATE='2025-09-05T00:00:00+00:00' AIRFLOW_CTX_TRY_NUMBER='1' AIRFLOW_CTX_DAG_RUN_ID='scheduled__2025-09-05T00:00:00+00:00'
[2025-09-06T18:04:01.134+0000] {base.py:83} INFO - Using connection ID 'open_meteo_api' for task execution.
[2025-09-06T18:04:01.892+0000] {python.py:201} INFO - Done. Returned value was: {'latitude': 51.5, 'longitude': -0.120000124, 'generationtime_ms': 0.046133995056152344, 'utc_offset_seconds': 0, 'timezone': 'GMT', 'timezone_abbreviation': 'GMT', 'elevation': 16.0, 'current_weather_units': {'time': 'iso8601', 'interval': 'seconds', 'temperature': '°C', 'windspeed': 'km/h', 'winddirection': '°', 'is_day': '', 'weathercode': 'wmo code'}, 'current_weather': {'time': '2025-09-06T18:00', 'interval': 900, 'temperature': 22.3, 'windspeed': 14.3, 'winddirection': 115, 'is_day': 1, 'weathercode': 1}}
[2025-09-06T18:04:01.904+0000] {taskinstance.py:1138} INFO - Marking task as SUCCESS. dag_id=weather_etl_pipeline, task_id=extract_weather_data, execution_date=20250905T000000, start_date=20250906T180401, end_date=20250906T180401
[2025-09-06T18:04:01.916+0000] {local_task_job_runner.py:234} INFO - Task exited with return code 0
[2025-09-06T18:04:01.931+0000] {taskinstance.py:3280} INFO - 1 downstream tasks scheduled from follow-on schedule check
[2025-09-06T18:08:04.723+0000] {taskinstance.py:1956} INFO - Dependencies all met for dep_context=non-requeueable deps ti=<TaskInstance: weather_etl_pipeline.extract_weather_data scheduled__2025-09-05T00:00:00+00:00 [queued]>
[2025-09-06T18:08:04.728+0000] {taskinstance.py:1956} INFO - Dependencies all met for dep_context=requeueable deps ti=<TaskInstance: weather_etl_pipeline.extract_weather_data scheduled__2025-09-05T00:00:00+00:00 [queued]>
[2025-09-06T18:08:04.728+0000] {taskinstance.py:2170} INFO - Starting attempt 1 of 1
[2025-09-06T18:08:04.734+0000] {taskinstance.py:2191} INFO - Executing <Task(_PythonDecoratedOperator): extract_weather_data> on 2025-09-05 00:00:00+00:00
[2025-09-06T18:08:04.737+0000] {standard_task_runner.py:60} INFO - Started process 168 to run task
[2025-09-06T18:08:04.739+0000] {standard_task_runner.py:87} INFO - Running: ['***', 'tasks', 'run', 'weather_etl_pipeline', 'extract_weather_data', 'scheduled__2025-09-05T00:00:00+00:00', '--job-id', '3', '--raw', '--subdir', 'DAGS_FOLDER/etlweather.py', '--cfg-path', '/tmp/tmpzspuzetl']
[2025-09-06T18:08:04.741+0000] {standard_task_runner.py:88} INFO - Job 3: Subtask extract_weather_data
[2025-09-06T18:08:04.770+0000] {task_command.py:423} INFO - Running <TaskInstance: weather_etl_pipeline.extract_weather_data scheduled__2025-09-05T00:00:00+00:00 [running]> on host 5dada7bfd45c
[2025-09-06T18:08:04.808+0000] {taskinstance.py:2480} INFO - Exporting env vars: AIRFLOW_CTX_DAG_EMAIL='jayashree.kammu@gmail.com' AIRFLOW_CTX_DAG_OWNER='***' AIRFLOW_CTX_DAG_ID='weather_etl_pipeline' AIRFLOW_CTX_TASK_ID='extract_weather_data' AIRFLOW_CTX_EXECUTION_DATE='2025-09-05T00:00:00+00:00' AIRFLOW_CTX_TRY_NUMBER='1' AIRFLOW_CTX_DAG_RUN_ID='scheduled__2025-09-05T00:00:00+00:00'
[2025-09-06T18:08:04.810+0000] {base.py:83} INFO - Using connection ID 'open_meteo_api' for task execution.
[2025-09-06T18:08:05.326+0000] {python.py:201} INFO - Done. Returned value was: {'latitude': 51.5, 'longitude': -0.120000124, 'generationtime_ms': 0.04863739013671875, 'utc_offset_seconds': 0, 'timezone': 'GMT', 'timezone_abbreviation': 'GMT', 'elevation': 16.0, 'current_weather_units': {'time': 'iso8601', 'interval': 'seconds', 'temperature': '°C', 'windspeed': 'km/h', 'winddirection': '°', 'is_day': '', 'weathercode': 'wmo code'}, 'current_weather': {'time': '2025-09-06T18:00', 'interval': 900, 'temperature': 22.3, 'windspeed': 14.3, 'winddirection': 115, 'is_day': 1, 'weathercode': 1}}
[2025-09-06T18:08:05.339+0000] {taskinstance.py:1138} INFO - Marking task as SUCCESS. dag_id=weather_etl_pipeline, task_id=extract_weather_data, execution_date=20250905T000000, start_date=20250906T180804, end_date=20250906T180805
[2025-09-06T18:08:05.367+0000] {local_task_job_runner.py:234} INFO - Task exited with return code 0
[2025-09-06T18:08:05.384+0000] {taskinstance.py:3280} INFO - 1 downstream tasks scheduled from follow-on schedule check
