[2025-09-07T10:12:49.165+0000] {processor.py:161} INFO - Started process (PID=162) to work on /opt/airflow/dags/etl_weather.py
[2025-09-07T10:12:49.165+0000] {processor.py:830} INFO - Processing file /opt/airflow/dags/etl_weather.py for tasks to queue
[2025-09-07T10:12:49.166+0000] {logging_mixin.py:188} INFO - [2025-09-07T10:12:49.166+0000] {dagbag.py:538} INFO - Filling up the DagBag from /opt/airflow/dags/etl_weather.py
[2025-09-07T10:12:49.192+0000] {processor.py:840} INFO - DAG(s) 'weather_etl_pipeline' retrieved from /opt/airflow/dags/etl_weather.py
[2025-09-07T10:12:49.317+0000] {logging_mixin.py:188} INFO - [2025-09-07T10:12:49.317+0000] {override.py:1769} INFO - Created Permission View: can edit on DAG:weather_etl_pipeline
[2025-09-07T10:12:49.323+0000] {logging_mixin.py:188} INFO - [2025-09-07T10:12:49.323+0000] {override.py:1769} INFO - Created Permission View: can delete on DAG:weather_etl_pipeline
[2025-09-07T10:12:49.326+0000] {logging_mixin.py:188} INFO - [2025-09-07T10:12:49.326+0000] {override.py:1769} INFO - Created Permission View: can read on DAG:weather_etl_pipeline
[2025-09-07T10:12:49.326+0000] {logging_mixin.py:188} INFO - [2025-09-07T10:12:49.326+0000] {dag.py:3036} INFO - Sync 1 DAGs
[2025-09-07T10:12:49.332+0000] {logging_mixin.py:188} INFO - [2025-09-07T10:12:49.332+0000] {dag.py:3058} INFO - Creating ORM DAG for weather_etl_pipeline
[2025-09-07T10:12:49.338+0000] {logging_mixin.py:188} INFO - [2025-09-07T10:12:49.338+0000] {dag.py:3823} INFO - Setting next_dagrun for weather_etl_pipeline to 2025-09-06 00:00:00+00:00, run_after=2025-09-07 00:00:00+00:00
[2025-09-07T10:12:49.348+0000] {processor.py:183} INFO - Processing /opt/airflow/dags/etl_weather.py took 0.186 seconds
[2025-09-07T10:13:19.407+0000] {processor.py:161} INFO - Started process (PID=185) to work on /opt/airflow/dags/etl_weather.py
[2025-09-07T10:13:19.408+0000] {processor.py:830} INFO - Processing file /opt/airflow/dags/etl_weather.py for tasks to queue
[2025-09-07T10:13:19.409+0000] {logging_mixin.py:188} INFO - [2025-09-07T10:13:19.408+0000] {dagbag.py:538} INFO - Filling up the DagBag from /opt/airflow/dags/etl_weather.py
[2025-09-07T10:13:19.425+0000] {processor.py:840} INFO - DAG(s) 'weather_etl_pipeline' retrieved from /opt/airflow/dags/etl_weather.py
[2025-09-07T10:13:19.442+0000] {logging_mixin.py:188} INFO - [2025-09-07T10:13:19.442+0000] {dag.py:3036} INFO - Sync 1 DAGs
[2025-09-07T10:13:19.455+0000] {logging_mixin.py:188} INFO - [2025-09-07T10:13:19.455+0000] {dag.py:3823} INFO - Setting next_dagrun for weather_etl_pipeline to 2025-09-07 00:00:00+00:00, run_after=2025-09-08 00:00:00+00:00
[2025-09-07T10:13:19.466+0000] {processor.py:183} INFO - Processing /opt/airflow/dags/etl_weather.py took 0.062 seconds
[2025-09-07T10:13:49.751+0000] {processor.py:161} INFO - Started process (PID=192) to work on /opt/airflow/dags/etl_weather.py
[2025-09-07T10:13:49.752+0000] {processor.py:830} INFO - Processing file /opt/airflow/dags/etl_weather.py for tasks to queue
[2025-09-07T10:13:49.753+0000] {logging_mixin.py:188} INFO - [2025-09-07T10:13:49.752+0000] {dagbag.py:538} INFO - Filling up the DagBag from /opt/airflow/dags/etl_weather.py
[2025-09-07T10:13:49.779+0000] {processor.py:840} INFO - DAG(s) 'weather_etl_pipeline' retrieved from /opt/airflow/dags/etl_weather.py
[2025-09-07T10:13:49.796+0000] {logging_mixin.py:188} INFO - [2025-09-07T10:13:49.796+0000] {dag.py:3036} INFO - Sync 1 DAGs
[2025-09-07T10:13:49.809+0000] {logging_mixin.py:188} INFO - [2025-09-07T10:13:49.809+0000] {dag.py:3823} INFO - Setting next_dagrun for weather_etl_pipeline to 2025-09-07 00:00:00+00:00, run_after=2025-09-08 00:00:00+00:00
[2025-09-07T10:13:49.818+0000] {processor.py:183} INFO - Processing /opt/airflow/dags/etl_weather.py took 0.070 seconds
[2025-09-07T10:14:20.076+0000] {processor.py:161} INFO - Started process (PID=197) to work on /opt/airflow/dags/etl_weather.py
[2025-09-07T10:14:20.077+0000] {processor.py:830} INFO - Processing file /opt/airflow/dags/etl_weather.py for tasks to queue
[2025-09-07T10:14:20.078+0000] {logging_mixin.py:188} INFO - [2025-09-07T10:14:20.077+0000] {dagbag.py:538} INFO - Filling up the DagBag from /opt/airflow/dags/etl_weather.py
[2025-09-07T10:14:20.094+0000] {processor.py:840} INFO - DAG(s) 'weather_etl_pipeline' retrieved from /opt/airflow/dags/etl_weather.py
[2025-09-07T10:14:20.110+0000] {logging_mixin.py:188} INFO - [2025-09-07T10:14:20.109+0000] {dag.py:3036} INFO - Sync 1 DAGs
[2025-09-07T10:14:20.122+0000] {logging_mixin.py:188} INFO - [2025-09-07T10:14:20.122+0000] {dag.py:3823} INFO - Setting next_dagrun for weather_etl_pipeline to 2025-09-07 00:00:00+00:00, run_after=2025-09-08 00:00:00+00:00
[2025-09-07T10:14:20.130+0000] {processor.py:183} INFO - Processing /opt/airflow/dags/etl_weather.py took 0.057 seconds
[2025-09-07T10:14:50.355+0000] {processor.py:161} INFO - Started process (PID=202) to work on /opt/airflow/dags/etl_weather.py
[2025-09-07T10:14:50.355+0000] {processor.py:830} INFO - Processing file /opt/airflow/dags/etl_weather.py for tasks to queue
[2025-09-07T10:14:50.356+0000] {logging_mixin.py:188} INFO - [2025-09-07T10:14:50.356+0000] {dagbag.py:538} INFO - Filling up the DagBag from /opt/airflow/dags/etl_weather.py
[2025-09-07T10:14:50.372+0000] {processor.py:840} INFO - DAG(s) 'weather_etl_pipeline' retrieved from /opt/airflow/dags/etl_weather.py
[2025-09-07T10:14:50.388+0000] {logging_mixin.py:188} INFO - [2025-09-07T10:14:50.388+0000] {dag.py:3036} INFO - Sync 1 DAGs
[2025-09-07T10:14:50.402+0000] {logging_mixin.py:188} INFO - [2025-09-07T10:14:50.402+0000] {dag.py:3823} INFO - Setting next_dagrun for weather_etl_pipeline to 2025-09-07 00:00:00+00:00, run_after=2025-09-08 00:00:00+00:00
[2025-09-07T10:14:50.411+0000] {processor.py:183} INFO - Processing /opt/airflow/dags/etl_weather.py took 0.059 seconds
[2025-09-07T10:15:24.138+0000] {processor.py:161} INFO - Started process (PID=163) to work on /opt/airflow/dags/etl_weather.py
[2025-09-07T10:15:24.138+0000] {processor.py:830} INFO - Processing file /opt/airflow/dags/etl_weather.py for tasks to queue
[2025-09-07T10:15:24.139+0000] {logging_mixin.py:188} INFO - [2025-09-07T10:15:24.139+0000] {dagbag.py:538} INFO - Filling up the DagBag from /opt/airflow/dags/etl_weather.py
[2025-09-07T10:15:24.160+0000] {processor.py:840} INFO - DAG(s) 'weather_etl_pipeline' retrieved from /opt/airflow/dags/etl_weather.py
[2025-09-07T10:15:24.264+0000] {logging_mixin.py:188} INFO - [2025-09-07T10:15:24.264+0000] {override.py:1769} INFO - Created Permission View: can edit on DAG:weather_etl_pipeline
[2025-09-07T10:15:24.269+0000] {logging_mixin.py:188} INFO - [2025-09-07T10:15:24.269+0000] {override.py:1769} INFO - Created Permission View: can delete on DAG:weather_etl_pipeline
[2025-09-07T10:15:24.272+0000] {logging_mixin.py:188} INFO - [2025-09-07T10:15:24.272+0000] {override.py:1769} INFO - Created Permission View: can read on DAG:weather_etl_pipeline
[2025-09-07T10:15:24.272+0000] {logging_mixin.py:188} INFO - [2025-09-07T10:15:24.272+0000] {dag.py:3036} INFO - Sync 1 DAGs
[2025-09-07T10:15:24.278+0000] {logging_mixin.py:188} INFO - [2025-09-07T10:15:24.278+0000] {dag.py:3058} INFO - Creating ORM DAG for weather_etl_pipeline
[2025-09-07T10:15:24.284+0000] {logging_mixin.py:188} INFO - [2025-09-07T10:15:24.284+0000] {dag.py:3823} INFO - Setting next_dagrun for weather_etl_pipeline to 2025-09-06 00:00:00+00:00, run_after=2025-09-07 00:00:00+00:00
[2025-09-07T10:15:24.293+0000] {processor.py:183} INFO - Processing /opt/airflow/dags/etl_weather.py took 0.158 seconds
[2025-09-07T10:15:54.410+0000] {processor.py:161} INFO - Started process (PID=178) to work on /opt/airflow/dags/etl_weather.py
[2025-09-07T10:15:54.410+0000] {processor.py:830} INFO - Processing file /opt/airflow/dags/etl_weather.py for tasks to queue
[2025-09-07T10:15:54.411+0000] {logging_mixin.py:188} INFO - [2025-09-07T10:15:54.410+0000] {dagbag.py:538} INFO - Filling up the DagBag from /opt/airflow/dags/etl_weather.py
[2025-09-07T10:15:54.426+0000] {processor.py:840} INFO - DAG(s) 'weather_etl_pipeline' retrieved from /opt/airflow/dags/etl_weather.py
[2025-09-07T10:15:54.441+0000] {logging_mixin.py:188} INFO - [2025-09-07T10:15:54.440+0000] {dag.py:3036} INFO - Sync 1 DAGs
[2025-09-07T10:15:54.451+0000] {logging_mixin.py:188} INFO - [2025-09-07T10:15:54.451+0000] {dag.py:3823} INFO - Setting next_dagrun for weather_etl_pipeline to 2025-09-07 00:00:00+00:00, run_after=2025-09-08 00:00:00+00:00
[2025-09-07T10:15:54.460+0000] {processor.py:183} INFO - Processing /opt/airflow/dags/etl_weather.py took 0.052 seconds
[2025-09-07T10:16:24.692+0000] {processor.py:161} INFO - Started process (PID=183) to work on /opt/airflow/dags/etl_weather.py
[2025-09-07T10:16:24.693+0000] {processor.py:830} INFO - Processing file /opt/airflow/dags/etl_weather.py for tasks to queue
[2025-09-07T10:16:24.694+0000] {logging_mixin.py:188} INFO - [2025-09-07T10:16:24.694+0000] {dagbag.py:538} INFO - Filling up the DagBag from /opt/airflow/dags/etl_weather.py
[2025-09-07T10:16:24.719+0000] {processor.py:840} INFO - DAG(s) 'weather_etl_pipeline' retrieved from /opt/airflow/dags/etl_weather.py
[2025-09-07T10:16:24.739+0000] {logging_mixin.py:188} INFO - [2025-09-07T10:16:24.739+0000] {dag.py:3036} INFO - Sync 1 DAGs
[2025-09-07T10:16:24.755+0000] {logging_mixin.py:188} INFO - [2025-09-07T10:16:24.755+0000] {dag.py:3823} INFO - Setting next_dagrun for weather_etl_pipeline to 2025-09-07 00:00:00+00:00, run_after=2025-09-08 00:00:00+00:00
[2025-09-07T10:16:24.767+0000] {processor.py:183} INFO - Processing /opt/airflow/dags/etl_weather.py took 0.078 seconds
[2025-09-07T10:16:55.014+0000] {processor.py:161} INFO - Started process (PID=188) to work on /opt/airflow/dags/etl_weather.py
[2025-09-07T10:16:55.015+0000] {processor.py:830} INFO - Processing file /opt/airflow/dags/etl_weather.py for tasks to queue
[2025-09-07T10:16:55.016+0000] {logging_mixin.py:188} INFO - [2025-09-07T10:16:55.015+0000] {dagbag.py:538} INFO - Filling up the DagBag from /opt/airflow/dags/etl_weather.py
[2025-09-07T10:16:55.035+0000] {processor.py:840} INFO - DAG(s) 'weather_etl_pipeline' retrieved from /opt/airflow/dags/etl_weather.py
[2025-09-07T10:16:55.051+0000] {logging_mixin.py:188} INFO - [2025-09-07T10:16:55.051+0000] {dag.py:3036} INFO - Sync 1 DAGs
[2025-09-07T10:16:55.063+0000] {logging_mixin.py:188} INFO - [2025-09-07T10:16:55.063+0000] {dag.py:3823} INFO - Setting next_dagrun for weather_etl_pipeline to 2025-09-07 00:00:00+00:00, run_after=2025-09-08 00:00:00+00:00
[2025-09-07T10:16:55.071+0000] {processor.py:183} INFO - Processing /opt/airflow/dags/etl_weather.py took 0.062 seconds
[2025-09-07T10:17:25.348+0000] {processor.py:161} INFO - Started process (PID=193) to work on /opt/airflow/dags/etl_weather.py
[2025-09-07T10:17:25.348+0000] {processor.py:830} INFO - Processing file /opt/airflow/dags/etl_weather.py for tasks to queue
[2025-09-07T10:17:25.349+0000] {logging_mixin.py:188} INFO - [2025-09-07T10:17:25.348+0000] {dagbag.py:538} INFO - Filling up the DagBag from /opt/airflow/dags/etl_weather.py
[2025-09-07T10:17:25.361+0000] {processor.py:840} INFO - DAG(s) 'weather_etl_pipeline' retrieved from /opt/airflow/dags/etl_weather.py
[2025-09-07T10:17:25.373+0000] {logging_mixin.py:188} INFO - [2025-09-07T10:17:25.373+0000] {dag.py:3036} INFO - Sync 1 DAGs
[2025-09-07T10:17:25.385+0000] {logging_mixin.py:188} INFO - [2025-09-07T10:17:25.385+0000] {dag.py:3823} INFO - Setting next_dagrun for weather_etl_pipeline to 2025-09-07 00:00:00+00:00, run_after=2025-09-08 00:00:00+00:00
[2025-09-07T10:17:25.393+0000] {processor.py:183} INFO - Processing /opt/airflow/dags/etl_weather.py took 0.048 seconds
[2025-09-07T10:17:55.662+0000] {processor.py:161} INFO - Started process (PID=198) to work on /opt/airflow/dags/etl_weather.py
[2025-09-07T10:17:55.663+0000] {processor.py:830} INFO - Processing file /opt/airflow/dags/etl_weather.py for tasks to queue
[2025-09-07T10:17:55.664+0000] {logging_mixin.py:188} INFO - [2025-09-07T10:17:55.663+0000] {dagbag.py:538} INFO - Filling up the DagBag from /opt/airflow/dags/etl_weather.py
[2025-09-07T10:17:55.680+0000] {processor.py:840} INFO - DAG(s) 'weather_etl_pipeline' retrieved from /opt/airflow/dags/etl_weather.py
[2025-09-07T10:17:55.697+0000] {logging_mixin.py:188} INFO - [2025-09-07T10:17:55.697+0000] {dag.py:3036} INFO - Sync 1 DAGs
[2025-09-07T10:17:55.712+0000] {logging_mixin.py:188} INFO - [2025-09-07T10:17:55.712+0000] {dag.py:3823} INFO - Setting next_dagrun for weather_etl_pipeline to 2025-09-07 00:00:00+00:00, run_after=2025-09-08 00:00:00+00:00
[2025-09-07T10:17:55.724+0000] {processor.py:183} INFO - Processing /opt/airflow/dags/etl_weather.py took 0.064 seconds
[2025-09-07T10:18:26.003+0000] {processor.py:161} INFO - Started process (PID=203) to work on /opt/airflow/dags/etl_weather.py
[2025-09-07T10:18:26.003+0000] {processor.py:830} INFO - Processing file /opt/airflow/dags/etl_weather.py for tasks to queue
[2025-09-07T10:18:26.004+0000] {logging_mixin.py:188} INFO - [2025-09-07T10:18:26.004+0000] {dagbag.py:538} INFO - Filling up the DagBag from /opt/airflow/dags/etl_weather.py
[2025-09-07T10:18:26.026+0000] {processor.py:840} INFO - DAG(s) 'weather_etl_pipeline' retrieved from /opt/airflow/dags/etl_weather.py
[2025-09-07T10:18:26.043+0000] {logging_mixin.py:188} INFO - [2025-09-07T10:18:26.043+0000] {dag.py:3036} INFO - Sync 1 DAGs
[2025-09-07T10:18:26.058+0000] {logging_mixin.py:188} INFO - [2025-09-07T10:18:26.058+0000] {dag.py:3823} INFO - Setting next_dagrun for weather_etl_pipeline to 2025-09-07 00:00:00+00:00, run_after=2025-09-08 00:00:00+00:00
[2025-09-07T10:18:26.069+0000] {processor.py:183} INFO - Processing /opt/airflow/dags/etl_weather.py took 0.070 seconds
[2025-09-07T10:18:56.347+0000] {processor.py:161} INFO - Started process (PID=208) to work on /opt/airflow/dags/etl_weather.py
[2025-09-07T10:18:56.348+0000] {processor.py:830} INFO - Processing file /opt/airflow/dags/etl_weather.py for tasks to queue
[2025-09-07T10:18:56.349+0000] {logging_mixin.py:188} INFO - [2025-09-07T10:18:56.348+0000] {dagbag.py:538} INFO - Filling up the DagBag from /opt/airflow/dags/etl_weather.py
[2025-09-07T10:18:56.366+0000] {processor.py:840} INFO - DAG(s) 'weather_etl_pipeline' retrieved from /opt/airflow/dags/etl_weather.py
[2025-09-07T10:18:56.381+0000] {logging_mixin.py:188} INFO - [2025-09-07T10:18:56.380+0000] {dag.py:3036} INFO - Sync 1 DAGs
[2025-09-07T10:18:56.393+0000] {logging_mixin.py:188} INFO - [2025-09-07T10:18:56.393+0000] {dag.py:3823} INFO - Setting next_dagrun for weather_etl_pipeline to 2025-09-07 00:00:00+00:00, run_after=2025-09-08 00:00:00+00:00
[2025-09-07T10:18:56.402+0000] {processor.py:183} INFO - Processing /opt/airflow/dags/etl_weather.py took 0.057 seconds
[2025-09-07T10:19:26.683+0000] {processor.py:161} INFO - Started process (PID=213) to work on /opt/airflow/dags/etl_weather.py
[2025-09-07T10:19:26.684+0000] {processor.py:830} INFO - Processing file /opt/airflow/dags/etl_weather.py for tasks to queue
[2025-09-07T10:19:26.684+0000] {logging_mixin.py:188} INFO - [2025-09-07T10:19:26.684+0000] {dagbag.py:538} INFO - Filling up the DagBag from /opt/airflow/dags/etl_weather.py
[2025-09-07T10:19:26.705+0000] {processor.py:840} INFO - DAG(s) 'weather_etl_pipeline' retrieved from /opt/airflow/dags/etl_weather.py
[2025-09-07T10:19:26.723+0000] {logging_mixin.py:188} INFO - [2025-09-07T10:19:26.723+0000] {dag.py:3036} INFO - Sync 1 DAGs
[2025-09-07T10:19:26.738+0000] {logging_mixin.py:188} INFO - [2025-09-07T10:19:26.738+0000] {dag.py:3823} INFO - Setting next_dagrun for weather_etl_pipeline to 2025-09-07 00:00:00+00:00, run_after=2025-09-08 00:00:00+00:00
[2025-09-07T10:19:26.749+0000] {processor.py:183} INFO - Processing /opt/airflow/dags/etl_weather.py took 0.069 seconds
[2025-09-07T10:19:57.035+0000] {processor.py:161} INFO - Started process (PID=218) to work on /opt/airflow/dags/etl_weather.py
[2025-09-07T10:19:57.036+0000] {processor.py:830} INFO - Processing file /opt/airflow/dags/etl_weather.py for tasks to queue
[2025-09-07T10:19:57.036+0000] {logging_mixin.py:188} INFO - [2025-09-07T10:19:57.036+0000] {dagbag.py:538} INFO - Filling up the DagBag from /opt/airflow/dags/etl_weather.py
[2025-09-07T10:19:57.052+0000] {processor.py:840} INFO - DAG(s) 'weather_etl_pipeline' retrieved from /opt/airflow/dags/etl_weather.py
[2025-09-07T10:19:57.067+0000] {logging_mixin.py:188} INFO - [2025-09-07T10:19:57.066+0000] {dag.py:3036} INFO - Sync 1 DAGs
[2025-09-07T10:19:57.078+0000] {logging_mixin.py:188} INFO - [2025-09-07T10:19:57.078+0000] {dag.py:3823} INFO - Setting next_dagrun for weather_etl_pipeline to 2025-09-07 00:00:00+00:00, run_after=2025-09-08 00:00:00+00:00
[2025-09-07T10:19:57.085+0000] {processor.py:183} INFO - Processing /opt/airflow/dags/etl_weather.py took 0.054 seconds
[2025-09-07T10:20:27.403+0000] {processor.py:161} INFO - Started process (PID=223) to work on /opt/airflow/dags/etl_weather.py
[2025-09-07T10:20:27.404+0000] {processor.py:830} INFO - Processing file /opt/airflow/dags/etl_weather.py for tasks to queue
[2025-09-07T10:20:27.404+0000] {logging_mixin.py:188} INFO - [2025-09-07T10:20:27.404+0000] {dagbag.py:538} INFO - Filling up the DagBag from /opt/airflow/dags/etl_weather.py
[2025-09-07T10:20:27.419+0000] {processor.py:840} INFO - DAG(s) 'weather_etl_pipeline' retrieved from /opt/airflow/dags/etl_weather.py
[2025-09-07T10:20:27.433+0000] {logging_mixin.py:188} INFO - [2025-09-07T10:20:27.433+0000] {dag.py:3036} INFO - Sync 1 DAGs
[2025-09-07T10:20:27.445+0000] {logging_mixin.py:188} INFO - [2025-09-07T10:20:27.445+0000] {dag.py:3823} INFO - Setting next_dagrun for weather_etl_pipeline to 2025-09-07 00:00:00+00:00, run_after=2025-09-08 00:00:00+00:00
[2025-09-07T10:20:27.454+0000] {processor.py:183} INFO - Processing /opt/airflow/dags/etl_weather.py took 0.054 seconds
[2025-09-07T10:20:57.723+0000] {processor.py:161} INFO - Started process (PID=228) to work on /opt/airflow/dags/etl_weather.py
[2025-09-07T10:20:57.723+0000] {processor.py:830} INFO - Processing file /opt/airflow/dags/etl_weather.py for tasks to queue
[2025-09-07T10:20:57.724+0000] {logging_mixin.py:188} INFO - [2025-09-07T10:20:57.724+0000] {dagbag.py:538} INFO - Filling up the DagBag from /opt/airflow/dags/etl_weather.py
[2025-09-07T10:20:57.739+0000] {processor.py:840} INFO - DAG(s) 'weather_etl_pipeline' retrieved from /opt/airflow/dags/etl_weather.py
[2025-09-07T10:20:57.754+0000] {logging_mixin.py:188} INFO - [2025-09-07T10:20:57.754+0000] {dag.py:3036} INFO - Sync 1 DAGs
[2025-09-07T10:20:57.766+0000] {logging_mixin.py:188} INFO - [2025-09-07T10:20:57.766+0000] {dag.py:3823} INFO - Setting next_dagrun for weather_etl_pipeline to 2025-09-07 00:00:00+00:00, run_after=2025-09-08 00:00:00+00:00
[2025-09-07T10:20:57.774+0000] {processor.py:183} INFO - Processing /opt/airflow/dags/etl_weather.py took 0.054 seconds
[2025-09-07T10:21:40.185+0000] {processor.py:161} INFO - Started process (PID=163) to work on /opt/airflow/dags/etl_weather.py
[2025-09-07T10:21:40.186+0000] {processor.py:830} INFO - Processing file /opt/airflow/dags/etl_weather.py for tasks to queue
[2025-09-07T10:21:40.186+0000] {logging_mixin.py:188} INFO - [2025-09-07T10:21:40.186+0000] {dagbag.py:538} INFO - Filling up the DagBag from /opt/airflow/dags/etl_weather.py
[2025-09-07T10:21:40.205+0000] {processor.py:840} INFO - DAG(s) 'weather_etl_pipeline' retrieved from /opt/airflow/dags/etl_weather.py
[2025-09-07T10:21:40.307+0000] {logging_mixin.py:188} INFO - [2025-09-07T10:21:40.306+0000] {override.py:1769} INFO - Created Permission View: can edit on DAG:weather_etl_pipeline
[2025-09-07T10:21:40.311+0000] {logging_mixin.py:188} INFO - [2025-09-07T10:21:40.311+0000] {override.py:1769} INFO - Created Permission View: can delete on DAG:weather_etl_pipeline
[2025-09-07T10:21:40.314+0000] {logging_mixin.py:188} INFO - [2025-09-07T10:21:40.314+0000] {override.py:1769} INFO - Created Permission View: can read on DAG:weather_etl_pipeline
[2025-09-07T10:21:40.314+0000] {logging_mixin.py:188} INFO - [2025-09-07T10:21:40.314+0000] {dag.py:3036} INFO - Sync 1 DAGs
[2025-09-07T10:21:40.320+0000] {logging_mixin.py:188} INFO - [2025-09-07T10:21:40.320+0000] {dag.py:3058} INFO - Creating ORM DAG for weather_etl_pipeline
[2025-09-07T10:21:40.326+0000] {logging_mixin.py:188} INFO - [2025-09-07T10:21:40.325+0000] {dag.py:3823} INFO - Setting next_dagrun for weather_etl_pipeline to 2025-09-06 00:00:00+00:00, run_after=2025-09-07 00:00:00+00:00
[2025-09-07T10:21:40.335+0000] {processor.py:183} INFO - Processing /opt/airflow/dags/etl_weather.py took 0.152 seconds
[2025-09-07T10:22:10.418+0000] {processor.py:161} INFO - Started process (PID=178) to work on /opt/airflow/dags/etl_weather.py
[2025-09-07T10:22:10.418+0000] {processor.py:830} INFO - Processing file /opt/airflow/dags/etl_weather.py for tasks to queue
[2025-09-07T10:22:10.419+0000] {logging_mixin.py:188} INFO - [2025-09-07T10:22:10.419+0000] {dagbag.py:538} INFO - Filling up the DagBag from /opt/airflow/dags/etl_weather.py
[2025-09-07T10:22:10.436+0000] {processor.py:840} INFO - DAG(s) 'weather_etl_pipeline' retrieved from /opt/airflow/dags/etl_weather.py
[2025-09-07T10:22:10.452+0000] {logging_mixin.py:188} INFO - [2025-09-07T10:22:10.452+0000] {dag.py:3036} INFO - Sync 1 DAGs
[2025-09-07T10:22:10.465+0000] {logging_mixin.py:188} INFO - [2025-09-07T10:22:10.465+0000] {dag.py:3823} INFO - Setting next_dagrun for weather_etl_pipeline to 2025-09-07 00:00:00+00:00, run_after=2025-09-08 00:00:00+00:00
[2025-09-07T10:22:10.475+0000] {processor.py:183} INFO - Processing /opt/airflow/dags/etl_weather.py took 0.060 seconds
[2025-09-07T10:22:40.657+0000] {processor.py:161} INFO - Started process (PID=193) to work on /opt/airflow/dags/etl_weather.py
[2025-09-07T10:22:40.658+0000] {processor.py:830} INFO - Processing file /opt/airflow/dags/etl_weather.py for tasks to queue
[2025-09-07T10:22:40.658+0000] {logging_mixin.py:188} INFO - [2025-09-07T10:22:40.658+0000] {dagbag.py:538} INFO - Filling up the DagBag from /opt/airflow/dags/etl_weather.py
[2025-09-07T10:22:40.674+0000] {processor.py:840} INFO - DAG(s) 'weather_etl_pipeline' retrieved from /opt/airflow/dags/etl_weather.py
[2025-09-07T10:22:40.688+0000] {logging_mixin.py:188} INFO - [2025-09-07T10:22:40.688+0000] {dag.py:3036} INFO - Sync 1 DAGs
[2025-09-07T10:22:40.699+0000] {logging_mixin.py:188} INFO - [2025-09-07T10:22:40.699+0000] {dag.py:3823} INFO - Setting next_dagrun for weather_etl_pipeline to 2025-09-07 00:00:00+00:00, run_after=2025-09-08 00:00:00+00:00
[2025-09-07T10:22:40.707+0000] {processor.py:183} INFO - Processing /opt/airflow/dags/etl_weather.py took 0.053 seconds
[2025-09-07T10:23:10.886+0000] {processor.py:161} INFO - Started process (PID=198) to work on /opt/airflow/dags/etl_weather.py
[2025-09-07T10:23:10.887+0000] {processor.py:830} INFO - Processing file /opt/airflow/dags/etl_weather.py for tasks to queue
[2025-09-07T10:23:10.887+0000] {logging_mixin.py:188} INFO - [2025-09-07T10:23:10.887+0000] {dagbag.py:538} INFO - Filling up the DagBag from /opt/airflow/dags/etl_weather.py
[2025-09-07T10:23:10.906+0000] {processor.py:840} INFO - DAG(s) 'weather_etl_pipeline' retrieved from /opt/airflow/dags/etl_weather.py
[2025-09-07T10:23:10.923+0000] {logging_mixin.py:188} INFO - [2025-09-07T10:23:10.923+0000] {dag.py:3036} INFO - Sync 1 DAGs
[2025-09-07T10:23:10.937+0000] {logging_mixin.py:188} INFO - [2025-09-07T10:23:10.936+0000] {dag.py:3823} INFO - Setting next_dagrun for weather_etl_pipeline to 2025-09-07 00:00:00+00:00, run_after=2025-09-08 00:00:00+00:00
[2025-09-07T10:23:10.945+0000] {processor.py:183} INFO - Processing /opt/airflow/dags/etl_weather.py took 0.062 seconds
[2025-09-07T10:23:41.145+0000] {processor.py:161} INFO - Started process (PID=203) to work on /opt/airflow/dags/etl_weather.py
[2025-09-07T10:23:41.145+0000] {processor.py:830} INFO - Processing file /opt/airflow/dags/etl_weather.py for tasks to queue
[2025-09-07T10:23:41.146+0000] {logging_mixin.py:188} INFO - [2025-09-07T10:23:41.146+0000] {dagbag.py:538} INFO - Filling up the DagBag from /opt/airflow/dags/etl_weather.py
[2025-09-07T10:23:41.165+0000] {processor.py:840} INFO - DAG(s) 'weather_etl_pipeline' retrieved from /opt/airflow/dags/etl_weather.py
[2025-09-07T10:23:41.181+0000] {logging_mixin.py:188} INFO - [2025-09-07T10:23:41.181+0000] {dag.py:3036} INFO - Sync 1 DAGs
[2025-09-07T10:23:41.194+0000] {logging_mixin.py:188} INFO - [2025-09-07T10:23:41.194+0000] {dag.py:3823} INFO - Setting next_dagrun for weather_etl_pipeline to 2025-09-07 00:00:00+00:00, run_after=2025-09-08 00:00:00+00:00
[2025-09-07T10:23:41.203+0000] {processor.py:183} INFO - Processing /opt/airflow/dags/etl_weather.py took 0.061 seconds
[2025-09-07T10:24:26.123+0000] {processor.py:161} INFO - Started process (PID=163) to work on /opt/airflow/dags/etl_weather.py
[2025-09-07T10:24:26.124+0000] {processor.py:830} INFO - Processing file /opt/airflow/dags/etl_weather.py for tasks to queue
[2025-09-07T10:24:26.124+0000] {logging_mixin.py:188} INFO - [2025-09-07T10:24:26.124+0000] {dagbag.py:538} INFO - Filling up the DagBag from /opt/airflow/dags/etl_weather.py
[2025-09-07T10:24:26.150+0000] {processor.py:840} INFO - DAG(s) 'weather_etl_pipeline' retrieved from /opt/airflow/dags/etl_weather.py
[2025-09-07T10:24:26.252+0000] {logging_mixin.py:188} INFO - [2025-09-07T10:24:26.252+0000] {override.py:1769} INFO - Created Permission View: can delete on DAG:weather_etl_pipeline
[2025-09-07T10:24:26.257+0000] {logging_mixin.py:188} INFO - [2025-09-07T10:24:26.257+0000] {override.py:1769} INFO - Created Permission View: can edit on DAG:weather_etl_pipeline
[2025-09-07T10:24:26.261+0000] {logging_mixin.py:188} INFO - [2025-09-07T10:24:26.261+0000] {override.py:1769} INFO - Created Permission View: can read on DAG:weather_etl_pipeline
[2025-09-07T10:24:26.261+0000] {logging_mixin.py:188} INFO - [2025-09-07T10:24:26.261+0000] {dag.py:3036} INFO - Sync 1 DAGs
[2025-09-07T10:24:26.270+0000] {logging_mixin.py:188} INFO - [2025-09-07T10:24:26.270+0000] {dag.py:3058} INFO - Creating ORM DAG for weather_etl_pipeline
[2025-09-07T10:24:26.277+0000] {logging_mixin.py:188} INFO - [2025-09-07T10:24:26.277+0000] {dag.py:3823} INFO - Setting next_dagrun for weather_etl_pipeline to 2025-09-06 00:00:00+00:00, run_after=2025-09-07 00:00:00+00:00
[2025-09-07T10:24:26.287+0000] {processor.py:183} INFO - Processing /opt/airflow/dags/etl_weather.py took 0.167 seconds
[2025-09-07T10:24:56.357+0000] {processor.py:161} INFO - Started process (PID=188) to work on /opt/airflow/dags/etl_weather.py
[2025-09-07T10:24:56.358+0000] {processor.py:830} INFO - Processing file /opt/airflow/dags/etl_weather.py for tasks to queue
[2025-09-07T10:24:56.358+0000] {logging_mixin.py:188} INFO - [2025-09-07T10:24:56.358+0000] {dagbag.py:538} INFO - Filling up the DagBag from /opt/airflow/dags/etl_weather.py
[2025-09-07T10:24:56.374+0000] {processor.py:840} INFO - DAG(s) 'weather_etl_pipeline' retrieved from /opt/airflow/dags/etl_weather.py
[2025-09-07T10:24:56.390+0000] {logging_mixin.py:188} INFO - [2025-09-07T10:24:56.390+0000] {dag.py:3036} INFO - Sync 1 DAGs
[2025-09-07T10:24:56.403+0000] {logging_mixin.py:188} INFO - [2025-09-07T10:24:56.403+0000] {dag.py:3823} INFO - Setting next_dagrun for weather_etl_pipeline to 2025-09-07 00:00:00+00:00, run_after=2025-09-08 00:00:00+00:00
[2025-09-07T10:24:56.414+0000] {processor.py:183} INFO - Processing /opt/airflow/dags/etl_weather.py took 0.059 seconds
[2025-09-07T10:25:26.642+0000] {processor.py:161} INFO - Started process (PID=193) to work on /opt/airflow/dags/etl_weather.py
[2025-09-07T10:25:26.643+0000] {processor.py:830} INFO - Processing file /opt/airflow/dags/etl_weather.py for tasks to queue
[2025-09-07T10:25:26.644+0000] {logging_mixin.py:188} INFO - [2025-09-07T10:25:26.643+0000] {dagbag.py:538} INFO - Filling up the DagBag from /opt/airflow/dags/etl_weather.py
[2025-09-07T10:25:26.664+0000] {processor.py:840} INFO - DAG(s) 'weather_etl_pipeline' retrieved from /opt/airflow/dags/etl_weather.py
[2025-09-07T10:25:26.682+0000] {logging_mixin.py:188} INFO - [2025-09-07T10:25:26.682+0000] {dag.py:3036} INFO - Sync 1 DAGs
[2025-09-07T10:25:26.695+0000] {logging_mixin.py:188} INFO - [2025-09-07T10:25:26.695+0000] {dag.py:3823} INFO - Setting next_dagrun for weather_etl_pipeline to 2025-09-07 00:00:00+00:00, run_after=2025-09-08 00:00:00+00:00
[2025-09-07T10:25:26.704+0000] {processor.py:183} INFO - Processing /opt/airflow/dags/etl_weather.py took 0.066 seconds
[2025-09-07T10:25:56.900+0000] {processor.py:161} INFO - Started process (PID=198) to work on /opt/airflow/dags/etl_weather.py
[2025-09-07T10:25:56.901+0000] {processor.py:830} INFO - Processing file /opt/airflow/dags/etl_weather.py for tasks to queue
[2025-09-07T10:25:56.901+0000] {logging_mixin.py:188} INFO - [2025-09-07T10:25:56.901+0000] {dagbag.py:538} INFO - Filling up the DagBag from /opt/airflow/dags/etl_weather.py
[2025-09-07T10:25:56.917+0000] {processor.py:840} INFO - DAG(s) 'weather_etl_pipeline' retrieved from /opt/airflow/dags/etl_weather.py
[2025-09-07T10:25:56.934+0000] {logging_mixin.py:188} INFO - [2025-09-07T10:25:56.933+0000] {dag.py:3036} INFO - Sync 1 DAGs
[2025-09-07T10:25:56.947+0000] {logging_mixin.py:188} INFO - [2025-09-07T10:25:56.946+0000] {dag.py:3823} INFO - Setting next_dagrun for weather_etl_pipeline to 2025-09-07 00:00:00+00:00, run_after=2025-09-08 00:00:00+00:00
[2025-09-07T10:25:56.955+0000] {processor.py:183} INFO - Processing /opt/airflow/dags/etl_weather.py took 0.058 seconds
[2025-09-07T10:26:27.144+0000] {processor.py:161} INFO - Started process (PID=203) to work on /opt/airflow/dags/etl_weather.py
[2025-09-07T10:26:27.145+0000] {processor.py:830} INFO - Processing file /opt/airflow/dags/etl_weather.py for tasks to queue
[2025-09-07T10:26:27.146+0000] {logging_mixin.py:188} INFO - [2025-09-07T10:26:27.146+0000] {dagbag.py:538} INFO - Filling up the DagBag from /opt/airflow/dags/etl_weather.py
[2025-09-07T10:26:27.173+0000] {processor.py:840} INFO - DAG(s) 'weather_etl_pipeline' retrieved from /opt/airflow/dags/etl_weather.py
[2025-09-07T10:26:27.192+0000] {logging_mixin.py:188} INFO - [2025-09-07T10:26:27.192+0000] {dag.py:3036} INFO - Sync 1 DAGs
[2025-09-07T10:26:27.210+0000] {logging_mixin.py:188} INFO - [2025-09-07T10:26:27.210+0000] {dag.py:3823} INFO - Setting next_dagrun for weather_etl_pipeline to 2025-09-07 00:00:00+00:00, run_after=2025-09-08 00:00:00+00:00
[2025-09-07T10:26:27.221+0000] {processor.py:183} INFO - Processing /opt/airflow/dags/etl_weather.py took 0.080 seconds
[2025-09-07T10:26:57.397+0000] {processor.py:161} INFO - Started process (PID=208) to work on /opt/airflow/dags/etl_weather.py
[2025-09-07T10:26:57.397+0000] {processor.py:830} INFO - Processing file /opt/airflow/dags/etl_weather.py for tasks to queue
[2025-09-07T10:26:57.398+0000] {logging_mixin.py:188} INFO - [2025-09-07T10:26:57.398+0000] {dagbag.py:538} INFO - Filling up the DagBag from /opt/airflow/dags/etl_weather.py
[2025-09-07T10:26:57.411+0000] {processor.py:840} INFO - DAG(s) 'weather_etl_pipeline' retrieved from /opt/airflow/dags/etl_weather.py
[2025-09-07T10:26:57.425+0000] {logging_mixin.py:188} INFO - [2025-09-07T10:26:57.425+0000] {dag.py:3036} INFO - Sync 1 DAGs
[2025-09-07T10:26:57.438+0000] {logging_mixin.py:188} INFO - [2025-09-07T10:26:57.438+0000] {dag.py:3823} INFO - Setting next_dagrun for weather_etl_pipeline to 2025-09-07 00:00:00+00:00, run_after=2025-09-08 00:00:00+00:00
[2025-09-07T10:26:57.448+0000] {processor.py:183} INFO - Processing /opt/airflow/dags/etl_weather.py took 0.053 seconds
[2025-09-07T10:27:27.728+0000] {processor.py:161} INFO - Started process (PID=213) to work on /opt/airflow/dags/etl_weather.py
[2025-09-07T10:27:27.729+0000] {processor.py:830} INFO - Processing file /opt/airflow/dags/etl_weather.py for tasks to queue
[2025-09-07T10:27:27.729+0000] {logging_mixin.py:188} INFO - [2025-09-07T10:27:27.729+0000] {dagbag.py:538} INFO - Filling up the DagBag from /opt/airflow/dags/etl_weather.py
[2025-09-07T10:27:27.749+0000] {processor.py:840} INFO - DAG(s) 'weather_etl_pipeline' retrieved from /opt/airflow/dags/etl_weather.py
[2025-09-07T10:27:27.767+0000] {logging_mixin.py:188} INFO - [2025-09-07T10:27:27.766+0000] {dag.py:3036} INFO - Sync 1 DAGs
[2025-09-07T10:27:27.782+0000] {logging_mixin.py:188} INFO - [2025-09-07T10:27:27.781+0000] {dag.py:3823} INFO - Setting next_dagrun for weather_etl_pipeline to 2025-09-07 00:00:00+00:00, run_after=2025-09-08 00:00:00+00:00
[2025-09-07T10:27:27.793+0000] {processor.py:183} INFO - Processing /opt/airflow/dags/etl_weather.py took 0.068 seconds
[2025-09-07T10:27:58.044+0000] {processor.py:161} INFO - Started process (PID=218) to work on /opt/airflow/dags/etl_weather.py
[2025-09-07T10:27:58.044+0000] {processor.py:830} INFO - Processing file /opt/airflow/dags/etl_weather.py for tasks to queue
[2025-09-07T10:27:58.045+0000] {logging_mixin.py:188} INFO - [2025-09-07T10:27:58.045+0000] {dagbag.py:538} INFO - Filling up the DagBag from /opt/airflow/dags/etl_weather.py
[2025-09-07T10:27:58.063+0000] {processor.py:840} INFO - DAG(s) 'weather_etl_pipeline' retrieved from /opt/airflow/dags/etl_weather.py
[2025-09-07T10:27:58.079+0000] {logging_mixin.py:188} INFO - [2025-09-07T10:27:58.079+0000] {dag.py:3036} INFO - Sync 1 DAGs
[2025-09-07T10:27:58.093+0000] {logging_mixin.py:188} INFO - [2025-09-07T10:27:58.092+0000] {dag.py:3823} INFO - Setting next_dagrun for weather_etl_pipeline to 2025-09-07 00:00:00+00:00, run_after=2025-09-08 00:00:00+00:00
[2025-09-07T10:27:58.102+0000] {processor.py:183} INFO - Processing /opt/airflow/dags/etl_weather.py took 0.061 seconds
[2025-09-07T10:28:28.377+0000] {processor.py:161} INFO - Started process (PID=223) to work on /opt/airflow/dags/etl_weather.py
[2025-09-07T10:28:28.377+0000] {processor.py:830} INFO - Processing file /opt/airflow/dags/etl_weather.py for tasks to queue
[2025-09-07T10:28:28.378+0000] {logging_mixin.py:188} INFO - [2025-09-07T10:28:28.378+0000] {dagbag.py:538} INFO - Filling up the DagBag from /opt/airflow/dags/etl_weather.py
[2025-09-07T10:28:28.395+0000] {processor.py:840} INFO - DAG(s) 'weather_etl_pipeline' retrieved from /opt/airflow/dags/etl_weather.py
[2025-09-07T10:28:28.412+0000] {logging_mixin.py:188} INFO - [2025-09-07T10:28:28.412+0000] {dag.py:3036} INFO - Sync 1 DAGs
[2025-09-07T10:28:28.426+0000] {logging_mixin.py:188} INFO - [2025-09-07T10:28:28.426+0000] {dag.py:3823} INFO - Setting next_dagrun for weather_etl_pipeline to 2025-09-07 00:00:00+00:00, run_after=2025-09-08 00:00:00+00:00
[2025-09-07T10:28:28.436+0000] {processor.py:183} INFO - Processing /opt/airflow/dags/etl_weather.py took 0.061 seconds
[2025-09-07T10:28:58.680+0000] {processor.py:161} INFO - Started process (PID=228) to work on /opt/airflow/dags/etl_weather.py
[2025-09-07T10:28:58.681+0000] {processor.py:830} INFO - Processing file /opt/airflow/dags/etl_weather.py for tasks to queue
[2025-09-07T10:28:58.681+0000] {logging_mixin.py:188} INFO - [2025-09-07T10:28:58.681+0000] {dagbag.py:538} INFO - Filling up the DagBag from /opt/airflow/dags/etl_weather.py
[2025-09-07T10:28:58.697+0000] {processor.py:840} INFO - DAG(s) 'weather_etl_pipeline' retrieved from /opt/airflow/dags/etl_weather.py
[2025-09-07T10:28:58.712+0000] {logging_mixin.py:188} INFO - [2025-09-07T10:28:58.711+0000] {dag.py:3036} INFO - Sync 1 DAGs
[2025-09-07T10:28:58.724+0000] {logging_mixin.py:188} INFO - [2025-09-07T10:28:58.724+0000] {dag.py:3823} INFO - Setting next_dagrun for weather_etl_pipeline to 2025-09-07 00:00:00+00:00, run_after=2025-09-08 00:00:00+00:00
[2025-09-07T10:28:58.732+0000] {processor.py:183} INFO - Processing /opt/airflow/dags/etl_weather.py took 0.054 seconds
