[2025-09-06T17:53:46.028+0000] {taskinstance.py:1956} INFO - Dependencies all met for dep_context=non-requeueable deps ti=<TaskInstance: weather_etl_pipeline.save_weather_report scheduled__2025-09-05T00:00:00+00:00 [queued]>
[2025-09-06T17:53:46.034+0000] {taskinstance.py:1956} INFO - Dependencies all met for dep_context=requeueable deps ti=<TaskInstance: weather_etl_pipeline.save_weather_report scheduled__2025-09-05T00:00:00+00:00 [queued]>
[2025-09-06T17:53:46.035+0000] {taskinstance.py:2170} INFO - Starting attempt 1 of 1
[2025-09-06T17:53:46.042+0000] {taskinstance.py:2191} INFO - Executing <Task(_PythonDecoratedOperator): save_weather_report> on 2025-09-05 00:00:00+00:00
[2025-09-06T17:53:46.045+0000] {standard_task_runner.py:60} INFO - Started process 177 to run task
[2025-09-06T17:53:46.047+0000] {standard_task_runner.py:87} INFO - Running: ['***', 'tasks', 'run', 'weather_etl_pipeline', 'save_weather_report', 'scheduled__2025-09-05T00:00:00+00:00', '--job-id', '7', '--raw', '--subdir', 'DAGS_FOLDER/etlweather.py', '--cfg-path', '/tmp/tmpmkalz2k7']
[2025-09-06T17:53:46.049+0000] {standard_task_runner.py:88} INFO - Job 7: Subtask save_weather_report
[2025-09-06T17:53:46.079+0000] {task_command.py:423} INFO - Running <TaskInstance: weather_etl_pipeline.save_weather_report scheduled__2025-09-05T00:00:00+00:00 [running]> on host 629cfc5b05bc
[2025-09-06T17:53:46.126+0000] {taskinstance.py:2480} INFO - Exporting env vars: AIRFLOW_CTX_DAG_EMAIL='your-actual-email@gmail.com' AIRFLOW_CTX_DAG_OWNER='***' AIRFLOW_CTX_DAG_ID='weather_etl_pipeline' AIRFLOW_CTX_TASK_ID='save_weather_report' AIRFLOW_CTX_EXECUTION_DATE='2025-09-05T00:00:00+00:00' AIRFLOW_CTX_TRY_NUMBER='1' AIRFLOW_CTX_DAG_RUN_ID='scheduled__2025-09-05T00:00:00+00:00'
[2025-09-06T17:53:46.129+0000] {etlweather.py:134} INFO - Weather report saved to /opt/***/dags/output/weather_report_20250906_175346.html
[2025-09-06T17:53:46.130+0000] {etlweather.py:135} INFO - Weather data saved to /opt/***/dags/output/weather_data_20250906_175346.json
[2025-09-06T17:53:46.130+0000] {python.py:201} INFO - Done. Returned value was: ('/opt/***/dags/output/weather_report_20250906_175346.html', '/opt/***/dags/output/weather_data_20250906_175346.json')
[2025-09-06T17:53:46.140+0000] {taskinstance.py:1138} INFO - Marking task as SUCCESS. dag_id=weather_etl_pipeline, task_id=save_weather_report, execution_date=20250905T000000, start_date=20250906T175346, end_date=20250906T175346
[2025-09-06T17:53:46.180+0000] {local_task_job_runner.py:234} INFO - Task exited with return code 0
[2025-09-06T17:53:46.191+0000] {taskinstance.py:3280} INFO - 0 downstream tasks scheduled from follow-on schedule check
[2025-09-06T17:59:30.014+0000] {taskinstance.py:1956} INFO - Dependencies all met for dep_context=non-requeueable deps ti=<TaskInstance: weather_etl_pipeline.save_weather_report scheduled__2025-09-05T00:00:00+00:00 [queued]>
[2025-09-06T17:59:30.019+0000] {taskinstance.py:1956} INFO - Dependencies all met for dep_context=requeueable deps ti=<TaskInstance: weather_etl_pipeline.save_weather_report scheduled__2025-09-05T00:00:00+00:00 [queued]>
[2025-09-06T17:59:30.019+0000] {taskinstance.py:2170} INFO - Starting attempt 1 of 1
[2025-09-06T17:59:30.027+0000] {taskinstance.py:2191} INFO - Executing <Task(_PythonDecoratedOperator): save_weather_report> on 2025-09-05 00:00:00+00:00
[2025-09-06T17:59:30.031+0000] {standard_task_runner.py:60} INFO - Started process 177 to run task
[2025-09-06T17:59:30.034+0000] {standard_task_runner.py:87} INFO - Running: ['***', 'tasks', 'run', 'weather_etl_pipeline', 'save_weather_report', 'scheduled__2025-09-05T00:00:00+00:00', '--job-id', '7', '--raw', '--subdir', 'DAGS_FOLDER/etlweather.py', '--cfg-path', '/tmp/tmpqdz_0vq4']
[2025-09-06T17:59:30.038+0000] {standard_task_runner.py:88} INFO - Job 7: Subtask save_weather_report
[2025-09-06T17:59:30.087+0000] {task_command.py:423} INFO - Running <TaskInstance: weather_etl_pipeline.save_weather_report scheduled__2025-09-05T00:00:00+00:00 [running]> on host e9e7f01c8213
[2025-09-06T17:59:30.146+0000] {taskinstance.py:2480} INFO - Exporting env vars: AIRFLOW_CTX_DAG_EMAIL='your-actual-email@gmail.com' AIRFLOW_CTX_DAG_OWNER='***' AIRFLOW_CTX_DAG_ID='weather_etl_pipeline' AIRFLOW_CTX_TASK_ID='save_weather_report' AIRFLOW_CTX_EXECUTION_DATE='2025-09-05T00:00:00+00:00' AIRFLOW_CTX_TRY_NUMBER='1' AIRFLOW_CTX_DAG_RUN_ID='scheduled__2025-09-05T00:00:00+00:00'
[2025-09-06T17:59:30.153+0000] {etlweather.py:134} INFO - Weather report saved to /opt/***/dags/output/weather_report_20250906_175930.html
[2025-09-06T17:59:30.153+0000] {etlweather.py:135} INFO - Weather data saved to /opt/***/dags/output/weather_data_20250906_175930.json
[2025-09-06T17:59:30.153+0000] {python.py:201} INFO - Done. Returned value was: ('/opt/***/dags/output/weather_report_20250906_175930.html', '/opt/***/dags/output/weather_data_20250906_175930.json')
[2025-09-06T17:59:30.165+0000] {taskinstance.py:1138} INFO - Marking task as SUCCESS. dag_id=weather_etl_pipeline, task_id=save_weather_report, execution_date=20250905T000000, start_date=20250906T175930, end_date=20250906T175930
[2025-09-06T17:59:30.209+0000] {local_task_job_runner.py:234} INFO - Task exited with return code 0
[2025-09-06T17:59:30.227+0000] {taskinstance.py:3280} INFO - 0 downstream tasks scheduled from follow-on schedule check
[2025-09-06T18:02:16.289+0000] {taskinstance.py:1956} INFO - Dependencies all met for dep_context=non-requeueable deps ti=<TaskInstance: weather_etl_pipeline.save_weather_report scheduled__2025-09-05T00:00:00+00:00 [queued]>
[2025-09-06T18:02:16.294+0000] {taskinstance.py:1956} INFO - Dependencies all met for dep_context=requeueable deps ti=<TaskInstance: weather_etl_pipeline.save_weather_report scheduled__2025-09-05T00:00:00+00:00 [queued]>
[2025-09-06T18:02:16.294+0000] {taskinstance.py:2170} INFO - Starting attempt 1 of 1
[2025-09-06T18:02:16.300+0000] {taskinstance.py:2191} INFO - Executing <Task(_PythonDecoratedOperator): save_weather_report> on 2025-09-05 00:00:00+00:00
[2025-09-06T18:02:16.304+0000] {standard_task_runner.py:60} INFO - Started process 177 to run task
[2025-09-06T18:02:16.306+0000] {standard_task_runner.py:87} INFO - Running: ['***', 'tasks', 'run', 'weather_etl_pipeline', 'save_weather_report', 'scheduled__2025-09-05T00:00:00+00:00', '--job-id', '6', '--raw', '--subdir', 'DAGS_FOLDER/etlweather.py', '--cfg-path', '/tmp/tmpohj6id11']
[2025-09-06T18:02:16.308+0000] {standard_task_runner.py:88} INFO - Job 6: Subtask save_weather_report
[2025-09-06T18:02:16.341+0000] {task_command.py:423} INFO - Running <TaskInstance: weather_etl_pipeline.save_weather_report scheduled__2025-09-05T00:00:00+00:00 [running]> on host f581a88cde96
[2025-09-06T18:02:16.394+0000] {taskinstance.py:2480} INFO - Exporting env vars: AIRFLOW_CTX_DAG_EMAIL='your-actual-email@gmail.com' AIRFLOW_CTX_DAG_OWNER='***' AIRFLOW_CTX_DAG_ID='weather_etl_pipeline' AIRFLOW_CTX_TASK_ID='save_weather_report' AIRFLOW_CTX_EXECUTION_DATE='2025-09-05T00:00:00+00:00' AIRFLOW_CTX_TRY_NUMBER='1' AIRFLOW_CTX_DAG_RUN_ID='scheduled__2025-09-05T00:00:00+00:00'
[2025-09-06T18:02:16.398+0000] {etlweather.py:134} INFO - Weather report saved to /opt/***/dags/output/weather_report_20250906_180216.html
[2025-09-06T18:02:16.398+0000] {etlweather.py:135} INFO - Weather data saved to /opt/***/dags/output/weather_data_20250906_180216.json
[2025-09-06T18:02:16.398+0000] {python.py:201} INFO - Done. Returned value was: ('/opt/***/dags/output/weather_report_20250906_180216.html', '/opt/***/dags/output/weather_data_20250906_180216.json')
[2025-09-06T18:02:16.409+0000] {taskinstance.py:1138} INFO - Marking task as SUCCESS. dag_id=weather_etl_pipeline, task_id=save_weather_report, execution_date=20250905T000000, start_date=20250906T180216, end_date=20250906T180216
[2025-09-06T18:02:16.438+0000] {local_task_job_runner.py:234} INFO - Task exited with return code 0
[2025-09-06T18:02:16.448+0000] {taskinstance.py:3280} INFO - 0 downstream tasks scheduled from follow-on schedule check
[2025-09-06T18:04:04.260+0000] {taskinstance.py:1956} INFO - Dependencies all met for dep_context=non-requeueable deps ti=<TaskInstance: weather_etl_pipeline.save_weather_report scheduled__2025-09-05T00:00:00+00:00 [queued]>
[2025-09-06T18:04:04.264+0000] {taskinstance.py:1956} INFO - Dependencies all met for dep_context=requeueable deps ti=<TaskInstance: weather_etl_pipeline.save_weather_report scheduled__2025-09-05T00:00:00+00:00 [queued]>
[2025-09-06T18:04:04.264+0000] {taskinstance.py:2170} INFO - Starting attempt 1 of 1
[2025-09-06T18:04:04.270+0000] {taskinstance.py:2191} INFO - Executing <Task(_PythonDecoratedOperator): save_weather_report> on 2025-09-05 00:00:00+00:00
[2025-09-06T18:04:04.273+0000] {standard_task_runner.py:60} INFO - Started process 176 to run task
[2025-09-06T18:04:04.276+0000] {standard_task_runner.py:87} INFO - Running: ['***', 'tasks', 'run', 'weather_etl_pipeline', 'save_weather_report', 'scheduled__2025-09-05T00:00:00+00:00', '--job-id', '7', '--raw', '--subdir', 'DAGS_FOLDER/etlweather.py', '--cfg-path', '/tmp/tmpdb44qluy']
[2025-09-06T18:04:04.277+0000] {standard_task_runner.py:88} INFO - Job 7: Subtask save_weather_report
[2025-09-06T18:04:04.328+0000] {task_command.py:423} INFO - Running <TaskInstance: weather_etl_pipeline.save_weather_report scheduled__2025-09-05T00:00:00+00:00 [running]> on host 7de43d9571e0
[2025-09-06T18:04:04.381+0000] {taskinstance.py:2480} INFO - Exporting env vars: AIRFLOW_CTX_DAG_EMAIL='your-actual-email@gmail.com' AIRFLOW_CTX_DAG_OWNER='***' AIRFLOW_CTX_DAG_ID='weather_etl_pipeline' AIRFLOW_CTX_TASK_ID='save_weather_report' AIRFLOW_CTX_EXECUTION_DATE='2025-09-05T00:00:00+00:00' AIRFLOW_CTX_TRY_NUMBER='1' AIRFLOW_CTX_DAG_RUN_ID='scheduled__2025-09-05T00:00:00+00:00'
[2025-09-06T18:04:04.386+0000] {etlweather.py:134} INFO - Weather report saved to /opt/***/dags/output/weather_report_20250906_180404.html
[2025-09-06T18:04:04.386+0000] {etlweather.py:135} INFO - Weather data saved to /opt/***/dags/output/weather_data_20250906_180404.json
[2025-09-06T18:04:04.386+0000] {python.py:201} INFO - Done. Returned value was: ('/opt/***/dags/output/weather_report_20250906_180404.html', '/opt/***/dags/output/weather_data_20250906_180404.json')
[2025-09-06T18:04:04.398+0000] {taskinstance.py:1138} INFO - Marking task as SUCCESS. dag_id=weather_etl_pipeline, task_id=save_weather_report, execution_date=20250905T000000, start_date=20250906T180404, end_date=20250906T180404
[2025-09-06T18:04:04.412+0000] {local_task_job_runner.py:234} INFO - Task exited with return code 0
[2025-09-06T18:04:04.422+0000] {taskinstance.py:3280} INFO - 0 downstream tasks scheduled from follow-on schedule check
[2025-09-06T18:08:07.893+0000] {taskinstance.py:1956} INFO - Dependencies all met for dep_context=non-requeueable deps ti=<TaskInstance: weather_etl_pipeline.save_weather_report scheduled__2025-09-05T00:00:00+00:00 [queued]>
[2025-09-06T18:08:07.898+0000] {taskinstance.py:1956} INFO - Dependencies all met for dep_context=requeueable deps ti=<TaskInstance: weather_etl_pipeline.save_weather_report scheduled__2025-09-05T00:00:00+00:00 [queued]>
[2025-09-06T18:08:07.898+0000] {taskinstance.py:2170} INFO - Starting attempt 1 of 1
[2025-09-06T18:08:07.905+0000] {taskinstance.py:2191} INFO - Executing <Task(_PythonDecoratedOperator): save_weather_report> on 2025-09-05 00:00:00+00:00
[2025-09-06T18:08:07.908+0000] {standard_task_runner.py:60} INFO - Started process 176 to run task
[2025-09-06T18:08:07.916+0000] {standard_task_runner.py:87} INFO - Running: ['***', 'tasks', 'run', 'weather_etl_pipeline', 'save_weather_report', 'scheduled__2025-09-05T00:00:00+00:00', '--job-id', '6', '--raw', '--subdir', 'DAGS_FOLDER/etlweather.py', '--cfg-path', '/tmp/tmpqfe72_e2']
[2025-09-06T18:08:07.919+0000] {standard_task_runner.py:88} INFO - Job 6: Subtask save_weather_report
[2025-09-06T18:08:07.956+0000] {task_command.py:423} INFO - Running <TaskInstance: weather_etl_pipeline.save_weather_report scheduled__2025-09-05T00:00:00+00:00 [running]> on host 5dada7bfd45c
[2025-09-06T18:08:08.016+0000] {taskinstance.py:2480} INFO - Exporting env vars: AIRFLOW_CTX_DAG_EMAIL='jayashree.kammu@gmail.com' AIRFLOW_CTX_DAG_OWNER='***' AIRFLOW_CTX_DAG_ID='weather_etl_pipeline' AIRFLOW_CTX_TASK_ID='save_weather_report' AIRFLOW_CTX_EXECUTION_DATE='2025-09-05T00:00:00+00:00' AIRFLOW_CTX_TRY_NUMBER='1' AIRFLOW_CTX_DAG_RUN_ID='scheduled__2025-09-05T00:00:00+00:00'
[2025-09-06T18:08:08.025+0000] {etlweather.py:134} INFO - Weather report saved to /opt/***/dags/output/weather_report_20250906_180808.html
[2025-09-06T18:08:08.026+0000] {etlweather.py:135} INFO - Weather data saved to /opt/***/dags/output/weather_data_20250906_180808.json
[2025-09-06T18:08:08.026+0000] {python.py:201} INFO - Done. Returned value was: ('/opt/***/dags/output/weather_report_20250906_180808.html', '/opt/***/dags/output/weather_data_20250906_180808.json')
[2025-09-06T18:08:08.039+0000] {taskinstance.py:1138} INFO - Marking task as SUCCESS. dag_id=weather_etl_pipeline, task_id=save_weather_report, execution_date=20250905T000000, start_date=20250906T180807, end_date=20250906T180808
[2025-09-06T18:08:08.084+0000] {local_task_job_runner.py:234} INFO - Task exited with return code 0
[2025-09-06T18:08:08.095+0000] {taskinstance.py:3280} INFO - 0 downstream tasks scheduled from follow-on schedule check
