[2025-09-07T10:12:51.306+0000] {taskinstance.py:1956} INFO - Dependencies all met for dep_context=non-requeueable deps ti=<TaskInstance: weather_etl_pipeline.transform_weather_data scheduled__2025-09-06T00:00:00+00:00 [queued]>
[2025-09-07T10:12:51.310+0000] {taskinstance.py:1956} INFO - Dependencies all met for dep_context=requeueable deps ti=<TaskInstance: weather_etl_pipeline.transform_weather_data scheduled__2025-09-06T00:00:00+00:00 [queued]>
[2025-09-07T10:12:51.310+0000] {taskinstance.py:2170} INFO - Starting attempt 1 of 1
[2025-09-07T10:12:51.316+0000] {taskinstance.py:2191} INFO - Executing <Task(_PythonDecoratedOperator): transform_weather_data> on 2025-09-06 00:00:00+00:00
[2025-09-07T10:12:51.318+0000] {standard_task_runner.py:60} INFO - Started process 170 to run task
[2025-09-07T10:12:51.320+0000] {standard_task_runner.py:87} INFO - Running: ['***', 'tasks', 'run', 'weather_etl_pipeline', 'transform_weather_data', 'scheduled__2025-09-06T00:00:00+00:00', '--job-id', '3', '--raw', '--subdir', 'DAGS_FOLDER/etl_weather.py', '--cfg-path', '/tmp/tmpfyp7jgh6']
[2025-09-07T10:12:51.321+0000] {standard_task_runner.py:88} INFO - Job 3: Subtask transform_weather_data
[2025-09-07T10:12:51.351+0000] {task_command.py:423} INFO - Running <TaskInstance: weather_etl_pipeline.transform_weather_data scheduled__2025-09-06T00:00:00+00:00 [running]> on host 4a306cb34657
[2025-09-07T10:12:51.395+0000] {taskinstance.py:2480} INFO - Exporting env vars: AIRFLOW_CTX_DAG_EMAIL='jayashree.kammu@gmail.com' AIRFLOW_CTX_DAG_OWNER='***' AIRFLOW_CTX_DAG_ID='weather_etl_pipeline' AIRFLOW_CTX_TASK_ID='transform_weather_data' AIRFLOW_CTX_EXECUTION_DATE='2025-09-06T00:00:00+00:00' AIRFLOW_CTX_TRY_NUMBER='1' AIRFLOW_CTX_DAG_RUN_ID='scheduled__2025-09-06T00:00:00+00:00'
[2025-09-07T10:12:51.396+0000] {python.py:201} INFO - Done. Returned value was: {'latitude': '13.0827', 'longitude': '80.125', 'temperature': 34.8, 'windspeed': 7.1, 'winddirection': 285, 'weathercode': 3, 'timestamp': '2025-09-07 10:12:51'}
[2025-09-07T10:12:51.405+0000] {taskinstance.py:1138} INFO - Marking task as SUCCESS. dag_id=weather_etl_pipeline, task_id=transform_weather_data, execution_date=20250906T000000, start_date=20250907T101251, end_date=20250907T101251
[2025-09-07T10:12:51.413+0000] {local_task_job_runner.py:234} INFO - Task exited with return code 0
[2025-09-07T10:12:51.428+0000] {taskinstance.py:3280} INFO - 2 downstream tasks scheduled from follow-on schedule check
[2025-09-07T10:15:26.298+0000] {taskinstance.py:1956} INFO - Dependencies all met for dep_context=non-requeueable deps ti=<TaskInstance: weather_etl_pipeline.transform_weather_data scheduled__2025-09-06T00:00:00+00:00 [queued]>
[2025-09-07T10:15:26.303+0000] {taskinstance.py:1956} INFO - Dependencies all met for dep_context=requeueable deps ti=<TaskInstance: weather_etl_pipeline.transform_weather_data scheduled__2025-09-06T00:00:00+00:00 [queued]>
[2025-09-07T10:15:26.303+0000] {taskinstance.py:2170} INFO - Starting attempt 1 of 1
[2025-09-07T10:15:26.309+0000] {taskinstance.py:2191} INFO - Executing <Task(_PythonDecoratedOperator): transform_weather_data> on 2025-09-06 00:00:00+00:00
[2025-09-07T10:15:26.312+0000] {standard_task_runner.py:60} INFO - Started process 171 to run task
[2025-09-07T10:15:26.314+0000] {standard_task_runner.py:87} INFO - Running: ['***', 'tasks', 'run', 'weather_etl_pipeline', 'transform_weather_data', 'scheduled__2025-09-06T00:00:00+00:00', '--job-id', '3', '--raw', '--subdir', 'DAGS_FOLDER/etl_weather.py', '--cfg-path', '/tmp/tmp8yk4bqgd']
[2025-09-07T10:15:26.315+0000] {standard_task_runner.py:88} INFO - Job 3: Subtask transform_weather_data
[2025-09-07T10:15:26.344+0000] {task_command.py:423} INFO - Running <TaskInstance: weather_etl_pipeline.transform_weather_data scheduled__2025-09-06T00:00:00+00:00 [running]> on host 932159872a3a
[2025-09-07T10:15:26.385+0000] {taskinstance.py:2480} INFO - Exporting env vars: AIRFLOW_CTX_DAG_EMAIL='jayashree.kammu@gmail.com' AIRFLOW_CTX_DAG_OWNER='***' AIRFLOW_CTX_DAG_ID='weather_etl_pipeline' AIRFLOW_CTX_TASK_ID='transform_weather_data' AIRFLOW_CTX_EXECUTION_DATE='2025-09-06T00:00:00+00:00' AIRFLOW_CTX_TRY_NUMBER='1' AIRFLOW_CTX_DAG_RUN_ID='scheduled__2025-09-06T00:00:00+00:00'
[2025-09-07T10:15:26.386+0000] {python.py:201} INFO - Done. Returned value was: {'latitude': '13.0827', 'longitude': '80.125', 'temperature': 34.7, 'windspeed': 7.0, 'winddirection': 282, 'weathercode': 3, 'timestamp': '2025-09-07 10:15:26'}
[2025-09-07T10:15:26.395+0000] {taskinstance.py:1138} INFO - Marking task as SUCCESS. dag_id=weather_etl_pipeline, task_id=transform_weather_data, execution_date=20250906T000000, start_date=20250907T101526, end_date=20250907T101526
[2025-09-07T10:15:26.407+0000] {local_task_job_runner.py:234} INFO - Task exited with return code 0
[2025-09-07T10:15:26.421+0000] {taskinstance.py:3280} INFO - 2 downstream tasks scheduled from follow-on schedule check
[2025-09-07T10:21:43.383+0000] {taskinstance.py:1956} INFO - Dependencies all met for dep_context=non-requeueable deps ti=<TaskInstance: weather_etl_pipeline.transform_weather_data scheduled__2025-09-06T00:00:00+00:00 [queued]>
[2025-09-07T10:21:43.387+0000] {taskinstance.py:1956} INFO - Dependencies all met for dep_context=requeueable deps ti=<TaskInstance: weather_etl_pipeline.transform_weather_data scheduled__2025-09-06T00:00:00+00:00 [queued]>
[2025-09-07T10:21:43.387+0000] {taskinstance.py:2170} INFO - Starting attempt 1 of 1
[2025-09-07T10:21:43.393+0000] {taskinstance.py:2191} INFO - Executing <Task(_PythonDecoratedOperator): transform_weather_data> on 2025-09-06 00:00:00+00:00
[2025-09-07T10:21:43.395+0000] {standard_task_runner.py:60} INFO - Started process 171 to run task
[2025-09-07T10:21:43.397+0000] {standard_task_runner.py:87} INFO - Running: ['***', 'tasks', 'run', 'weather_etl_pipeline', 'transform_weather_data', 'scheduled__2025-09-06T00:00:00+00:00', '--job-id', '3', '--raw', '--subdir', 'DAGS_FOLDER/etl_weather.py', '--cfg-path', '/tmp/tmp_4hk0225']
[2025-09-07T10:21:43.398+0000] {standard_task_runner.py:88} INFO - Job 3: Subtask transform_weather_data
[2025-09-07T10:21:43.429+0000] {task_command.py:423} INFO - Running <TaskInstance: weather_etl_pipeline.transform_weather_data scheduled__2025-09-06T00:00:00+00:00 [running]> on host d3b02285c9c6
[2025-09-07T10:21:43.474+0000] {taskinstance.py:2480} INFO - Exporting env vars: AIRFLOW_CTX_DAG_EMAIL='jayashree.kammu@gmail.com' AIRFLOW_CTX_DAG_OWNER='***' AIRFLOW_CTX_DAG_ID='weather_etl_pipeline' AIRFLOW_CTX_TASK_ID='transform_weather_data' AIRFLOW_CTX_EXECUTION_DATE='2025-09-06T00:00:00+00:00' AIRFLOW_CTX_TRY_NUMBER='1' AIRFLOW_CTX_DAG_RUN_ID='scheduled__2025-09-06T00:00:00+00:00'
[2025-09-07T10:21:43.475+0000] {python.py:201} INFO - Done. Returned value was: {'latitude': '13.0827', 'longitude': '80.125', 'temperature': 34.7, 'windspeed': 7.0, 'winddirection': 282, 'weathercode': 3, 'timestamp': '2025-09-07 10:21:43'}
[2025-09-07T10:21:43.487+0000] {taskinstance.py:1138} INFO - Marking task as SUCCESS. dag_id=weather_etl_pipeline, task_id=transform_weather_data, execution_date=20250906T000000, start_date=20250907T102143, end_date=20250907T102143
[2025-09-07T10:21:43.530+0000] {local_task_job_runner.py:234} INFO - Task exited with return code 0
[2025-09-07T10:21:43.546+0000] {taskinstance.py:3280} INFO - 2 downstream tasks scheduled from follow-on schedule check
[2025-09-07T10:24:29.317+0000] {taskinstance.py:1956} INFO - Dependencies all met for dep_context=non-requeueable deps ti=<TaskInstance: weather_etl_pipeline.transform_weather_data scheduled__2025-09-06T00:00:00+00:00 [queued]>
[2025-09-07T10:24:29.321+0000] {taskinstance.py:1956} INFO - Dependencies all met for dep_context=requeueable deps ti=<TaskInstance: weather_etl_pipeline.transform_weather_data scheduled__2025-09-06T00:00:00+00:00 [queued]>
[2025-09-07T10:24:29.322+0000] {taskinstance.py:2170} INFO - Starting attempt 1 of 1
[2025-09-07T10:24:29.328+0000] {taskinstance.py:2191} INFO - Executing <Task(_PythonDecoratedOperator): transform_weather_data> on 2025-09-06 00:00:00+00:00
[2025-09-07T10:24:29.330+0000] {standard_task_runner.py:60} INFO - Started process 171 to run task
[2025-09-07T10:24:29.332+0000] {standard_task_runner.py:87} INFO - Running: ['***', 'tasks', 'run', 'weather_etl_pipeline', 'transform_weather_data', 'scheduled__2025-09-06T00:00:00+00:00', '--job-id', '3', '--raw', '--subdir', 'DAGS_FOLDER/etl_weather.py', '--cfg-path', '/tmp/tmptwd55z_h']
[2025-09-07T10:24:29.334+0000] {standard_task_runner.py:88} INFO - Job 3: Subtask transform_weather_data
[2025-09-07T10:24:29.365+0000] {task_command.py:423} INFO - Running <TaskInstance: weather_etl_pipeline.transform_weather_data scheduled__2025-09-06T00:00:00+00:00 [running]> on host bfcbbdc78486
[2025-09-07T10:24:29.411+0000] {taskinstance.py:2480} INFO - Exporting env vars: AIRFLOW_CTX_DAG_EMAIL='jayashree.kammu@gmail.com' AIRFLOW_CTX_DAG_OWNER='***' AIRFLOW_CTX_DAG_ID='weather_etl_pipeline' AIRFLOW_CTX_TASK_ID='transform_weather_data' AIRFLOW_CTX_EXECUTION_DATE='2025-09-06T00:00:00+00:00' AIRFLOW_CTX_TRY_NUMBER='1' AIRFLOW_CTX_DAG_RUN_ID='scheduled__2025-09-06T00:00:00+00:00'
[2025-09-07T10:24:29.412+0000] {python.py:201} INFO - Done. Returned value was: {'latitude': '13.0827', 'longitude': '80.125', 'temperature': 34.7, 'windspeed': 7.0, 'winddirection': 282, 'weathercode': 3, 'timestamp': '2025-09-07 10:24:29'}
[2025-09-07T10:24:29.421+0000] {taskinstance.py:1138} INFO - Marking task as SUCCESS. dag_id=weather_etl_pipeline, task_id=transform_weather_data, execution_date=20250906T000000, start_date=20250907T102429, end_date=20250907T102429
[2025-09-07T10:24:29.467+0000] {local_task_job_runner.py:234} INFO - Task exited with return code 0
[2025-09-07T10:24:29.482+0000] {taskinstance.py:3280} INFO - 2 downstream tasks scheduled from follow-on schedule check
